{
"src\\common\\commandExecutor.ts":{"path":"src\\common\\commandExecutor.ts","statementMap":{"1":{"start":{"line":4,"column":0},"end":{"line":4,"column":-1}},"2":{"start":{"line":7,"column":0},"end":{"line":7,"column":-1}},"3":{"start":{"line":8,"column":0},"end":{"line":8,"column":-1}},"4":{"start":{"line":10,"column":0},"end":{"line":10,"column":-1}},"5":{"start":{"line":11,"column":0},"end":{"line":11,"column":-1}},"6":{"start":{"line":12,"column":0},"end":{"line":12,"column":-1}},"7":{"start":{"line":13,"column":0},"end":{"line":13,"column":-1}},"8":{"start":{"line":14,"column":0},"end":{"line":14,"column":-1}},"9":{"start":{"line":16,"column":0},"end":{"line":16,"column":-1}},"10":{"start":{"line":17,"column":4},"end":{"line":17,"column":3}},"11":{"start":{"line":18,"column":4},"end":{"line":18,"column":3}},"12":{"start":{"line":19,"column":4},"end":{"line":19,"column":3}},"13":{"start":{"line":32,"column":0},"end":{"line":32,"column":-1}},"14":{"start":{"line":33,"column":4},"end":{"line":33,"column":3}},"15":{"start":{"line":34,"column":4},"end":{"line":34,"column":3}},"16":{"start":{"line":44,"column":16},"end":{"line":44,"column":15}},"17":{"start":{"line":45,"column":16},"end":{"line":45,"column":15}},"18":{"start":{"line":41,"column":12},"end":{"line":41,"column":11}},"19":{"start":{"line":49,"column":8},"end":{"line":49,"column":7}},"20":{"start":{"line":50,"column":8},"end":{"line":50,"column":7}},"21":{"start":{"line":52,"column":16},"end":{"line":52,"column":15}},"22":{"start":{"line":53,"column":16},"end":{"line":53,"column":15}},"23":{"start":{"line":56,"column":16},"end":{"line":50,"column":15}},"24":{"start":{"line":67,"column":8},"end":{"line":67,"column":7}},"25":{"start":{"line":74,"column":8},"end":{"line":74,"column":7}},"26":{"start":{"line":82,"column":8},"end":{"line":82,"column":7}},"27":{"start":{"line":83,"column":8},"end":{"line":83,"column":7}},"28":{"start":{"line":84,"column":8},"end":{"line":84,"column":7}},"29":{"start":{"line":86,"column":8},"end":{"line":86,"column":7}},"30":{"start":{"line":90,"column":8},"end":{"line":90,"column":7}},"31":{"start":{"line":91,"column":12},"end":{"line":91,"column":11}},"32":{"start":{"line":94,"column":8},"end":{"line":94,"column":7}},"33":{"start":{"line":95,"column":12},"end":{"line":95,"column":11}},"34":{"start":{"line":96,"column":12},"end":{"line":96,"column":11}},"35":{"start":{"line":99,"column":8},"end":{"line":99,"column":7}},"36":{"start":{"line":106,"column":8},"end":{"line":121,"column":9}},"37":{"start":{"line":107,"column":12},"end":{"line":107,"column":11}},"38":{"start":{"line":108,"column":16},"end":{"line":113,"column":17}},"39":{"start":{"line":109,"column":20},"end":{"line":109,"column":19}},"40":{"start":{"line":111,"column":20},"end":{"line":111,"column":19}},"41":{"start":{"line":112,"column":20},"end":{"line":112,"column":19}},"42":{"start":{"line":115,"column":16},"end":{"line":115,"column":15}},"43":{"start":{"line":119,"column":12},"end":{"line":119,"column":11}},"44":{"start":{"line":120,"column":12},"end":{"line":120,"column":11}},"45":{"start":{"line":128,"column":8},"end":{"line":128,"column":7}},"46":{"start":{"line":129,"column":8},"end":{"line":129,"column":7}},"47":{"start":{"line":140,"column":8},"end":{"line":140,"column":7}},"48":{"start":{"line":141,"column":8},"end":{"line":141,"column":7}},"49":{"start":{"line":142,"column":8},"end":{"line":142,"column":7}},"50":{"start":{"line":143,"column":8},"end":{"line":143,"column":7}},"51":{"start":{"line":144,"column":8},"end":{"line":144,"column":7}},"52":{"start":{"line":146,"column":8},"end":{"line":146,"column":7}},"53":{"start":{"line":147,"column":12},"end":{"line":147,"column":11}},"54":{"start":{"line":148,"column":12},"end":{"line":151,"column":13}},"55":{"start":{"line":149,"column":16},"end":{"line":149,"column":15}},"56":{"start":{"line":150,"column":16},"end":{"line":150,"column":15}},"57":{"start":{"line":154,"column":8},"end":{"line":156,"column":9}},"58":{"start":{"line":155,"column":12},"end":{"line":155,"column":11}},"59":{"start":{"line":158,"column":8},"end":{"line":158,"column":7}},"60":{"start":{"line":160,"column":8},"end":{"line":160,"column":7}},"61":{"start":{"line":161,"column":12},"end":{"line":165,"column":13}},"62":{"start":{"line":162,"column":16},"end":{"line":162,"column":15}},"63":{"start":{"line":163,"column":19},"end":{"line":165,"column":13}},"64":{"start":{"line":164,"column":16},"end":{"line":164,"column":15}},"65":{"start":{"line":168,"column":8},"end":{"line":168,"column":7}},"66":{"start":{"line":169,"column":12},"end":{"line":173,"column":13}},"67":{"start":{"line":170,"column":16},"end":{"line":170,"column":15}},"68":{"start":{"line":171,"column":19},"end":{"line":173,"column":13}},"69":{"start":{"line":172,"column":16},"end":{"line":172,"column":15}},"70":{"start":{"line":176,"column":8},"end":{"line":176,"column":7}},"71":{"start":{"line":178,"column":16},"end":{"line":180,"column":17}},"72":{"start":{"line":179,"column":20},"end":{"line":179,"column":19}},"73":{"start":{"line":181,"column":16},"end":{"line":181,"column":15}},"74":{"start":{"line":182,"column":16},"end":{"line":182,"column":15}},"75":{"start":{"line":185,"column":16},"end":{"line":185,"column":15}},"76":{"start":{"line":186,"column":16},"end":{"line":186,"column":15}},"77":{"start":{"line":188,"column":8},"end":{"line":188,"column":7}},"78":{"start":{"line":192,"column":8},"end":{"line":192,"column":7}},"79":{"start":{"line":193,"column":8},"end":{"line":193,"column":7}},"80":{"start":{"line":195,"column":8},"end":{"line":195,"column":7}},"81":{"start":{"line":196,"column":8},"end":{"line":196,"column":7}},"82":{"start":{"line":198,"column":8},"end":{"line":198,"column":7}},"83":{"start":{"line":199,"column":12},"end":{"line":199,"column":11}},"84":{"start":{"line":202,"column":8},"end":{"line":202,"column":7}},"85":{"start":{"line":203,"column":12},"end":{"line":203,"column":11}},"86":{"start":{"line":206,"column":8},"end":{"line":206,"column":7}},"87":{"start":{"line":208,"column":16},"end":{"line":206,"column":25}},"88":{"start":{"line":210,"column":16},"end":{"line":206,"column":25}},"89":{"start":{"line":211,"column":8},"end":{"line":211,"column":7}},"90":{"start":{"line":215,"column":8},"end":{"line":215,"column":7}},"91":{"start":{"line":219,"column":8},"end":{"line":219,"column":7}},"92":{"start":{"line":221,"column":16},"end":{"line":221,"column":15}},"93":{"start":{"line":223,"column":16},"end":{"line":223,"column":15}},"94":{"start":{"line":225,"column":16},"end":{"line":225,"column":15}},"95":{"start":{"line":39,"column":19},"end":{"line":39,"column":18}},"96":{"start":{"line":40,"column":19},"end":{"line":40,"column":18}},"97":{"start":{"line":37,"column":0},"end":{"line":37,"column":-1}}},"fnMap":{"1":{"name":"(anonymous_1)","line":16,"loc":{"start":{"line":16,"column":0},"end":{"line":16,"column":28}}},"2":{"name":"(anonymous_2)","line":32,"loc":{"start":{"line":32,"column":0},"end":{"line":32,"column":25}}},"3":{"name":"(anonymous_3)","line":43,"loc":{"start":{"line":43,"column":4},"end":{"line":45,"column":50}}},"4":{"name":"(anonymous_4)","line":48,"loc":{"start":{"line":48,"column":11},"end":{"line":48,"column":57}}},"5":{"name":"(anonymous_5)","line":66,"loc":{"start":{"line":66,"column":11},"end":{"line":66,"column":71}}},"6":{"name":"(anonymous_6)","line":73,"loc":{"start":{"line":73,"column":11},"end":{"line":73,"column":67}}},"7":{"name":"(anonymous_7)","line":81,"loc":{"start":{"line":81,"column":11},"end":{"line":81,"column":32}}},"8":{"name":"(anonymous_8)","line":105,"loc":{"start":{"line":105,"column":11},"end":{"line":105,"column":59}}},"9":{"name":"(anonymous_9)","line":127,"loc":{"start":{"line":127,"column":11},"end":{"line":127,"column":88}}},"10":{"name":"(anonymous_10)","line":139,"loc":{"start":{"line":139,"column":11},"end":{"line":139,"column":119}}},"11":{"name":"(anonymous_11)","line":191,"loc":{"start":{"line":191,"column":12},"end":{"line":191,"column":84}}},"12":{"name":"(anonymous_12)","line":214,"loc":{"start":{"line":214,"column":12},"end":{"line":214,"column":68}}},"13":{"name":"(anonymous_13)","line":218,"loc":{"start":{"line":218,"column":12},"end":{"line":218,"column":80}}}},"branchMap":{"1":{"line":16,"type":"binary-expr","locations":[{"start":{"line":16,"column":12},"end":{"line":16,"column":11}},{"start":{"line":16,"column":12},"end":{"line":16,"column":11}}]},"2":{"line":32,"type":"binary-expr","locations":[{"start":{"line":32,"column":12},"end":{"line":32,"column":11}},{"start":{"line":32,"column":12},"end":{"line":32,"column":11}}]},"3":{"line":96,"type":"binary-expr","locations":[{"start":{"line":96,"column":29},"end":{"line":96,"column":28}},{"start":{"line":96,"column":38},"end":{"line":96,"column":29}},{"start":{"line":96,"column":50},"end":{"line":96,"column":12}}]},"4":{"line":106,"type":"if","locations":[{"start":{"line":106,"column":8},"end":{"line":106,"column":7}},{"start":{"line":106,"column":8},"end":{"line":106,"column":7}}]},"5":{"line":108,"type":"if","locations":[{"start":{"line":108,"column":16},"end":{"line":108,"column":15}},{"start":{"line":108,"column":16},"end":{"line":108,"column":15}}]},"6":{"line":148,"type":"if","locations":[{"start":{"line":148,"column":12},"end":{"line":148,"column":11}},{"start":{"line":148,"column":12},"end":{"line":148,"column":11}}]},"7":{"line":154,"type":"if","locations":[{"start":{"line":154,"column":8},"end":{"line":154,"column":7}},{"start":{"line":154,"column":8},"end":{"line":154,"column":7}}]},"8":{"line":161,"type":"if","locations":[{"start":{"line":161,"column":12},"end":{"line":161,"column":11}},{"start":{"line":161,"column":12},"end":{"line":161,"column":11}}]},"9":{"line":163,"type":"if","locations":[{"start":{"line":163,"column":19},"end":{"line":163,"column":18}},{"start":{"line":163,"column":19},"end":{"line":163,"column":18}}]},"10":{"line":169,"type":"if","locations":[{"start":{"line":169,"column":12},"end":{"line":169,"column":11}},{"start":{"line":169,"column":12},"end":{"line":169,"column":11}}]},"11":{"line":171,"type":"if","locations":[{"start":{"line":171,"column":19},"end":{"line":171,"column":18}},{"start":{"line":171,"column":19},"end":{"line":171,"column":18}}]},"12":{"line":178,"type":"if","locations":[{"start":{"line":178,"column":16},"end":{"line":178,"column":15}},{"start":{"line":178,"column":16},"end":{"line":178,"column":15}}]},"13":{"line":220,"type":"switch","locations":[{"start":{"line":220,"column":12},"end":{"line":221,"column":16}},{"start":{"line":222,"column":12},"end":{"line":223,"column":16}},{"start":{"line":224,"column":12},"end":{"line":225,"column":16}}]}},"s":{"1":0,"2":0,"3":0,"4":0,"5":0,"6":0,"7":0,"8":0,"9":0,"10":0,"11":0,"12":0,"13":0,"14":0,"15":0,"16":0,"17":0,"18":0,"19":0,"20":0,"21":0,"22":0,"23":0,"24":0,"25":0,"26":0,"27":0,"28":0,"29":0,"30":0,"31":0,"32":0,"33":0,"34":0,"35":0,"36":0,"37":0,"38":0,"39":0,"40":0,"41":0,"42":0,"43":0,"44":0,"45":0,"46":0,"47":0,"48":0,"49":0,"50":0,"51":0,"52":0,"53":0,"54":0,"55":0,"56":0,"57":0,"58":0,"59":0,"60":0,"61":0,"62":0,"63":0,"64":0,"65":0,"66":0,"67":0,"68":0,"69":0,"70":0,"71":0,"72":0,"73":0,"74":0,"75":0,"76":0,"77":0,"78":0,"79":0,"80":0,"81":0,"82":0,"83":0,"84":0,"85":0,"86":0,"87":0,"88":0,"89":0,"90":0,"91":0,"92":0,"93":0,"94":0,"95":0,"96":0,"97":0},"b":{"1":[0,0],"2":[0,0],"3":[0,0,0],"4":[0,0],"5":[0,0],"6":[0,0],"7":[0,0],"8":[0,0],"9":[0,0],"10":[0,0],"11":[0,0],"12":[0,0],"13":[0,0,0]},"f":{"1":0,"2":0,"3":0,"4":0,"5":0,"6":0,"7":0,"8":0,"9":0,"10":0,"11":0,"12":0,"13":0},"l":{"4":0,"7":0,"8":0,"10":0,"11":0,"12":0,"13":0,"14":0,"16":0,"17":0,"18":0,"19":0,"32":0,"33":0,"34":0,"37":0,"39":0,"40":0,"41":0,"44":0,"45":0,"49":0,"50":0,"52":0,"53":0,"56":0,"67":0,"74":0,"82":0,"83":0,"84":0,"86":0,"90":0,"91":0,"94":0,"95":0,"96":0,"99":0,"106":0,"107":0,"108":0,"109":0,"111":0,"112":0,"115":0,"119":0,"120":0,"128":0,"129":0,"140":0,"141":0,"142":0,"143":0,"144":0,"146":0,"147":0,"148":0,"149":0,"150":0,"154":0,"155":0,"158":0,"160":0,"161":0,"162":0,"163":0,"164":0,"168":0,"169":0,"170":0,"171":0,"172":0,"176":0,"178":0,"179":0,"181":0,"182":0,"185":0,"186":0,"188":0,"192":0,"193":0,"195":0,"196":0,"198":0,"199":0,"202":0,"203":0,"206":0,"208":0,"210":0,"211":0,"215":0,"219":0,"221":0,"223":0,"225":0}},
"src\\common\\configurationReader.ts":{"path":"src\\common\\configurationReader.ts","statementMap":{"1":{"start":{"line":4,"column":0},"end":{"line":4,"column":-1}},"2":{"start":{"line":5,"column":0},"end":{"line":5,"column":-1}},"3":{"start":{"line":9,"column":8},"end":{"line":13,"column":9}},"4":{"start":{"line":10,"column":12},"end":{"line":10,"column":11}},"5":{"start":{"line":12,"column":12},"end":{"line":12,"column":11}},"6":{"start":{"line":17,"column":8},"end":{"line":23,"column":9}},"7":{"start":{"line":18,"column":12},"end":{"line":18,"column":11}},"8":{"start":{"line":19,"column":15},"end":{"line":23,"column":9}},"9":{"start":{"line":20,"column":12},"end":{"line":20,"column":11}},"10":{"start":{"line":22,"column":12},"end":{"line":22,"column":11}},"11":{"start":{"line":27,"column":8},"end":{"line":31,"column":9}},"12":{"start":{"line":28,"column":12},"end":{"line":28,"column":11}},"13":{"start":{"line":30,"column":12},"end":{"line":30,"column":11}},"14":{"start":{"line":35,"column":8},"end":{"line":39,"column":9}},"15":{"start":{"line":36,"column":12},"end":{"line":36,"column":11}},"16":{"start":{"line":38,"column":12},"end":{"line":38,"column":11}},"17":{"start":{"line":44,"column":8},"end":{"line":50,"column":9}},"18":{"start":{"line":45,"column":12},"end":{"line":45,"column":11}},"19":{"start":{"line":46,"column":15},"end":{"line":50,"column":9}},"20":{"start":{"line":47,"column":12},"end":{"line":47,"column":11}},"21":{"start":{"line":49,"column":12},"end":{"line":49,"column":11}},"22":{"start":{"line":57,"column":8},"end":{"line":57,"column":7}},"23":{"start":{"line":61,"column":8},"end":{"line":61,"column":7}},"24":{"start":{"line":62,"column":12},"end":{"line":62,"column":11}},"25":{"start":{"line":67,"column":8},"end":{"line":67,"column":7}},"26":{"start":{"line":71,"column":8},"end":{"line":71,"column":7}},"27":{"start":{"line":75,"column":8},"end":{"line":75,"column":7}},"28":{"start":{"line":79,"column":8},"end":{"line":79,"column":7}},"29":{"start":{"line":83,"column":8},"end":{"line":83,"column":7}},"30":{"start":{"line":87,"column":8},"end":{"line":87,"column":7}},"31":{"start":{"line":7,"column":0},"end":{"line":7,"column":-1}}},"fnMap":{"1":{"name":"(anonymous_1)","line":8,"loc":{"start":{"line":8,"column":11},"end":{"line":8,"column":39}}},"2":{"name":"(anonymous_2)","line":16,"loc":{"start":{"line":16,"column":11},"end":{"line":16,"column":40}}},"3":{"name":"(anonymous_3)","line":26,"loc":{"start":{"line":26,"column":11},"end":{"line":26,"column":38}}},"4":{"name":"(anonymous_4)","line":34,"loc":{"start":{"line":34,"column":11},"end":{"line":34,"column":39}}},"5":{"name":"(anonymous_5)","line":43,"loc":{"start":{"line":43,"column":11},"end":{"line":43,"column":36}}},"6":{"name":"(anonymous_6)","line":56,"loc":{"start":{"line":56,"column":11},"end":{"line":56,"column":73}}},"7":{"name":"(anonymous_7)","line":60,"loc":{"start":{"line":60,"column":11},"end":{"line":60,"column":92}}},"8":{"name":"(anonymous_8)","line":66,"loc":{"start":{"line":66,"column":12},"end":{"line":66,"column":37}}},"9":{"name":"(anonymous_9)","line":70,"loc":{"start":{"line":70,"column":12},"end":{"line":70,"column":38}}},"10":{"name":"(anonymous_10)","line":74,"loc":{"start":{"line":74,"column":12},"end":{"line":74,"column":38}}},"11":{"name":"(anonymous_11)","line":78,"loc":{"start":{"line":78,"column":12},"end":{"line":78,"column":39}}},"12":{"name":"(anonymous_12)","line":82,"loc":{"start":{"line":82,"column":12},"end":{"line":82,"column":35}}},"13":{"name":"(anonymous_13)","line":86,"loc":{"start":{"line":86,"column":12},"end":{"line":86,"column":38}}}},"branchMap":{"1":{"line":9,"type":"if","locations":[{"start":{"line":9,"column":8},"end":{"line":9,"column":7}},{"start":{"line":9,"column":8},"end":{"line":9,"column":7}}]},"2":{"line":17,"type":"if","locations":[{"start":{"line":17,"column":8},"end":{"line":17,"column":7}},{"start":{"line":17,"column":8},"end":{"line":17,"column":7}}]},"3":{"line":19,"type":"if","locations":[{"start":{"line":19,"column":15},"end":{"line":19,"column":14}},{"start":{"line":19,"column":15},"end":{"line":19,"column":14}}]},"4":{"line":19,"type":"binary-expr","locations":[{"start":{"line":19,"column":19},"end":{"line":19,"column":18}},{"start":{"line":19,"column":39},"end":{"line":19,"column":15}}]},"5":{"line":27,"type":"if","locations":[{"start":{"line":27,"column":8},"end":{"line":27,"column":7}},{"start":{"line":27,"column":8},"end":{"line":27,"column":7}}]},"6":{"line":35,"type":"if","locations":[{"start":{"line":35,"column":8},"end":{"line":35,"column":7}},{"start":{"line":35,"column":8},"end":{"line":35,"column":7}}]},"7":{"line":44,"type":"if","locations":[{"start":{"line":44,"column":8},"end":{"line":44,"column":7}},{"start":{"line":44,"column":8},"end":{"line":44,"column":7}}]},"8":{"line":46,"type":"if","locations":[{"start":{"line":46,"column":15},"end":{"line":46,"column":14}},{"start":{"line":46,"column":15},"end":{"line":46,"column":14}}]},"9":{"line":57,"type":"cond-expr","locations":[{"start":{"line":57,"column":23},"end":{"line":57,"column":15}},{"start":{"line":57,"column":45},"end":{"line":57,"column":8}}]},"10":{"line":71,"type":"binary-expr","locations":[{"start":{"line":71,"column":15},"end":{"line":71,"column":14}},{"start":{"line":71,"column":44},"end":{"line":71,"column":8}}]},"11":{"line":83,"type":"binary-expr","locations":[{"start":{"line":83,"column":15},"end":{"line":83,"column":14}},{"start":{"line":83,"column":39},"end":{"line":83,"column":8}}]}},"s":{"1":0,"2":0,"3":0,"4":0,"5":0,"6":0,"7":0,"8":0,"9":0,"10":0,"11":0,"12":0,"13":0,"14":0,"15":0,"16":0,"17":0,"18":0,"19":0,"20":0,"21":0,"22":0,"23":0,"24":0,"25":0,"26":0,"27":0,"28":0,"29":0,"30":0,"31":0},"b":{"1":[0,0],"2":[0,0],"3":[0,0],"4":[0,0],"5":[0,0],"6":[0,0],"7":[0,0],"8":[0,0],"9":[0,0],"10":[0,0],"11":[0,0]},"f":{"1":0,"2":0,"3":0,"4":0,"5":0,"6":0,"7":0,"8":0,"9":0,"10":0,"11":0,"12":0,"13":0},"l":{"4":0,"5":0,"7":0,"9":0,"10":0,"12":0,"17":0,"18":0,"19":0,"20":0,"22":0,"27":0,"28":0,"30":0,"35":0,"36":0,"38":0,"44":0,"45":0,"46":0,"47":0,"49":0,"57":0,"61":0,"62":0,"67":0,"71":0,"75":0,"79":0,"83":0,"87":0}},
"src\\common\\entryPointHandler.ts":{"path":"src\\common\\entryPointHandler.ts","statementMap":{"1":{"start":{"line":4,"column":0},"end":{"line":4,"column":-1}},"2":{"start":{"line":6,"column":0},"end":{"line":6,"column":-1}},"3":{"start":{"line":8,"column":0},"end":{"line":8,"column":-1}},"4":{"start":{"line":9,"column":0},"end":{"line":9,"column":-1}},"5":{"start":{"line":13,"column":0},"end":{"line":13,"column":-1}},"6":{"start":{"line":14,"column":4},"end":{"line":14,"column":3}},"7":{"start":{"line":15,"column":4},"end":{"line":15,"column":3}},"8":{"start":{"line":16,"column":4},"end":{"line":16,"column":3}},"9":{"start":{"line":23,"column":50},"end":{"line":23,"column":49}},"10":{"start":{"line":25,"column":8},"end":{"line":25,"column":7}},"11":{"start":{"line":30,"column":8},"end":{"line":30,"column":7}},"12":{"start":{"line":34,"column":8},"end":{"line":34,"column":7}},"13":{"start":{"line":39,"column":8},"end":{"line":45,"column":9}},"14":{"start":{"line":40,"column":12},"end":{"line":40,"column":11}},"15":{"start":{"line":41,"column":12},"end":{"line":41,"column":11}},"16":{"start":{"line":43,"column":12},"end":{"line":43,"column":11}},"17":{"start":{"line":44,"column":12},"end":{"line":44,"column":11}},"18":{"start":{"line":49,"column":8},"end":{"line":49,"column":7}},"19":{"start":{"line":50,"column":12},"end":{"line":50,"column":11}},"20":{"start":{"line":51,"column":12},"end":{"line":51,"column":11}},"21":{"start":{"line":52,"column":12},"end":{"line":52,"column":11}},"22":{"start":{"line":55,"column":12},"end":{"line":61,"column":13}},"23":{"start":{"line":56,"column":16},"end":{"line":60,"column":17}},"24":{"start":{"line":57,"column":20},"end":{"line":57,"column":19}},"25":{"start":{"line":59,"column":20},"end":{"line":59,"column":19}},"26":{"start":{"line":64,"column":8},"end":{"line":64,"column":7}},"27":{"start":{"line":20,"column":0},"end":{"line":20,"column":-1}}},"fnMap":{"1":{"name":"(anonymous_1)","line":13,"loc":{"start":{"line":13,"column":0},"end":{"line":13,"column":23}}},"2":{"name":"(anonymous_2)","line":23,"loc":{"start":{"line":23,"column":4},"end":{"line":23,"column":87}}},"3":{"name":"(anonymous_3)","line":29,"loc":{"start":{"line":29,"column":11},"end":{"line":29,"column":204}}},"4":{"name":"(anonymous_4)","line":33,"loc":{"start":{"line":33,"column":11},"end":{"line":33,"column":212}}},"5":{"name":"(anonymous_5)","line":38,"loc":{"start":{"line":38,"column":11},"end":{"line":38,"column":196}}},"6":{"name":"(anonymous_6)","line":48,"loc":{"start":{"line":48,"column":12},"end":{"line":48,"column":101}}}},"branchMap":{"1":{"line":13,"type":"binary-expr","locations":[{"start":{"line":13,"column":12},"end":{"line":13,"column":11}},{"start":{"line":13,"column":12},"end":{"line":13,"column":11}}]},"2":{"line":30,"type":"binary-expr","locations":[{"start":{"line":30,"column":51},"end":{"line":30,"column":50}},{"start":{"line":30,"column":63},"end":{"line":30,"column":15}}]},"3":{"line":51,"type":"binary-expr","locations":[{"start":{"line":51,"column":35},"end":{"line":51,"column":34}},{"start":{"line":51,"column":54},"end":{"line":51,"column":12}}]},"4":{"line":55,"type":"if","locations":[{"start":{"line":55,"column":12},"end":{"line":55,"column":11}},{"start":{"line":55,"column":12},"end":{"line":55,"column":11}}]},"5":{"line":56,"type":"if","locations":[{"start":{"line":56,"column":16},"end":{"line":56,"column":15}},{"start":{"line":56,"column":16},"end":{"line":56,"column":15}}]}},"s":{"1":0,"2":0,"3":0,"4":0,"5":0,"6":0,"7":0,"8":0,"9":0,"10":0,"11":0,"12":0,"13":0,"14":0,"15":0,"16":0,"17":0,"18":0,"19":0,"20":0,"21":0,"22":0,"23":0,"24":0,"25":0,"26":0,"27":0},"b":{"1":[0,0],"2":[0,0],"3":[0,0],"4":[0,0],"5":[0,0]},"f":{"1":0,"2":0,"3":0,"4":0,"5":0,"6":0},"l":{"4":0,"6":0,"8":0,"9":0,"13":0,"14":0,"15":0,"16":0,"20":0,"23":0,"25":0,"30":0,"34":0,"39":0,"40":0,"41":0,"43":0,"44":0,"49":0,"50":0,"51":0,"52":0,"55":0,"56":0,"57":0,"59":0,"64":0}},
"src\\common\\executionsLimiter.ts":{"path":"src\\common\\executionsLimiter.ts","statementMap":{"1":{"start":{"line":6,"column":12},"end":{"line":6,"column":11}},"2":{"start":{"line":9,"column":8},"end":{"line":9,"column":7}},"3":{"start":{"line":11,"column":8},"end":{"line":11,"column":7}},"4":{"start":{"line":12,"column":8},"end":{"line":15,"column":9}},"5":{"start":{"line":13,"column":12},"end":{"line":13,"column":11}},"6":{"start":{"line":14,"column":12},"end":{"line":14,"column":11}},"7":{"start":{"line":5,"column":0},"end":{"line":5,"column":-1}},"8":{"start":{"line":25,"column":8},"end":{"line":25,"column":7}},"9":{"start":{"line":29,"column":8},"end":{"line":31,"column":9}},"10":{"start":{"line":30,"column":12},"end":{"line":30,"column":11}},"11":{"start":{"line":35,"column":8},"end":{"line":35,"column":7}},"12":{"start":{"line":20,"column":19},"end":{"line":20,"column":18}},"13":{"start":{"line":19,"column":0},"end":{"line":19,"column":-1}}},"fnMap":{"1":{"name":"(anonymous_1)","line":5,"loc":{"start":{"line":5,"column":0},"end":{"line":null,"column":-1}}},"2":{"name":"(anonymous_2)","line":8,"loc":{"start":{"line":8,"column":11},"end":{"line":8,"column":73}}},"3":{"name":"(anonymous_3)","line":24,"loc":{"start":{"line":24,"column":4},"end":{"line":24,"column":38}}},"4":{"name":"(anonymous_4)","line":28,"loc":{"start":{"line":28,"column":11},"end":{"line":28,"column":37}}},"5":{"name":"(anonymous_5)","line":34,"loc":{"start":{"line":34,"column":12},"end":{"line":34,"column":15}}}},"branchMap":{"1":{"line":11,"type":"binary-expr","locations":[{"start":{"line":11,"column":30},"end":{"line":11,"column":29}},{"start":{"line":11,"column":67},"end":{"line":11,"column":8}}]},"2":{"line":12,"type":"if","locations":[{"start":{"line":12,"column":8},"end":{"line":12,"column":7}},{"start":{"line":12,"column":8},"end":{"line":12,"column":7}}]},"3":{"line":29,"type":"if","locations":[{"start":{"line":29,"column":8},"end":{"line":29,"column":7}},{"start":{"line":29,"column":8},"end":{"line":29,"column":7}}]}},"s":{"1":0,"2":0,"3":0,"4":0,"5":0,"6":0,"7":0,"8":0,"9":0,"10":0,"11":0,"12":0,"13":0},"b":{"1":[0,0],"2":[0,0],"3":[0,0]},"f":{"1":0,"2":0,"3":0,"4":0,"5":0},"l":{"5":0,"6":0,"9":0,"11":0,"12":0,"13":0,"14":0,"19":0,"20":0,"25":0,"29":0,"30":0,"35":0}},
"src\\common\\extensionMessaging.ts":{"path":"src\\common\\extensionMessaging.ts","statementMap":{"1":{"start":{"line":4,"column":0},"end":{"line":4,"column":-1}},"2":{"start":{"line":5,"column":0},"end":{"line":5,"column":-1}},"3":{"start":{"line":12,"column":8},"end":{"line":12,"column":7}},"4":{"start":{"line":13,"column":8},"end":{"line":13,"column":7}},"5":{"start":{"line":14,"column":8},"end":{"line":14,"column":7}},"6":{"start":{"line":15,"column":8},"end":{"line":15,"column":7}},"7":{"start":{"line":16,"column":8},"end":{"line":16,"column":7}},"8":{"start":{"line":7,"column":0},"end":{"line":7,"column":-1}}},"fnMap":{"1":{"name":"(anonymous_1)","line":8,"loc":{"start":{"line":8,"column":11},"end":{"line":8,"column":49}}}},"branchMap":{},"s":{"1":0,"2":0,"3":0,"4":0,"5":0,"6":0,"7":0,"8":0},"b":{},"f":{"1":0},"l":{"4":0,"5":0,"7":0,"12":0,"13":0,"14":0,"15":0,"16":0}},
"src\\common\\hostPlatform.ts":{"path":"src\\common\\hostPlatform.ts","statementMap":{"1":{"start":{"line":4,"column":0},"end":{"line":4,"column":-1}},"2":{"start":{"line":5,"column":0},"end":{"line":5,"column":-1}},"3":{"start":{"line":6,"column":0},"end":{"line":6,"column":-1}},"4":{"start":{"line":26,"column":0},"end":{"line":26,"column":-1}},"5":{"start":{"line":27,"column":4},"end":{"line":27,"column":3}},"6":{"start":{"line":28,"column":4},"end":{"line":28,"column":3}},"7":{"start":{"line":29,"column":4},"end":{"line":29,"column":3}},"8":{"start":{"line":37,"column":8},"end":{"line":37,"column":7}},"9":{"start":{"line":41,"column":8},"end":{"line":41,"column":7}},"10":{"start":{"line":45,"column":8},"end":{"line":45,"column":7}},"11":{"start":{"line":49,"column":8},"end":{"line":49,"column":7}},"12":{"start":{"line":53,"column":8},"end":{"line":53,"column":7}},"13":{"start":{"line":57,"column":8},"end":{"line":57,"column":7}},"14":{"start":{"line":61,"column":8},"end":{"line":61,"column":7}},"15":{"start":{"line":65,"column":8},"end":{"line":65,"column":7}},"16":{"start":{"line":69,"column":16},"end":{"line":69,"column":15}},"17":{"start":{"line":71,"column":16},"end":{"line":71,"column":15}},"18":{"start":{"line":78,"column":8},"end":{"line":78,"column":7}},"19":{"start":{"line":84,"column":8},"end":{"line":84,"column":7}},"20":{"start":{"line":88,"column":8},"end":{"line":88,"column":7}},"21":{"start":{"line":92,"column":8},"end":{"line":92,"column":7}},"22":{"start":{"line":107,"column":8},"end":{"line":107,"column":7}},"23":{"start":{"line":111,"column":8},"end":{"line":111,"column":7}},"24":{"start":{"line":115,"column":8},"end":{"line":115,"column":7}},"25":{"start":{"line":119,"column":8},"end":{"line":119,"column":7}},"26":{"start":{"line":123,"column":16},"end":{"line":123,"column":15}},"27":{"start":{"line":125,"column":16},"end":{"line":125,"column":15}},"28":{"start":{"line":135,"column":8},"end":{"line":135,"column":7}},"29":{"start":{"line":139,"column":8},"end":{"line":139,"column":7}},"30":{"start":{"line":143,"column":8},"end":{"line":143,"column":7}},"31":{"start":{"line":147,"column":8},"end":{"line":147,"column":7}},"32":{"start":{"line":150,"column":16},"end":{"line":150,"column":15}},"33":{"start":{"line":152,"column":16},"end":{"line":152,"column":15}},"34":{"start":{"line":168,"column":8},"end":{"line":183,"column":9}},"35":{"start":{"line":169,"column":12},"end":{"line":169,"column":11}},"36":{"start":{"line":171,"column":20},"end":{"line":171,"column":19}},"37":{"start":{"line":172,"column":20},"end":{"line":172,"column":19}},"38":{"start":{"line":174,"column":20},"end":{"line":174,"column":19}},"39":{"start":{"line":175,"column":20},"end":{"line":175,"column":19}},"40":{"start":{"line":177,"column":20},"end":{"line":177,"column":19}},"41":{"start":{"line":178,"column":20},"end":{"line":178,"column":19}},"42":{"start":{"line":180,"column":20},"end":{"line":180,"column":19}},"43":{"start":{"line":181,"column":20},"end":{"line":181,"column":19}},"44":{"start":{"line":185,"column":8},"end":{"line":185,"column":7}},"45":{"start":{"line":189,"column":8},"end":{"line":189,"column":7}},"46":{"start":{"line":193,"column":8},"end":{"line":193,"column":7}},"47":{"start":{"line":197,"column":8},"end":{"line":197,"column":7}},"48":{"start":{"line":201,"column":8},"end":{"line":201,"column":7}},"49":{"start":{"line":205,"column":8},"end":{"line":205,"column":7}},"50":{"start":{"line":209,"column":8},"end":{"line":209,"column":7}},"51":{"start":{"line":214,"column":8},"end":{"line":214,"column":7}},"52":{"start":{"line":218,"column":8},"end":{"line":218,"column":7}},"53":{"start":{"line":160,"column":0},"end":{"line":160,"column":-1}}},"fnMap":{"1":{"name":"(anonymous_1)","line":26,"loc":{"start":{"line":26,"column":0},"end":{"line":26,"column":26}}},"2":{"name":"(anonymous_2)","line":36,"loc":{"start":{"line":36,"column":11},"end":{"line":36,"column":26}}},"3":{"name":"(anonymous_3)","line":40,"loc":{"start":{"line":40,"column":11},"end":{"line":40,"column":61}}},"4":{"name":"(anonymous_4)","line":44,"loc":{"start":{"line":44,"column":11},"end":{"line":44,"column":26}}},"5":{"name":"(anonymous_5)","line":48,"loc":{"start":{"line":48,"column":11},"end":{"line":48,"column":43}}},"6":{"name":"(anonymous_6)","line":52,"loc":{"start":{"line":52,"column":11},"end":{"line":52,"column":39}}},"7":{"name":"(anonymous_7)","line":56,"loc":{"start":{"line":56,"column":11},"end":{"line":56,"column":24}}},"8":{"name":"(anonymous_8)","line":60,"loc":{"start":{"line":60,"column":11},"end":{"line":60,"column":20}}},"9":{"name":"(anonymous_9)","line":64,"loc":{"start":{"line":64,"column":11},"end":{"line":64,"column":68}}},"10":{"name":"(anonymous_10)","line":77,"loc":{"start":{"line":77,"column":11},"end":{"line":77,"column":26}}},"11":{"name":"(anonymous_11)","line":83,"loc":{"start":{"line":83,"column":11},"end":{"line":83,"column":26}}},"12":{"name":"(anonymous_12)","line":87,"loc":{"start":{"line":87,"column":11},"end":{"line":87,"column":47}}},"13":{"name":"(anonymous_13)","line":91,"loc":{"start":{"line":91,"column":11},"end":{"line":91,"column":39}}},"14":{"name":"(anonymous_14)","line":106,"loc":{"start":{"line":106,"column":11},"end":{"line":106,"column":61}}},"15":{"name":"(anonymous_15)","line":110,"loc":{"start":{"line":110,"column":11},"end":{"line":110,"column":24}}},"16":{"name":"(anonymous_16)","line":114,"loc":{"start":{"line":114,"column":11},"end":{"line":114,"column":20}}},"17":{"name":"(anonymous_17)","line":118,"loc":{"start":{"line":118,"column":11},"end":{"line":118,"column":68}}},"18":{"name":"(anonymous_18)","line":134,"loc":{"start":{"line":134,"column":11},"end":{"line":134,"column":61}}},"19":{"name":"(anonymous_19)","line":138,"loc":{"start":{"line":138,"column":11},"end":{"line":138,"column":24}}},"20":{"name":"(anonymous_20)","line":142,"loc":{"start":{"line":142,"column":11},"end":{"line":142,"column":20}}},"21":{"name":"(anonymous_21)","line":146,"loc":{"start":{"line":146,"column":11},"end":{"line":146,"column":68}}},"22":{"name":"(anonymous_22)","line":167,"loc":{"start":{"line":167,"column":12},"end":{"line":167,"column":31}}},"23":{"name":"(anonymous_23)","line":188,"loc":{"start":{"line":188,"column":11},"end":{"line":188,"column":33}}},"24":{"name":"(anonymous_24)","line":192,"loc":{"start":{"line":192,"column":11},"end":{"line":192,"column":33}}},"25":{"name":"(anonymous_25)","line":196,"loc":{"start":{"line":196,"column":11},"end":{"line":196,"column":54}}},"26":{"name":"(anonymous_26)","line":200,"loc":{"start":{"line":200,"column":11},"end":{"line":200,"column":46}}},"27":{"name":"(anonymous_27)","line":204,"loc":{"start":{"line":204,"column":11},"end":{"line":204,"column":31}}},"28":{"name":"(anonymous_28)","line":208,"loc":{"start":{"line":208,"column":11},"end":{"line":208,"column":68}}},"29":{"name":"(anonymous_29)","line":213,"loc":{"start":{"line":213,"column":11},"end":{"line":213,"column":27}}},"30":{"name":"(anonymous_30)","line":217,"loc":{"start":{"line":217,"column":11},"end":{"line":217,"column":75}}}},"branchMap":{"1":{"line":26,"type":"binary-expr","locations":[{"start":{"line":26,"column":12},"end":{"line":26,"column":11}},{"start":{"line":26,"column":12},"end":{"line":26,"column":11}}]},"2":{"line":37,"type":"binary-expr","locations":[{"start":{"line":37,"column":15},"end":{"line":37,"column":14}},{"start":{"line":37,"column":42},"end":{"line":37,"column":8}}]},"3":{"line":45,"type":"binary-expr","locations":[{"start":{"line":45,"column":25},"end":{"line":45,"column":24}},{"start":{"line":45,"column":48},"end":{"line":45,"column":15}}]},"4":{"line":61,"type":"binary-expr","locations":[{"start":{"line":61,"column":15},"end":{"line":61,"column":14}},{"start":{"line":61,"column":39},"end":{"line":61,"column":8}}]},"5":{"line":66,"type":"switch","locations":[{"start":{"line":66,"column":12},"end":{"line":66,"column":11}},{"start":{"line":67,"column":12},"end":{"line":67,"column":11}},{"start":{"line":68,"column":12},"end":{"line":69,"column":16}},{"start":{"line":70,"column":12},"end":{"line":71,"column":16}}]},"6":{"line":78,"type":"binary-expr","locations":[{"start":{"line":78,"column":15},"end":{"line":78,"column":14}},{"start":{"line":78,"column":35},"end":{"line":78,"column":8}}]},"7":{"line":84,"type":"binary-expr","locations":[{"start":{"line":84,"column":25},"end":{"line":84,"column":24}},{"start":{"line":84,"column":45},"end":{"line":84,"column":15}}]},"8":{"line":115,"type":"binary-expr","locations":[{"start":{"line":115,"column":15},"end":{"line":115,"column":14}},{"start":{"line":115,"column":38},"end":{"line":115,"column":8}}]},"9":{"line":120,"type":"switch","locations":[{"start":{"line":120,"column":12},"end":{"line":120,"column":11}},{"start":{"line":121,"column":12},"end":{"line":121,"column":11}},{"start":{"line":122,"column":12},"end":{"line":123,"column":16}},{"start":{"line":124,"column":12},"end":{"line":125,"column":16}}]},"10":{"line":143,"type":"binary-expr","locations":[{"start":{"line":143,"column":15},"end":{"line":143,"column":14}},{"start":{"line":143,"column":35},"end":{"line":143,"column":8}}]},"11":{"line":148,"type":"switch","locations":[{"start":{"line":148,"column":12},"end":{"line":148,"column":11}},{"start":{"line":149,"column":12},"end":{"line":150,"column":16}},{"start":{"line":151,"column":12},"end":{"line":152,"column":16}}]},"12":{"line":168,"type":"if","locations":[{"start":{"line":168,"column":8},"end":{"line":168,"column":7}},{"start":{"line":168,"column":8},"end":{"line":168,"column":7}}]},"13":{"line":170,"type":"switch","locations":[{"start":{"line":170,"column":16},"end":{"line":172,"column":20}},{"start":{"line":173,"column":16},"end":{"line":175,"column":20}},{"start":{"line":176,"column":16},"end":{"line":178,"column":20}},{"start":{"line":179,"column":16},"end":{"line":181,"column":20}}]}},"s":{"1":0,"2":0,"3":0,"4":0,"5":0,"6":0,"7":0,"8":0,"9":0,"10":0,"11":0,"12":0,"13":0,"14":0,"15":0,"16":0,"17":0,"18":0,"19":0,"20":0,"21":0,"22":0,"23":0,"24":0,"25":0,"26":0,"27":0,"28":0,"29":0,"30":0,"31":0,"32":0,"33":0,"34":0,"35":0,"36":0,"37":0,"38":0,"39":0,"40":0,"41":0,"42":0,"43":0,"44":0,"45":0,"46":0,"47":0,"48":0,"49":0,"50":0,"51":0,"52":0,"53":0},"b":{"1":[0,0],"2":[0,0],"3":[0,0],"4":[0,0],"5":[0,0,0,0],"6":[0,0],"7":[0,0],"8":[0,0],"9":[0,0,0,0],"10":[0,0],"11":[0,0,0],"12":[0,0],"13":[0,0,0,0]},"f":{"1":0,"2":0,"3":0,"4":0,"5":0,"6":0,"7":0,"8":0,"9":0,"10":0,"11":0,"12":0,"13":0,"14":0,"15":0,"16":0,"17":0,"18":0,"19":0,"20":0,"21":0,"22":0,"23":0,"24":0,"25":0,"26":0,"27":0,"28":0,"29":0,"30":0},"l":{"4":0,"5":0,"6":0,"26":0,"27":0,"28":0,"29":0,"37":0,"41":0,"45":0,"49":0,"53":0,"57":0,"61":0,"65":0,"69":0,"71":0,"78":0,"84":0,"88":0,"92":0,"107":0,"111":0,"115":0,"119":0,"123":0,"125":0,"135":0,"139":0,"143":0,"147":0,"150":0,"152":0,"160":0,"168":0,"169":0,"171":0,"172":0,"174":0,"175":0,"177":0,"178":0,"180":0,"181":0,"185":0,"189":0,"193":0,"197":0,"201":0,"205":0,"209":0,"214":0,"218":0}},
"src\\common\\nestedError.ts":{"path":"src\\common\\nestedError.ts","statementMap":{"1":{"start":{"line":9,"column":8},"end":{"line":9,"column":7}},"2":{"start":{"line":10,"column":8},"end":{"line":10,"column":7}},"3":{"start":{"line":11,"column":8},"end":{"line":11,"column":7}},"4":{"start":{"line":12,"column":8},"end":{"line":12,"column":7}},"5":{"start":{"line":13,"column":8},"end":{"line":13,"column":7}},"6":{"start":{"line":14,"column":8},"end":{"line":14,"column":7}},"7":{"start":{"line":18,"column":8},"end":{"line":18,"column":7}},"8":{"start":{"line":4,"column":0},"end":{"line":4,"column":-1}}},"fnMap":{"1":{"name":"(anonymous_1)","line":8,"loc":{"start":{"line":8,"column":4},"end":{"line":8,"column":62}}},"2":{"name":"(anonymous_2)","line":17,"loc":{"start":{"line":17,"column":4},"end":{"line":17,"column":21}}}},"branchMap":{"1":{"line":13,"type":"cond-expr","locations":[{"start":{"line":13,"column":38},"end":{"line":13,"column":23}},{"start":{"line":13,"column":70},"end":{"line":13,"column":8}}]}},"s":{"1":0,"2":0,"3":0,"4":0,"5":0,"6":0,"7":0,"8":0},"b":{"1":[0,0]},"f":{"1":0,"2":0},"l":{"4":0,"9":0,"10":0,"11":0,"12":0,"13":0,"14":0,"18":0}},
"src\\common\\outputVerifier.ts":{"path":"src\\common\\outputVerifier.ts","statementMap":{"1":{"start":{"line":4,"column":0},"end":{"line":4,"column":-1}},"2":{"start":{"line":6,"column":0},"end":{"line":6,"column":-1}},"3":{"start":{"line":7,"column":0},"end":{"line":7,"column":-1}},"4":{"start":{"line":21,"column":12},"end":{"line":21,"column":11}},"5":{"start":{"line":22,"column":12},"end":{"line":22,"column":11}},"6":{"start":{"line":25,"column":8},"end":{"line":25,"column":7}},"7":{"start":{"line":26,"column":8},"end":{"line":26,"column":7}},"8":{"start":{"line":27,"column":8},"end":{"line":27,"column":7}},"9":{"start":{"line":32,"column":8},"end":{"line":32,"column":7}},"10":{"start":{"line":33,"column":12},"end":{"line":32,"column":8}},"11":{"start":{"line":34,"column":8},"end":{"line":34,"column":7}},"12":{"start":{"line":35,"column":12},"end":{"line":34,"column":8}},"13":{"start":{"line":37,"column":8},"end":{"line":37,"column":7}},"14":{"start":{"line":40,"column":16},"end":{"line":40,"column":15}},"15":{"start":{"line":41,"column":16},"end":{"line":45,"column":17}},"16":{"start":{"line":42,"column":20},"end":{"line":41,"column":38}},"17":{"start":{"line":44,"column":20},"end":{"line":43,"column":23}},"18":{"start":{"line":47,"column":16},"end":{"line":46,"column":38}},"19":{"start":{"line":48,"column":20},"end":{"line":48,"column":19}},"20":{"start":{"line":50,"column":16},"end":{"line":50,"column":15}},"21":{"start":{"line":55,"column":8},"end":{"line":55,"column":7}},"22":{"start":{"line":56,"column":12},"end":{"line":56,"column":11}},"23":{"start":{"line":62,"column":8},"end":{"line":62,"column":7}},"24":{"start":{"line":63,"column":8},"end":{"line":63,"column":7}},"25":{"start":{"line":64,"column":12},"end":{"line":64,"column":11}},"26":{"start":{"line":69,"column":8},"end":{"line":69,"column":7}},"27":{"start":{"line":74,"column":8},"end":{"line":74,"column":7}},"28":{"start":{"line":75,"column":12},"end":{"line":75,"column":11}},"29":{"start":{"line":76,"column":12},"end":{"line":76,"column":11}},"30":{"start":{"line":16,"column":0},"end":{"line":16,"column":-1}}},"fnMap":{"1":{"name":"(anonymous_1)","line":24,"loc":{"start":{"line":24,"column":4},"end":{"line":24,"column":154}}},"2":{"name":"(anonymous_2)","line":30,"loc":{"start":{"line":30,"column":11},"end":{"line":30,"column":44}}},"3":{"name":"(anonymous_3)","line":54,"loc":{"start":{"line":54,"column":12},"end":{"line":54,"column":86}}},"4":{"name":"(anonymous_4)","line":61,"loc":{"start":{"line":61,"column":12},"end":{"line":61,"column":62}}},"5":{"name":"(anonymous_5)","line":73,"loc":{"start":{"line":73,"column":12},"end":{"line":73,"column":66}}}},"branchMap":{"1":{"line":41,"type":"if","locations":[{"start":{"line":41,"column":16},"end":{"line":41,"column":15}},{"start":{"line":41,"column":16},"end":{"line":41,"column":15}}]},"2":{"line":47,"type":"if","locations":[{"start":{"line":47,"column":16},"end":{"line":47,"column":15}},{"start":{"line":47,"column":16},"end":{"line":47,"column":15}}]},"3":{"line":65,"type":"cond-expr","locations":[{"start":{"line":65,"column":17},"end":{"line":64,"column":19}},{"start":{"line":66,"column":16},"end":{"line":64,"column":12}}]},"4":{"line":69,"type":"cond-expr","locations":[{"start":{"line":69,"column":37},"end":{"line":69,"column":15}},{"start":{"line":69,"column":69},"end":{"line":69,"column":8}}]}},"s":{"1":0,"2":0,"3":0,"4":0,"5":0,"6":0,"7":0,"8":0,"9":0,"10":0,"11":0,"12":0,"13":0,"14":0,"15":0,"16":0,"17":0,"18":0,"19":0,"20":0,"21":0,"22":0,"23":0,"24":0,"25":0,"26":0,"27":0,"28":0,"29":0,"30":0},"b":{"1":[0,0],"2":[0,0],"3":[0,0],"4":[0,0]},"f":{"1":0,"2":0,"3":0,"4":0,"5":0},"l":{"4":0,"6":0,"7":0,"16":0,"21":0,"22":0,"25":0,"26":0,"27":0,"32":0,"33":0,"34":0,"35":0,"37":0,"40":0,"41":0,"42":0,"44":0,"47":0,"48":0,"50":0,"55":0,"56":0,"62":0,"63":0,"64":0,"69":0,"74":0,"75":0,"76":0}},
"src\\common\\packager.ts":{"path":"src\\common\\packager.ts","statementMap":{"1":{"start":{"line":5,"column":0},"end":{"line":5,"column":-1}},"2":{"start":{"line":6,"column":0},"end":{"line":6,"column":-1}},"3":{"start":{"line":7,"column":0},"end":{"line":7,"column":-1}},"4":{"start":{"line":8,"column":0},"end":{"line":8,"column":-1}},"5":{"start":{"line":9,"column":0},"end":{"line":9,"column":-1}},"6":{"start":{"line":10,"column":0},"end":{"line":10,"column":-1}},"7":{"start":{"line":11,"column":0},"end":{"line":11,"column":-1}},"8":{"start":{"line":12,"column":0},"end":{"line":12,"column":-1}},"9":{"start":{"line":13,"column":0},"end":{"line":13,"column":-1}},"10":{"start":{"line":14,"column":0},"end":{"line":14,"column":-1}},"11":{"start":{"line":15,"column":0},"end":{"line":15,"column":-1}},"12":{"start":{"line":16,"column":0},"end":{"line":16,"column":-1}},"13":{"start":{"line":17,"column":0},"end":{"line":17,"column":-1}},"14":{"start":{"line":18,"column":0},"end":{"line":18,"column":-1}},"15":{"start":{"line":19,"column":0},"end":{"line":19,"column":-1}},"16":{"start":{"line":20,"column":0},"end":{"line":20,"column":-1}},"17":{"start":{"line":22,"column":0},"end":{"line":22,"column":-1}},"18":{"start":{"line":23,"column":0},"end":{"line":23,"column":-1}},"19":{"start":{"line":49,"column":24},"end":{"line":49,"column":23}},"20":{"start":{"line":49,"column":55},"end":{"line":49,"column":54}},"21":{"start":{"line":49,"column":84},"end":{"line":49,"column":83}},"22":{"start":{"line":30,"column":12},"end":{"line":30,"column":11}},"23":{"start":{"line":50,"column":8},"end":{"line":50,"column":7}},"24":{"start":{"line":51,"column":8},"end":{"line":51,"column":7}},"25":{"start":{"line":52,"column":8},"end":{"line":52,"column":7}},"26":{"start":{"line":56,"column":8},"end":{"line":56,"column":7}},"27":{"start":{"line":60,"column":8},"end":{"line":60,"column":7}},"28":{"start":{"line":64,"column":8},"end":{"line":64,"column":7}},"29":{"start":{"line":67,"column":8},"end":{"line":67,"column":7}},"30":{"start":{"line":71,"column":8},"end":{"line":71,"column":7}},"31":{"start":{"line":75,"column":8},"end":{"line":75,"column":7}},"32":{"start":{"line":77,"column":8},"end":{"line":79,"column":9}},"33":{"start":{"line":78,"column":12},"end":{"line":78,"column":11}},"34":{"start":{"line":81,"column":8},"end":{"line":81,"column":7}},"35":{"start":{"line":83,"column":12},"end":{"line":85,"column":13}},"36":{"start":{"line":84,"column":16},"end":{"line":84,"column":15}},"37":{"start":{"line":88,"column":12},"end":{"line":90,"column":13}},"38":{"start":{"line":89,"column":16},"end":{"line":89,"column":15}},"39":{"start":{"line":92,"column":12},"end":{"line":92,"column":11}},"40":{"start":{"line":94,"column":16},"end":{"line":94,"column":15}},"41":{"start":{"line":95,"column":20},"end":{"line":95,"column":19}},"42":{"start":{"line":98,"column":16},"end":{"line":98,"column":15}},"43":{"start":{"line":101,"column":16},"end":{"line":101,"column":15}},"44":{"start":{"line":103,"column":16},"end":{"line":103,"column":15}},"45":{"start":{"line":109,"column":8},"end":{"line":109,"column":7}},"46":{"start":{"line":110,"column":8},"end":{"line":110,"column":7}},"47":{"start":{"line":111,"column":8},"end":{"line":111,"column":7}},"48":{"start":{"line":113,"column":8},"end":{"line":113,"column":7}},"49":{"start":{"line":115,"column":12},"end":{"line":117,"column":13}},"50":{"start":{"line":116,"column":16},"end":{"line":116,"column":15}},"51":{"start":{"line":119,"column":12},"end":{"line":119,"column":11}},"52":{"start":{"line":121,"column":12},"end":{"line":121,"column":11}},"53":{"start":{"line":123,"column":16},"end":{"line":123,"column":15}},"54":{"start":{"line":124,"column":16},"end":{"line":124,"column":15}},"55":{"start":{"line":127,"column":16},"end":{"line":127,"column":15}},"56":{"start":{"line":133,"column":16},"end":{"line":133,"column":15}},"57":{"start":{"line":135,"column":16},"end":{"line":135,"column":15}},"58":{"start":{"line":140,"column":16},"end":{"line":140,"column":15}},"59":{"start":{"line":144,"column":16},"end":{"line":144,"column":15}},"60":{"start":{"line":146,"column":16},"end":{"line":146,"column":15}},"61":{"start":{"line":147,"column":16},"end":{"line":147,"column":15}},"62":{"start":{"line":148,"column":16},"end":{"line":129,"column":27}},"63":{"start":{"line":150,"column":16},"end":{"line":150,"column":15}},"64":{"start":{"line":154,"column":12},"end":{"line":154,"column":11}},"65":{"start":{"line":157,"column":12},"end":{"line":157,"column":11}},"66":{"start":{"line":158,"column":12},"end":{"line":166,"column":13}},"67":{"start":{"line":159,"column":16},"end":{"line":159,"column":15}},"68":{"start":{"line":160,"column":16},"end":{"line":160,"column":15}},"69":{"start":{"line":162,"column":16},"end":{"line":162,"column":15}},"70":{"start":{"line":163,"column":16},"end":{"line":165,"column":17}},"71":{"start":{"line":164,"column":20},"end":{"line":164,"column":19}},"72":{"start":{"line":171,"column":8},"end":{"line":171,"column":7}},"73":{"start":{"line":172,"column":8},"end":{"line":172,"column":7}},"74":{"start":{"line":174,"column":16},"end":{"line":187,"column":17}},"75":{"start":{"line":175,"column":20},"end":{"line":180,"column":21}},"76":{"start":{"line":176,"column":24},"end":{"line":178,"column":25}},"77":{"start":{"line":177,"column":28},"end":{"line":177,"column":27}},"78":{"start":{"line":179,"column":24},"end":{"line":179,"column":23}},"79":{"start":{"line":181,"column":20},"end":{"line":181,"column":19}},"80":{"start":{"line":183,"column":20},"end":{"line":185,"column":21}},"81":{"start":{"line":184,"column":24},"end":{"line":184,"column":23}},"82":{"start":{"line":186,"column":20},"end":{"line":186,"column":19}},"83":{"start":{"line":189,"column":16},"end":{"line":189,"column":15}},"84":{"start":{"line":190,"column":16},"end":{"line":190,"column":15}},"85":{"start":{"line":195,"column":8},"end":{"line":197,"column":9}},"86":{"start":{"line":196,"column":12},"end":{"line":196,"column":11}},"87":{"start":{"line":199,"column":8},"end":{"line":199,"column":7}},"88":{"start":{"line":201,"column":16},"end":{"line":211,"column":17}},"89":{"start":{"line":202,"column":20},"end":{"line":205,"column":21}},"90":{"start":{"line":203,"column":24},"end":{"line":203,"column":23}},"91":{"start":{"line":204,"column":24},"end":{"line":204,"column":23}},"92":{"start":{"line":207,"column":20},"end":{"line":207,"column":19}},"93":{"start":{"line":207,"column":65},"end":{"line":207,"column":27}},"94":{"start":{"line":209,"column":20},"end":{"line":209,"column":19}},"95":{"start":{"line":210,"column":20},"end":{"line":210,"column":19}},"96":{"start":{"line":214,"column":16},"end":{"line":218,"column":17}},"97":{"start":{"line":215,"column":20},"end":{"line":215,"column":19}},"98":{"start":{"line":217,"column":20},"end":{"line":217,"column":19}},"99":{"start":{"line":223,"column":8},"end":{"line":225,"column":9}},"100":{"start":{"line":224,"column":12},"end":{"line":224,"column":11}},"101":{"start":{"line":227,"column":8},"end":{"line":227,"column":7}},"102":{"start":{"line":229,"column":16},"end":{"line":231,"column":17}},"103":{"start":{"line":230,"column":20},"end":{"line":230,"column":19}},"104":{"start":{"line":232,"column":16},"end":{"line":232,"column":15}},"105":{"start":{"line":233,"column":16},"end":{"line":228,"column":28}},"106":{"start":{"line":235,"column":16},"end":{"line":235,"column":15}},"107":{"start":{"line":237,"column":20},"end":{"line":237,"column":19}},"108":{"start":{"line":238,"column":20},"end":{"line":245,"column":21}},"109":{"start":{"line":239,"column":24},"end":{"line":239,"column":23}},"110":{"start":{"line":240,"column":27},"end":{"line":245,"column":21}},"111":{"start":{"line":241,"column":24},"end":{"line":241,"column":23}},"112":{"start":{"line":243,"column":24},"end":{"line":243,"column":23}},"113":{"start":{"line":244,"column":24},"end":{"line":244,"column":23}},"114":{"start":{"line":247,"column":20},"end":{"line":247,"column":19}},"115":{"start":{"line":248,"column":20},"end":{"line":248,"column":19}},"116":{"start":{"line":249,"column":20},"end":{"line":249,"column":19}},"117":{"start":{"line":251,"column":28},"end":{"line":251,"column":27}},"118":{"start":{"line":262,"column":8},"end":{"line":262,"column":7}},"119":{"start":{"line":263,"column":8},"end":{"line":263,"column":7}},"120":{"start":{"line":265,"column":16},"end":{"line":265,"column":15}},"121":{"start":{"line":268,"column":16},"end":{"line":268,"column":15}},"122":{"start":{"line":273,"column":8},"end":{"line":273,"column":7}},"123":{"start":{"line":274,"column":8},"end":{"line":274,"column":7}},"124":{"start":{"line":274,"column":35},"end":{"line":274,"column":15}},"125":{"start":{"line":274,"column":66},"end":{"line":274,"column":15}},"126":{"start":{"line":278,"column":8},"end":{"line":303,"column":9}},"127":{"start":{"line":279,"column":12},"end":{"line":279,"column":11}},"128":{"start":{"line":280,"column":12},"end":{"line":284,"column":13}},"129":{"start":{"line":281,"column":16},"end":{"line":281,"column":15}},"130":{"start":{"line":283,"column":16},"end":{"line":283,"column":15}},"131":{"start":{"line":285,"column":12},"end":{"line":285,"column":11}},"132":{"start":{"line":288,"column":12},"end":{"line":288,"column":11}},"133":{"start":{"line":291,"column":12},"end":{"line":291,"column":11}},"134":{"start":{"line":295,"column":12},"end":{"line":295,"column":11}},"135":{"start":{"line":296,"column":12},"end":{"line":296,"column":11}},"136":{"start":{"line":297,"column":16},"end":{"line":296,"column":25}},"137":{"start":{"line":298,"column":20},"end":{"line":297,"column":16}},"138":{"start":{"line":302,"column":12},"end":{"line":302,"column":11}},"139":{"start":{"line":307,"column":8},"end":{"line":307,"column":7}},"140":{"start":{"line":308,"column":8},"end":{"line":308,"column":7}},"141":{"start":{"line":311,"column":8},"end":{"line":311,"column":7}},"142":{"start":{"line":313,"column":16},"end":{"line":313,"column":15}},"143":{"start":{"line":315,"column":16},"end":{"line":315,"column":15}},"144":{"start":{"line":316,"column":16},"end":{"line":316,"column":15}},"145":{"start":{"line":318,"column":16},"end":{"line":318,"column":15}},"146":{"start":{"line":319,"column":16},"end":{"line":319,"column":15}},"147":{"start":{"line":320,"column":16},"end":{"line":324,"column":17}},"148":{"start":{"line":321,"column":20},"end":{"line":321,"column":19}},"149":{"start":{"line":323,"column":20},"end":{"line":323,"column":19}},"150":{"start":{"line":325,"column":16},"end":{"line":325,"column":15}},"151":{"start":{"line":326,"column":16},"end":{"line":333,"column":17}},"152":{"start":{"line":328,"column":20},"end":{"line":328,"column":19}},"153":{"start":{"line":331,"column":28},"end":{"line":331,"column":27}},"154":{"start":{"line":334,"column":16},"end":{"line":334,"column":15}},"155":{"start":{"line":339,"column":8},"end":{"line":339,"column":7}},"156":{"start":{"line":340,"column":8},"end":{"line":340,"column":7}},"157":{"start":{"line":341,"column":12},"end":{"line":341,"column":11}},"158":{"start":{"line":343,"column":12},"end":{"line":343,"column":11}},"159":{"start":{"line":345,"column":12},"end":{"line":345,"column":11}},"160":{"start":{"line":347,"column":16},"end":{"line":361,"column":17}},"161":{"start":{"line":348,"column":20},"end":{"line":348,"column":19}},"162":{"start":{"line":349,"column":20},"end":{"line":349,"column":19}},"163":{"start":{"line":351,"column":28},"end":{"line":351,"column":27}},"164":{"start":{"line":354,"column":28},"end":{"line":356,"column":29}},"165":{"start":{"line":355,"column":32},"end":{"line":355,"column":31}},"166":{"start":{"line":357,"column":28},"end":{"line":357,"column":27}},"167":{"start":{"line":360,"column":20},"end":{"line":360,"column":19}},"168":{"start":{"line":367,"column":8},"end":{"line":367,"column":7}},"169":{"start":{"line":371,"column":8},"end":{"line":373,"column":9}},"170":{"start":{"line":372,"column":12},"end":{"line":372,"column":11}},"171":{"start":{"line":375,"column":8},"end":{"line":375,"column":7}},"172":{"start":{"line":26,"column":18},"end":{"line":26,"column":17}},"173":{"start":{"line":33,"column":19},"end":{"line":33,"column":18}},"174":{"start":{"line":37,"column":19},"end":{"line":37,"column":18}},"175":{"start":{"line":38,"column":19},"end":{"line":38,"column":18}},"176":{"start":{"line":39,"column":19},"end":{"line":39,"column":18}},"177":{"start":{"line":40,"column":19},"end":{"line":40,"column":18}},"178":{"start":{"line":44,"column":19},"end":{"line":44,"column":18}},"179":{"start":{"line":45,"column":19},"end":{"line":45,"column":18}},"180":{"start":{"line":46,"column":19},"end":{"line":46,"column":18}},"181":{"start":{"line":25,"column":0},"end":{"line":25,"column":-1}}},"fnMap":{"1":{"name":"(anonymous_1)","line":49,"loc":{"start":{"line":49,"column":4},"end":{"line":49,"column":156}}},"2":{"name":"(anonymous_2)","line":55,"loc":{"start":{"line":55,"column":4},"end":{"line":55,"column":19}}},"3":{"name":"(anonymous_3)","line":59,"loc":{"start":{"line":59,"column":11},"end":{"line":59,"column":45}}},"4":{"name":"(anonymous_4)","line":63,"loc":{"start":{"line":63,"column":4},"end":{"line":63,"column":30}}},"5":{"name":"(anonymous_5)","line":66,"loc":{"start":{"line":66,"column":11},"end":{"line":66,"column":18}}},"6":{"name":"(anonymous_6)","line":70,"loc":{"start":{"line":70,"column":11},"end":{"line":70,"column":28}}},"7":{"name":"(anonymous_7)","line":74,"loc":{"start":{"line":74,"column":11},"end":{"line":74,"column":73}}},"8":{"name":"(anonymous_8)","line":108,"loc":{"start":{"line":108,"column":11},"end":{"line":108,"column":44}}},"9":{"name":"(anonymous_9)","line":170,"loc":{"start":{"line":170,"column":11},"end":{"line":170,"column":39}}},"10":{"name":"(anonymous_10)","line":194,"loc":{"start":{"line":194,"column":11},"end":{"line":194,"column":31}}},"11":{"name":"(anonymous_11)","line":222,"loc":{"start":{"line":222,"column":11},"end":{"line":222,"column":46}}},"12":{"name":"(anonymous_12)","line":261,"loc":{"start":{"line":261,"column":11},"end":{"line":261,"column":20}}},"13":{"name":"(anonymous_13)","line":272,"loc":{"start":{"line":272,"column":12},"end":{"line":272,"column":52}}},"14":{"name":"(anonymous_14)","line":277,"loc":{"start":{"line":277,"column":12},"end":{"line":277,"column":53}}},"15":{"name":"(anonymous_15)","line":306,"loc":{"start":{"line":306,"column":12},"end":{"line":306,"column":66}}},"16":{"name":"(anonymous_16)","line":338,"loc":{"start":{"line":338,"column":12},"end":{"line":338,"column":31}}},"17":{"name":"(anonymous_17)","line":366,"loc":{"start":{"line":366,"column":12},"end":{"line":366,"column":37}}}},"branchMap":{"1":{"line":51,"type":"binary-expr","locations":[{"start":{"line":51,"column":39},"end":{"line":51,"column":38}},{"start":{"line":51,"column":66},"end":{"line":51,"column":8}}]},"2":{"line":56,"type":"binary-expr","locations":[{"start":{"line":56,"column":15},"end":{"line":56,"column":14}},{"start":{"line":56,"column":36},"end":{"line":56,"column":8}}]},"3":{"line":77,"type":"if","locations":[{"start":{"line":77,"column":8},"end":{"line":77,"column":7}},{"start":{"line":77,"column":8},"end":{"line":77,"column":7}}]},"4":{"line":83,"type":"if","locations":[{"start":{"line":83,"column":12},"end":{"line":83,"column":11}},{"start":{"line":83,"column":12},"end":{"line":83,"column":11}}]},"5":{"line":88,"type":"if","locations":[{"start":{"line":88,"column":12},"end":{"line":88,"column":11}},{"start":{"line":88,"column":12},"end":{"line":88,"column":11}}]},"6":{"line":115,"type":"if","locations":[{"start":{"line":115,"column":12},"end":{"line":115,"column":11}},{"start":{"line":115,"column":12},"end":{"line":115,"column":11}}]},"7":{"line":137,"type":"cond-expr","locations":[{"start":{"line":137,"column":76},"end":{"line":137,"column":34}},{"start":{"line":137,"column":85},"end":{"line":137,"column":84}}]},"8":{"line":158,"type":"if","locations":[{"start":{"line":158,"column":12},"end":{"line":158,"column":11}},{"start":{"line":158,"column":12},"end":{"line":158,"column":11}}]},"9":{"line":163,"type":"if","locations":[{"start":{"line":163,"column":16},"end":{"line":163,"column":15}},{"start":{"line":163,"column":16},"end":{"line":163,"column":15}}]},"10":{"line":174,"type":"if","locations":[{"start":{"line":174,"column":16},"end":{"line":174,"column":15}},{"start":{"line":174,"column":16},"end":{"line":174,"column":15}}]},"11":{"line":175,"type":"if","locations":[{"start":{"line":175,"column":20},"end":{"line":175,"column":19}},{"start":{"line":175,"column":20},"end":{"line":175,"column":19}}]},"12":{"line":176,"type":"if","locations":[{"start":{"line":176,"column":24},"end":{"line":176,"column":23}},{"start":{"line":176,"column":24},"end":{"line":176,"column":23}}]},"13":{"line":183,"type":"if","locations":[{"start":{"line":183,"column":20},"end":{"line":183,"column":19}},{"start":{"line":183,"column":20},"end":{"line":183,"column":19}}]},"14":{"line":195,"type":"if","locations":[{"start":{"line":195,"column":8},"end":{"line":195,"column":7}},{"start":{"line":195,"column":8},"end":{"line":195,"column":7}}]},"15":{"line":195,"type":"binary-expr","locations":[{"start":{"line":195,"column":12},"end":{"line":195,"column":11}},{"start":{"line":195,"column":25},"end":{"line":195,"column":8}}]},"16":{"line":201,"type":"if","locations":[{"start":{"line":201,"column":16},"end":{"line":201,"column":15}},{"start":{"line":201,"column":16},"end":{"line":201,"column":15}}]},"17":{"line":202,"type":"if","locations":[{"start":{"line":202,"column":20},"end":{"line":202,"column":19}},{"start":{"line":202,"column":20},"end":{"line":202,"column":19}}]},"18":{"line":214,"type":"if","locations":[{"start":{"line":214,"column":16},"end":{"line":214,"column":15}},{"start":{"line":214,"column":16},"end":{"line":214,"column":15}}]},"19":{"line":223,"type":"if","locations":[{"start":{"line":223,"column":8},"end":{"line":223,"column":7}},{"start":{"line":223,"column":8},"end":{"line":223,"column":7}}]},"20":{"line":229,"type":"if","locations":[{"start":{"line":229,"column":16},"end":{"line":229,"column":15}},{"start":{"line":229,"column":16},"end":{"line":229,"column":15}}]},"21":{"line":238,"type":"if","locations":[{"start":{"line":238,"column":20},"end":{"line":238,"column":19}},{"start":{"line":238,"column":20},"end":{"line":238,"column":19}}]},"22":{"line":240,"type":"if","locations":[{"start":{"line":240,"column":27},"end":{"line":240,"column":26}},{"start":{"line":240,"column":27},"end":{"line":240,"column":26}}]},"23":{"line":280,"type":"if","locations":[{"start":{"line":280,"column":12},"end":{"line":280,"column":11}},{"start":{"line":280,"column":12},"end":{"line":280,"column":11}}]},"24":{"line":299,"type":"cond-expr","locations":[{"start":{"line":299,"column":26},"end":{"line":298,"column":20}},{"start":{"line":300,"column":26},"end":{"line":297,"column":16}}]},"25":{"line":320,"type":"if","locations":[{"start":{"line":320,"column":16},"end":{"line":320,"column":15}},{"start":{"line":320,"column":16},"end":{"line":320,"column":15}}]},"26":{"line":326,"type":"if","locations":[{"start":{"line":326,"column":16},"end":{"line":326,"column":15}},{"start":{"line":326,"column":16},"end":{"line":326,"column":15}}]},"27":{"line":347,"type":"if","locations":[{"start":{"line":347,"column":16},"end":{"line":347,"column":15}},{"start":{"line":347,"column":16},"end":{"line":347,"column":15}}]},"28":{"line":354,"type":"if","locations":[{"start":{"line":354,"column":28},"end":{"line":354,"column":27}},{"start":{"line":354,"column":28},"end":{"line":354,"column":27}}]},"29":{"line":371,"type":"if","locations":[{"start":{"line":371,"column":8},"end":{"line":371,"column":7}},{"start":{"line":371,"column":8},"end":{"line":371,"column":7}}]}},"s":{"1":0,"2":0,"3":0,"4":0,"5":0,"6":0,"7":0,"8":0,"9":0,"10":0,"11":0,"12":0,"13":0,"14":0,"15":0,"16":0,"17":0,"18":0,"19":0,"20":0,"21":0,"22":0,"23":0,"24":0,"25":0,"26":0,"27":0,"28":0,"29":0,"30":0,"31":0,"32":0,"33":0,"34":0,"35":0,"36":0,"37":0,"38":0,"39":0,"40":0,"41":0,"42":0,"43":0,"44":0,"45":0,"46":0,"47":0,"48":0,"49":0,"50":0,"51":0,"52":0,"53":0,"54":0,"55":0,"56":0,"57":0,"58":0,"59":0,"60":0,"61":0,"62":0,"63":0,"64":0,"65":0,"66":0,"67":0,"68":0,"69":0,"70":0,"71":0,"72":0,"73":0,"74":0,"75":0,"76":0,"77":0,"78":0,"79":0,"80":0,"81":0,"82":0,"83":0,"84":0,"85":0,"86":0,"87":0,"88":0,"89":0,"90":0,"91":0,"92":0,"93":0,"94":0,"95":0,"96":0,"97":0,"98":0,"99":0,"100":0,"101":0,"102":0,"103":0,"104":0,"105":0,"106":0,"107":0,"108":0,"109":0,"110":0,"111":0,"112":0,"113":0,"114":0,"115":0,"116":0,"117":0,"118":0,"119":0,"120":0,"121":0,"122":0,"123":0,"124":0,"125":0,"126":0,"127":0,"128":0,"129":0,"130":0,"131":0,"132":0,"133":0,"134":0,"135":0,"136":0,"137":0,"138":0,"139":0,"140":0,"141":0,"142":0,"143":0,"144":0,"145":0,"146":0,"147":0,"148":0,"149":0,"150":0,"151":0,"152":0,"153":0,"154":0,"155":0,"156":0,"157":0,"158":0,"159":0,"160":0,"161":0,"162":0,"163":0,"164":0,"165":0,"166":0,"167":0,"168":0,"169":0,"170":0,"171":0,"172":0,"173":0,"174":0,"175":0,"176":0,"177":0,"178":0,"179":0,"180":0,"181":0},"b":{"1":[0,0],"2":[0,0],"3":[0,0],"4":[0,0],"5":[0,0],"6":[0,0],"7":[0,0],"8":[0,0],"9":[0,0],"10":[0,0],"11":[0,0],"12":[0,0],"13":[0,0],"14":[0,0],"15":[0,0],"16":[0,0],"17":[0,0],"18":[0,0],"19":[0,0],"20":[0,0],"21":[0,0],"22":[0,0],"23":[0,0],"24":[0,0],"25":[0,0],"26":[0,0],"27":[0,0],"28":[0,0],"29":[0,0]},"f":{"1":0,"2":0,"3":0,"4":0,"5":0,"6":0,"7":0,"8":0,"9":0,"10":0,"11":0,"12":0,"13":0,"14":0,"15":0,"16":0,"17":0},"l":{"5":0,"6":0,"7":0,"8":0,"9":0,"10":0,"11":0,"12":0,"13":0,"14":0,"15":0,"16":0,"17":0,"18":0,"19":0,"20":0,"22":0,"23":0,"25":0,"26":0,"30":0,"33":0,"37":0,"38":0,"39":0,"40":0,"44":0,"45":0,"46":0,"49":0,"50":0,"51":0,"52":0,"56":0,"60":0,"64":0,"67":0,"71":0,"75":0,"77":0,"78":0,"81":0,"83":0,"84":0,"88":0,"89":0,"92":0,"94":0,"95":0,"98":0,"101":0,"103":0,"109":0,"110":0,"111":0,"113":0,"115":0,"116":0,"119":0,"121":0,"123":0,"124":0,"127":0,"133":0,"135":0,"140":0,"144":0,"146":0,"147":0,"148":0,"150":0,"154":0,"157":0,"158":0,"159":0,"160":0,"162":0,"163":0,"164":0,"171":0,"172":0,"174":0,"175":0,"176":0,"177":0,"179":0,"181":0,"183":0,"184":0,"186":0,"189":0,"190":0,"195":0,"196":0,"199":0,"201":0,"202":0,"203":0,"204":0,"207":0,"209":0,"210":0,"214":0,"215":0,"217":0,"223":0,"224":0,"227":0,"229":0,"230":0,"232":0,"233":0,"235":0,"237":0,"238":0,"239":0,"240":0,"241":0,"243":0,"244":0,"247":0,"248":0,"249":0,"251":0,"262":0,"263":0,"265":0,"268":0,"273":0,"274":0,"278":0,"279":0,"280":0,"281":0,"283":0,"285":0,"288":0,"291":0,"295":0,"296":0,"297":0,"298":0,"302":0,"307":0,"308":0,"311":0,"313":0,"315":0,"316":0,"318":0,"319":0,"320":0,"321":0,"323":0,"325":0,"326":0,"328":0,"331":0,"334":0,"339":0,"340":0,"341":0,"343":0,"345":0,"347":0,"348":0,"349":0,"351":0,"354":0,"355":0,"357":0,"360":0,"367":0,"371":0,"372":0,"375":0}},
"src\\common\\packagerStatus.ts":{"path":"src\\common\\packagerStatus.ts","statementMap":{"1":{"start":{"line":4,"column":0},"end":{"line":4,"column":-1}},"2":{"start":{"line":5,"column":0},"end":{"line":5,"column":-1}},"3":{"start":{"line":7,"column":0},"end":{"line":18,"column":1}},"4":{"start":{"line":8,"column":4},"end":{"line":8,"column":3}},"5":{"start":{"line":9,"column":4},"end":{"line":9,"column":3}},"6":{"start":{"line":11,"column":12},"end":{"line":11,"column":11}},"7":{"start":{"line":16,"column":12},"end":{"line":16,"column":11}},"8":{"start":{"line":7,"column":0},"end":{"line":7,"column":-1}}},"fnMap":{"1":{"name":"ensurePackagerRunning","line":7,"loc":{"start":{"line":7,"column":0},"end":{"line":7,"column":95}}}},"branchMap":{"1":{"line":12,"type":"cond-expr","locations":[{"start":{"line":12,"column":16},"end":{"line":11,"column":19}},{"start":{"line":13,"column":16},"end":{"line":11,"column":12}}]}},"s":{"1":0,"2":0,"3":1,"4":0,"5":0,"6":0,"7":0,"8":0},"b":{"1":[0,0]},"f":{"1":0},"l":{"4":0,"5":0,"7":1,"8":0,"9":0,"11":0,"16":0}},
"src\\common\\reactNativeProjectHelper.ts":{"path":"src\\common\\reactNativeProjectHelper.ts","statementMap":{"1":{"start":{"line":4,"column":0},"end":{"line":4,"column":-1}},"2":{"start":{"line":5,"column":0},"end":{"line":5,"column":-1}},"3":{"start":{"line":6,"column":0},"end":{"line":6,"column":-1}},"4":{"start":{"line":7,"column":0},"end":{"line":7,"column":-1}},"5":{"start":{"line":13,"column":8},"end":{"line":13,"column":7}},"6":{"start":{"line":17,"column":8},"end":{"line":17,"column":7}},"7":{"start":{"line":25,"column":8},"end":{"line":27,"column":9}},"8":{"start":{"line":26,"column":12},"end":{"line":26,"column":11}},"9":{"start":{"line":28,"column":8},"end":{"line":28,"column":7}},"10":{"start":{"line":30,"column":16},"end":{"line":30,"column":15}},"11":{"start":{"line":35,"column":8},"end":{"line":37,"column":9}},"12":{"start":{"line":36,"column":12},"end":{"line":36,"column":11}},"13":{"start":{"line":39,"column":8},"end":{"line":39,"column":7}},"14":{"start":{"line":40,"column":8},"end":{"line":40,"column":7}},"15":{"start":{"line":41,"column":8},"end":{"line":41,"column":7}},"16":{"start":{"line":9,"column":0},"end":{"line":9,"column":-1}}},"fnMap":{"1":{"name":"(anonymous_1)","line":11,"loc":{"start":{"line":11,"column":11},"end":{"line":11,"column":53}}},"2":{"name":"(anonymous_2)","line":16,"loc":{"start":{"line":16,"column":11},"end":{"line":16,"column":59}}},"3":{"name":"(anonymous_3)","line":24,"loc":{"start":{"line":24,"column":11},"end":{"line":24,"column":58}}},"4":{"name":"(anonymous_4)","line":34,"loc":{"start":{"line":34,"column":11},"end":{"line":34,"column":51}}}},"branchMap":{"1":{"line":25,"type":"if","locations":[{"start":{"line":25,"column":8},"end":{"line":25,"column":7}},{"start":{"line":25,"column":8},"end":{"line":25,"column":7}}]},"2":{"line":25,"type":"binary-expr","locations":[{"start":{"line":25,"column":12},"end":{"line":25,"column":11}},{"start":{"line":25,"column":28},"end":{"line":25,"column":8}}]},"3":{"line":35,"type":"if","locations":[{"start":{"line":35,"column":8},"end":{"line":35,"column":7}},{"start":{"line":35,"column":8},"end":{"line":35,"column":7}}]},"4":{"line":35,"type":"binary-expr","locations":[{"start":{"line":35,"column":12},"end":{"line":35,"column":11}},{"start":{"line":35,"column":28},"end":{"line":35,"column":8}}]},"5":{"line":40,"type":"binary-expr","locations":[{"start":{"line":40,"column":28},"end":{"line":40,"column":27}},{"start":{"line":40,"column":59},"end":{"line":40,"column":8}}]}},"s":{"1":0,"2":0,"3":0,"4":0,"5":0,"6":0,"7":0,"8":0,"9":0,"10":0,"11":0,"12":0,"13":0,"14":0,"15":0,"16":0},"b":{"1":[0,0],"2":[0,0],"3":[0,0],"4":[0,0],"5":[0,0]},"f":{"1":0,"2":0,"3":0,"4":0},"l":{"4":0,"5":0,"6":0,"7":0,"9":0,"13":0,"17":0,"25":0,"26":0,"28":0,"30":0,"35":0,"36":0,"39":0,"40":0,"41":0}},
"src\\common\\remoteExtension.ts":{"path":"src\\common\\remoteExtension.ts","statementMap":{"1":{"start":{"line":4,"column":0},"end":{"line":4,"column":-1}},"2":{"start":{"line":5,"column":0},"end":{"line":5,"column":-1}},"3":{"start":{"line":6,"column":0},"end":{"line":6,"column":-1}},"4":{"start":{"line":52,"column":24},"end":{"line":52,"column":23}},"5":{"start":{"line":42,"column":8},"end":{"line":42,"column":7}},"6":{"start":{"line":43,"column":8},"end":{"line":43,"column":7}},"7":{"start":{"line":44,"column":8},"end":{"line":44,"column":7}},"8":{"start":{"line":45,"column":12},"end":{"line":45,"column":11}},"9":{"start":{"line":47,"column":8},"end":{"line":47,"column":7}},"10":{"start":{"line":49,"column":8},"end":{"line":49,"column":7}},"11":{"start":{"line":55,"column":8},"end":{"line":55,"column":7}},"12":{"start":{"line":59,"column":8},"end":{"line":59,"column":7}},"13":{"start":{"line":64,"column":8},"end":{"line":64,"column":7}},"14":{"start":{"line":72,"column":8},"end":{"line":72,"column":7}},"15":{"start":{"line":76,"column":8},"end":{"line":76,"column":7}},"16":{"start":{"line":80,"column":8},"end":{"line":80,"column":7}},"17":{"start":{"line":84,"column":8},"end":{"line":84,"column":7}},"18":{"start":{"line":88,"column":8},"end":{"line":88,"column":7}},"19":{"start":{"line":92,"column":8},"end":{"line":92,"column":7}},"20":{"start":{"line":96,"column":8},"end":{"line":96,"column":7}},"21":{"start":{"line":100,"column":8},"end":{"line":100,"column":7}},"22":{"start":{"line":40,"column":0},"end":{"line":40,"column":-1}}},"fnMap":{"1":{"name":"(anonymous_1)","line":52,"loc":{"start":{"line":52,"column":4},"end":{"line":52,"column":46}}},"2":{"name":"(anonymous_2)","line":41,"loc":{"start":{"line":41,"column":11},"end":{"line":41,"column":59}}},"3":{"name":"(anonymous_3)","line":54,"loc":{"start":{"line":54,"column":4},"end":{"line":54,"column":18}}},"4":{"name":"(anonymous_4)","line":58,"loc":{"start":{"line":58,"column":11},"end":{"line":58,"column":31}}},"5":{"name":"(anonymous_5)","line":62,"loc":{"start":{"line":62,"column":11},"end":{"line":63,"column":127}}},"6":{"name":"(anonymous_6)","line":75,"loc":{"start":{"line":75,"column":11},"end":{"line":75,"column":66}}},"7":{"name":"(anonymous_7)","line":83,"loc":{"start":{"line":83,"column":11},"end":{"line":83,"column":46}}},"8":{"name":"(anonymous_8)","line":87,"loc":{"start":{"line":87,"column":11},"end":{"line":87,"column":53}}},"9":{"name":"(anonymous_9)","line":91,"loc":{"start":{"line":91,"column":11},"end":{"line":91,"column":30}}},"10":{"name":"(anonymous_10)","line":95,"loc":{"start":{"line":95,"column":11},"end":{"line":95,"column":40}}},"11":{"name":"(anonymous_11)","line":99,"loc":{"start":{"line":99,"column":11},"end":{"line":99,"column":38}}}},"branchMap":{},"s":{"1":0,"2":0,"3":0,"4":0,"5":0,"6":0,"7":0,"8":0,"9":0,"10":0,"11":0,"12":0,"13":0,"14":0,"15":0,"16":0,"17":0,"18":0,"19":0,"20":0,"21":0,"22":0},"b":{},"f":{"1":0,"2":0,"3":0,"4":0,"5":0,"6":0,"7":0,"8":0,"9":0,"10":0,"11":0},"l":{"4":0,"5":0,"6":0,"40":0,"42":0,"43":0,"44":0,"45":0,"47":0,"49":0,"52":0,"55":0,"59":0,"64":0,"72":0,"76":0,"80":0,"84":0,"88":0,"92":0,"96":0,"100":0}},
"src\\common\\targetPlatformHelper.ts":{"path":"src\\common\\targetPlatformHelper.ts","statementMap":{"1":{"start":{"line":4,"column":0},"end":{"line":4,"column":-1}},"2":{"start":{"line":5,"column":0},"end":{"line":5,"column":-1}},"3":{"start":{"line":6,"column":0},"end":{"line":6,"column":-1}},"4":{"start":{"line":7,"column":0},"end":{"line":7,"column":-1}},"5":{"start":{"line":11,"column":0},"end":{"line":11,"column":-1}},"6":{"start":{"line":12,"column":4},"end":{"line":12,"column":3}},"7":{"start":{"line":13,"column":4},"end":{"line":13,"column":3}},"8":{"start":{"line":14,"column":4},"end":{"line":14,"column":3}},"9":{"start":{"line":15,"column":4},"end":{"line":15,"column":3}},"10":{"start":{"line":23,"column":8},"end":{"line":23,"column":7}},"11":{"start":{"line":25,"column":16},"end":{"line":25,"column":15}},"12":{"start":{"line":27,"column":16},"end":{"line":27,"column":15}},"13":{"start":{"line":29,"column":16},"end":{"line":29,"column":15}},"14":{"start":{"line":32,"column":16},"end":{"line":32,"column":15}},"15":{"start":{"line":34,"column":16},"end":{"line":34,"column":15}},"16":{"start":{"line":42,"column":8},"end":{"line":42,"column":7}},"17":{"start":{"line":43,"column":8},"end":{"line":50,"column":9}},"18":{"start":{"line":44,"column":12},"end":{"line":46,"column":13}},"19":{"start":{"line":45,"column":16},"end":{"line":45,"column":15}},"20":{"start":{"line":49,"column":12},"end":{"line":49,"column":11}},"21":{"start":{"line":18,"column":0},"end":{"line":18,"column":-1}}},"fnMap":{"1":{"name":"(anonymous_1)","line":11,"loc":{"start":{"line":11,"column":0},"end":{"line":11,"column":28}}},"2":{"name":"(anonymous_2)","line":22,"loc":{"start":{"line":22,"column":11},"end":{"line":22,"column":58}}},"3":{"name":"(anonymous_3)","line":41,"loc":{"start":{"line":41,"column":11},"end":{"line":41,"column":65}}}},"branchMap":{"1":{"line":11,"type":"binary-expr","locations":[{"start":{"line":11,"column":12},"end":{"line":11,"column":11}},{"start":{"line":11,"column":12},"end":{"line":11,"column":11}}]},"2":{"line":24,"type":"switch","locations":[{"start":{"line":24,"column":12},"end":{"line":25,"column":16}},{"start":{"line":26,"column":12},"end":{"line":27,"column":16}},{"start":{"line":28,"column":12},"end":{"line":29,"column":16}},{"start":{"line":30,"column":12},"end":{"line":30,"column":11}},{"start":{"line":31,"column":12},"end":{"line":32,"column":16}},{"start":{"line":33,"column":12},"end":{"line":34,"column":16}}]},"3":{"line":44,"type":"if","locations":[{"start":{"line":44,"column":12},"end":{"line":44,"column":11}},{"start":{"line":44,"column":12},"end":{"line":44,"column":11}}]}},"s":{"1":0,"2":0,"3":0,"4":0,"5":0,"6":0,"7":0,"8":0,"9":0,"10":0,"11":0,"12":0,"13":0,"14":0,"15":0,"16":0,"17":0,"18":0,"19":0,"20":0,"21":0},"b":{"1":[0,0],"2":[0,0,0,0,0,0],"3":[0,0]},"f":{"1":0,"2":0,"3":0},"l":{"4":0,"5":0,"6":0,"7":0,"11":0,"12":0,"13":0,"14":0,"15":0,"18":0,"23":0,"25":0,"27":0,"29":0,"32":0,"34":0,"42":0,"43":0,"44":0,"45":0,"49":0}},
"src\\common\\telemetry.ts":{"path":"src\\common\\telemetry.ts","statementMap":{"1":{"start":{"line":4,"column":0},"end":{"line":4,"column":-1}},"2":{"start":{"line":5,"column":0},"end":{"line":5,"column":-1}},"3":{"start":{"line":6,"column":0},"end":{"line":6,"column":-1}},"4":{"start":{"line":7,"column":0},"end":{"line":7,"column":-1}},"5":{"start":{"line":12,"column":0},"end":{"line":12,"column":-1}},"6":{"start":{"line":14,"column":15},"end":{"line":14,"column":14}},"7":{"start":{"line":16,"column":15},"end":{"line":16,"column":14}},"8":{"start":{"line":36,"column":12},"end":{"line":36,"column":11}},"9":{"start":{"line":37,"column":12},"end":{"line":37,"column":11}},"10":{"start":{"line":41,"column":12},"end":{"line":41,"column":11}},"11":{"start":{"line":42,"column":12},"end":{"line":42,"column":11}},"12":{"start":{"line":43,"column":12},"end":{"line":43,"column":11}},"13":{"start":{"line":44,"column":12},"end":{"line":44,"column":11}},"14":{"start":{"line":48,"column":12},"end":{"line":51,"column":13}},"15":{"start":{"line":50,"column":16},"end":{"line":50,"column":15}},"16":{"start":{"line":53,"column":12},"end":{"line":53,"column":11}},"17":{"start":{"line":60,"column":12},"end":{"line":65,"column":13}},"18":{"start":{"line":61,"column":16},"end":{"line":61,"column":15}},"19":{"start":{"line":64,"column":16},"end":{"line":64,"column":15}},"20":{"start":{"line":67,"column":12},"end":{"line":67,"column":11}},"21":{"start":{"line":74,"column":12},"end":{"line":74,"column":11}},"22":{"start":{"line":75,"column":12},"end":{"line":77,"column":13}},"23":{"start":{"line":76,"column":16},"end":{"line":76,"column":15}},"24":{"start":{"line":79,"column":12},"end":{"line":79,"column":11}},"25":{"start":{"line":33,"column":23},"end":{"line":33,"column":22}},"26":{"start":{"line":92,"column":12},"end":{"line":92,"column":11}},"27":{"start":{"line":93,"column":12},"end":{"line":93,"column":11}},"28":{"start":{"line":97,"column":12},"end":{"line":97,"column":11}},"29":{"start":{"line":98,"column":12},"end":{"line":98,"column":11}},"30":{"start":{"line":100,"column":12},"end":{"line":100,"column":11}},"31":{"start":{"line":89,"column":23},"end":{"line":89,"column":22}},"32":{"start":{"line":86,"column":17},"end":{"line":86,"column":16}},"33":{"start":{"line":114,"column":12},"end":{"line":114,"column":11}},"34":{"start":{"line":115,"column":12},"end":{"line":115,"column":11}},"35":{"start":{"line":119,"column":12},"end":{"line":119,"column":11}},"36":{"start":{"line":123,"column":12},"end":{"line":128,"column":13}},"37":{"start":{"line":124,"column":16},"end":{"line":124,"column":15}},"38":{"start":{"line":127,"column":16},"end":{"line":127,"column":15}},"39":{"start":{"line":109,"column":17},"end":{"line":109,"column":16}},"40":{"start":{"line":132,"column":4},"end":{"line":139,"column":5}},"41":{"start":{"line":133,"column":8},"end":{"line":138,"column":9}},"42":{"start":{"line":134,"column":12},"end":{"line":134,"column":11}},"43":{"start":{"line":135,"column":12},"end":{"line":135,"column":11}},"44":{"start":{"line":137,"column":12},"end":{"line":137,"column":11}},"45":{"start":{"line":132,"column":20},"end":{"line":132,"column":19}},"46":{"start":{"line":141,"column":4},"end":{"line":175,"column":5}},"47":{"start":{"line":142,"column":8},"end":{"line":174,"column":9}},"48":{"start":{"line":143,"column":12},"end":{"line":173,"column":13}},"49":{"start":{"line":144,"column":16},"end":{"line":146,"column":17}},"50":{"start":{"line":145,"column":40},"end":{"line":145,"column":39}},"51":{"start":{"line":148,"column":16},"end":{"line":169,"column":17}},"52":{"start":{"line":149,"column":20},"end":{"line":149,"column":19}},"53":{"start":{"line":150,"column":20},"end":{"line":150,"column":19}},"54":{"start":{"line":152,"column":20},"end":{"line":152,"column":19}},"55":{"start":{"line":153,"column":24},"end":{"line":153,"column":23}},"56":{"start":{"line":155,"column":32},"end":{"line":155,"column":31}},"57":{"start":{"line":156,"column":32},"end":{"line":156,"column":31}},"58":{"start":{"line":159,"column":32},"end":{"line":159,"column":31}},"59":{"start":{"line":160,"column":32},"end":{"line":160,"column":31}},"60":{"start":{"line":163,"column":32},"end":{"line":163,"column":31}},"61":{"start":{"line":164,"column":32},"end":{"line":164,"column":31}},"62":{"start":{"line":168,"column":20},"end":{"line":168,"column":19}},"63":{"start":{"line":172,"column":16},"end":{"line":172,"column":15}},"64":{"start":{"line":141,"column":20},"end":{"line":141,"column":19}},"65":{"start":{"line":185,"column":17},"end":{"line":12,"column":23}},"66":{"start":{"line":199,"column":4},"end":{"line":209,"column":5}},"67":{"start":{"line":200,"column":8},"end":{"line":200,"column":7}},"68":{"start":{"line":202,"column":8},"end":{"line":206,"column":9}},"69":{"start":{"line":203,"column":12},"end":{"line":203,"column":11}},"70":{"start":{"line":204,"column":12},"end":{"line":204,"column":11}},"71":{"start":{"line":205,"column":12},"end":{"line":205,"column":11}},"72":{"start":{"line":208,"column":8},"end":{"line":208,"column":7}},"73":{"start":{"line":199,"column":20},"end":{"line":199,"column":19}}},"fnMap":{"1":{"name":"(anonymous_1)","line":12,"loc":{"start":{"line":12,"column":0},"end":{"line":12,"column":2
[...]
"src\\extension\\log\\OutputChannelLogger.ts":{"path":"src\\extension\\log\\OutputChannelLogger.ts","statementMap":{"1":{"start":{"line":8,"column":0},"end":{"line":8,"column":-1}},"2":{"start":{"line":9,"column":0},"end":{"line":9,"column":-1}},"3":{"start":{"line":10,"column":0},"end":{"line":10,"column":-1}},"4":{"start":{"line":11,"column":0},"end":{"line":11,"column":-1}},"5":{"start":{"line":14,"column":0},"end":{"line":14,"column":-1}},"6":{"start":{"line":44,"column":32},"end":{"line":44,"column":31}},"7":{"start":{"line":44,"column":84},"end":{"line":44,"column":83}},"8":{"start":{"line":45,"column":8},"end":{"line":45,"column":7}},"9":{"start":{"line":46,"column":8},"end":{"line":53,"column":9}},"10":{"start":{"line":47,"column":12},"end":{"line":47,"column":11}},"11":{"start":{"line":48,"column":12},"end":{"line":48,"column":11}},"12":{"start":{"line":49,"column":12},"end":{"line":49,"column":11}},"13":{"start":{"line":50,"column":12},"end":{"line":50,"column":11}},"14":{"start":{"line":51,"column":16},"end":{"line":51,"column":15}},"15":{"start":{"line":54,"column":8},"end":{"line":57,"column":9}},"16":{"start":{"line":55,"column":12},"end":{"line":55,"column":11}},"17":{"start":{"line":56,"column":12},"end":{"line":56,"column":11}},"18":{"start":{"line":24,"column":8},"end":{"line":30,"column":9}},"19":{"start":{"line":25,"column":12},"end":{"line":25,"column":11}},"20":{"start":{"line":26,"column":12},"end":{"line":28,"column":13}},"21":{"start":{"line":27,"column":16},"end":{"line":27,"column":15}},"22":{"start":{"line":29,"column":12},"end":{"line":29,"column":11}},"23":{"start":{"line":34,"column":8},"end":{"line":34,"column":7}},"24":{"start":{"line":38,"column":8},"end":{"line":40,"column":9}},"25":{"start":{"line":39,"column":12},"end":{"line":39,"column":11}},"26":{"start":{"line":41,"column":8},"end":{"line":41,"column":7}},"27":{"start":{"line":61,"column":8},"end":{"line":63,"column":9}},"28":{"start":{"line":62,"column":12},"end":{"line":62,"column":11}},"29":{"start":{"line":65,"column":8},"end":{"line":71,"column":9}},"30":{"start":{"line":66,"column":12},"end":{"line":66,"column":11}},"31":{"start":{"line":67,"column":12},"end":{"line":67,"column":11}},"32":{"start":{"line":68,"column":12},"end":{"line":70,"column":13}},"33":{"start":{"line":69,"column":16},"end":{"line":69,"column":15}},"34":{"start":{"line":75,"column":8},"end":{"line":75,"column":7}},"35":{"start":{"line":79,"column":8},"end":{"line":79,"column":7}},"36":{"start":{"line":83,"column":8},"end":{"line":83,"column":7}},"37":{"start":{"line":84,"column":8},"end":{"line":84,"column":7}},"38":{"start":{"line":85,"column":8},"end":{"line":87,"column":9}},"39":{"start":{"line":86,"column":12},"end":{"line":86,"column":11}},"40":{"start":{"line":90,"column":8},"end":{"line":95,"column":9}},"41":{"start":{"line":91,"column":12},"end":{"line":91,"column":11}},"42":{"start":{"line":92,"column":12},"end":{"line":94,"column":13}},"43":{"start":{"line":93,"column":16},"end":{"line":93,"column":15}},"44":{"start":{"line":99,"column":8},"end":{"line":99,"column":7}},"45":{"start":{"line":103,"column":8},"end":{"line":103,"column":7}},"46":{"start":{"line":104,"column":8},"end":{"line":106,"column":9}},"47":{"start":{"line":105,"column":12},"end":{"line":105,"column":11}},"48":{"start":{"line":110,"column":8},"end":{"line":110,"column":7}},"49":{"start":{"line":114,"column":8},"end":{"line":114,"column":7}},"50":{"start":{"line":118,"column":8},"end":{"line":118,"column":7}},"51":{"start":{"line":122,"column":8},"end":{"line":122,"column":7}},"52":{"start":{"line":126,"column":8},"end":{"line":132,"column":9}},"53":{"start":{"line":127,"column":12},"end":{"line":127,"column":11}},"54":{"start":{"line":129,"column":12},"end":{"line":129,"column":11}},"55":{"start":{"line":130,"column":12},"end":{"line":130,"column":11}},"56":{"start":{"line":131,"column":12},"end":{"line":131,"column":11}},"57":{"start":{"line":136,"column":8},"end":{"line":136,"column":7}},"58":{"start":{"line":17,"column":18},"end":{"line":17,"column":17}},"59":{"start":{"line":21,"column":19},"end":{"line":21,"column":18}},"60":{"start":{"line":16,"column":0},"end":{"line":16,"column":-1}}},"fnMap":{"1":{"name":"(anonymous_1)","line":44,"loc":{"start":{"line":44,"column":4},"end":{"line":44,"column":114}}},"2":{"name":"(anonymous_2)","line":23,"loc":{"start":{"line":23,"column":11},"end":{"line":23,"column":52}}},"3":{"name":"(anonymous_3)","line":33,"loc":{"start":{"line":33,"column":11},"end":{"line":33,"column":32}}},"4":{"name":"(anonymous_4)","line":37,"loc":{"start":{"line":37,"column":11},"end":{"line":37,"column":89}}},"5":{"name":"(anonymous_5)","line":60,"loc":{"start":{"line":60,"column":11},"end":{"line":60,"column":47}}},"6":{"name":"(anonymous_6)","line":74,"loc":{"start":{"line":74,"column":11},"end":{"line":74,"column":31}}},"7":{"name":"(anonymous_7)","line":78,"loc":{"start":{"line":78,"column":11},"end":{"line":78,"column":60}}},"8":{"name":"(anonymous_8)","line":82,"loc":{"start":{"line":82,"column":11},"end":{"line":82,"column":78}}},"9":{"name":"(anonymous_9)","line":98,"loc":{"start":{"line":98,"column":11},"end":{"line":98,"column":32}}},"10":{"name":"(anonymous_10)","line":102,"loc":{"start":{"line":102,"column":11},"end":{"line":102,"column":42}}},"11":{"name":"(anonymous_11)","line":109,"loc":{"start":{"line":109,"column":11},"end":{"line":109,"column":31}}},"12":{"name":"(anonymous_12)","line":113,"loc":{"start":{"line":113,"column":14},"end":{"line":113,"column":73}}},"13":{"name":"(anonymous_13)","line":117,"loc":{"start":{"line":117,"column":11},"end":{"line":117,"column":27}}},"14":{"name":"(anonymous_14)","line":121,"loc":{"start":{"line":121,"column":11},"end":{"line":121,"column":16}}},"15":{"name":"(anonymous_15)","line":125,"loc":{"start":{"line":125,"column":4},"end":{"line":125,"column":23}}},"16":{"name":"(anonymous_16)","line":135,"loc":{"start":{"line":135,"column":4},"end":{"line":135,"column":53}}}},"branchMap":{"1":{"line":46,"type":"if","locations":[{"start":{"line":46,"column":8},"end":{"line":46,"column":7}},{"start":{"line":46,"column":8},"end":{"line":46,"column":7}}]},"2":{"line":54,"type":"if","locations":[{"start":{"line":54,"column":8},"end":{"line":54,"column":7}},{"start":{"line":54,"column":8},"end":{"line":54,"column":7}}]},"3":{"line":24,"type":"if","locations":[{"start":{"line":24,"column":8},"end":{"line":24,"column":7}},{"start":{"line":24,"column":8},"end":{"line":24,"column":7}}]},"4":{"line":26,"type":"if","locations":[{"start":{"line":26,"column":12},"end":{"line":26,"column":11}},{"start":{"line":26,"column":12},"end":{"line":26,"column":11}}]},"5":{"line":38,"type":"if","locations":[{"start":{"line":38,"column":8},"end":{"line":38,"column":7}},{"start":{"line":38,"column":8},"end":{"line":38,"column":7}}]},"6":{"line":61,"type":"if","locations":[{"start":{"line":61,"column":8},"end":{"line":61,"column":7}},{"start":{"line":61,"column":8},"end":{"line":61,"column":7}}]},"7":{"line":65,"type":"if","locations":[{"start":{"line":65,"column":8},"end":{"line":65,"column":7}},{"start":{"line":65,"column":8},"end":{"line":65,"column":7}}]},"8":{"line":68,"type":"if","locations":[{"start":{"line":68,"column":12},"end":{"line":68,"column":11}},{"start":{"line":68,"column":12},"end":{"line":68,"column":11}}]},"9":{"line":85,"type":"if","locations":[{"start":{"line":85,"column":8},"end":{"line":85,"column":7}},{"start":{"line":85,"column":8},"end":{"line":85,"column":7}}]},"10":{"line":90,"type":"if","locations":[{"start":{"line":90,"column":8},"end":{"line":90,"column":7}},{"start":{"line":90,"column":8},"end":{"line":90,"column":7}}]},"11":{"line":90,"type":"binary-expr","locations":[{"start":{"line":90,"column":12},"end":{"line":90,"column":11}},{"start":{"line":90,"column":24},"end":{"line":90,"column":12}},{"start":{"line":90,"column":41},"end":{"line":90,"column":8}}]},"12":{"line":92,"type":"if","locations":[{"start":{"line":92,"column":12},"end":{"line":92,"column":11}},{"start":{"line":92,"column":12},"end":{"line":92,"column":11}}]},"13":{"line":104,"type":"if","locations":[{"start":{"line":104,"column":8},"end":{"line":104,"column":7}},{"start":{"line":104,"column":8},"end":{"line":104,"column":7}}]},"14":{"line":126,"type":"if","locations":[{"start":{"line":126,"column":8},"end":{"line":126,"column":7}},{"start":{"line":126,"column":8},"end":{"line":126,"column":7}}]}},"s":{"1":0,"2":0,"3":0,"4":0,"5":0,"6":0,"7":0,"8":0,"9":0,"10":0,"11":0,"12":0,"13":0,"14":0,"15":0,"16":0,"17":0,"18":0,"19":0,"20":0,"21":0,"22":0,"23":0,"24":0,"25":0,"26":0,"27":0,"28":0,"29":0,"30":0,"31":0,"32":0,"33":0,"34":0,"35":0,"36":0,"37":0,"38":0,"39":0,"40":0,"41":0,"42":0,"43":0,"44":0,"45":0,"46":0,"47":0,"48":0,"49":0,"50":0,"51":0,"52":0,"53":0,"54":0,"55":0,"56":0,"57":0,"58":0,"59":0,"60":0},"b":{"1":[0,0],"2":[0,0],"3":[0,0],"4":[0,0],"5":[0,0],"6":[0,0],"7":[0,0],"8":[0,0],"9":[0,0],"10":[0,0],"11":[0,0,0],"12":[0,0],"13":[0,0],"14":[0,0]},"f":{"1":0,"2":0,"3":0,"4":0,"5":0,"6":0,"7":0,"8":0,"9":0,"10":0,"11":0,"12":0,"13":0,"14":0,"15":0,"16":0},"l":{"8":0,"9":0,"10":0,"11":0,"14":0,"16":0,"17":0,"21":0,"24":0,"25":0,"26":0,"27":0,"29":0,"34":0,"38":0,"39":0,"41":0,"44":0,"45":0,"46":0,"47":0,"48":0,"49":0,"50":0,"51":0,"54":0,"55":0,"56":0,"61":0,"62":0,"65":0,"66":0,"67":0,"68":0,"69":0,"75":0,"79":0,"83":0,"84":0,"85":0,"86":0,"90":0,"91":0,"92":0,"93":0,"99":0,"103":0,"104":0,"105":0,"110":0,"114":0,"118":0,"122":0,"126":0,"127":0,"129":0,"130":0,"131":0,"136":0}},
"src\\extension\\windows\\windowsPlatform.ts":{"path":"src\\extension\\windows\\windowsPlatform.ts","statementMap":{"1":{"start":{"line":4,"column":0},"end":{"line":4,"column":-1}},"2":{"start":{"line":5,"column":0},"end":{"line":5,"column":-1}},"3":{"start":{"line":7,"column":0},"end":{"line":7,"column":-1}},"4":{"start":{"line":9,"column":0},"end":{"line":9,"column":-1}},"5":{"start":{"line":10,"column":0},"end":{"line":10,"column":-1}},"6":{"start":{"line":11,"column":0},"end":{"line":11,"column":-1}},"7":{"start":{"line":12,"column":0},"end":{"line":12,"column":-1}},"8":{"start":{"line":13,"column":0},"end":{"line":13,"column":-1}},"9":{"start":{"line":33,"column":8},"end":{"line":33,"column":7}},"10":{"start":{"line":32,"column":26},"end":{"line":32,"column":25}},"11":{"start":{"line":37,"column":8},"end":{"line":37,"column":7}},"12":{"start":{"line":44,"column":8},"end":{"line":44,"column":7}},"13":{"start":{"line":45,"column":12},"end":{"line":45,"column":11}},"14":{"start":{"line":47,"column":12},"end":{"line":49,"column":13}},"15":{"start":{"line":48,"column":16},"end":{"line":48,"column":15}},"16":{"start":{"line":51,"column":12},"end":{"line":51,"column":11}},"17":{"start":{"line":53,"column":20},"end":{"line":55,"column":21}},"18":{"start":{"line":54,"column":24},"end":{"line":54,"column":23}},"19":{"start":{"line":57,"column":20},"end":{"line":57,"column":19}},"20":{"start":{"line":58,"column":20},"end":{"line":58,"column":19}},"21":{"start":{"line":58,"column":52},"end":{"line":58,"column":27}},"22":{"start":{"line":58,"column":95},"end":{"line":58,"column":27}},"23":{"start":{"line":65,"column":8},"end":{"line":65,"column":7}},"24":{"start":{"line":69,"column":8},"end":{"line":69,"column":7}},"25":{"start":{"line":71,"column":8},"end":{"line":78,"column":9}},"26":{"start":{"line":72,"column":12},"end":{"line":72,"column":11}},"27":{"start":{"line":74,"column":12},"end":{"line":74,"column":11}},"28":{"start":{"line":75,"column":12},"end":{"line":77,"column":13}},"29":{"start":{"line":76,"column":16},"end":{"line":76,"column":15}},"30":{"start":{"line":80,"column":8},"end":{"line":80,"column":7}},"31":{"start":{"line":19,"column":21},"end":{"line":19,"column":20}},"32":{"start":{"line":21,"column":19},"end":{"line":21,"column":18}},"33":{"start":{"line":25,"column":19},"end":{"line":25,"column":18}},"34":{"start":{"line":18,"column":0},"end":{"line":18,"column":-1}}},"fnMap":{"1":{"name":"(anonymous_1)","line":32,"loc":{"start":{"line":32,"column":4},"end":{"line":32,"column":95}}},"2":{"name":"(anonymous_2)","line":36,"loc":{"start":{"line":36,"column":11},"end":{"line":36,"column":45}}},"3":{"name":"(anonymous_3)","line":64,"loc":{"start":{"line":64,"column":11},"end":{"line":64,"column":29}}},"4":{"name":"(anonymous_4)","line":68,"loc":{"start":{"line":68,"column":11},"end":{"line":68,"column":26}}}},"branchMap":{"1":{"line":47,"type":"if","locations":[{"start":{"line":47,"column":12},"end":{"line":47,"column":11}},{"start":{"line":47,"column":12},"end":{"line":47,"column":11}}]},"2":{"line":53,"type":"if","locations":[{"start":{"line":53,"column":20},"end":{"line":53,"column":19}},{"start":{"line":53,"column":20},"end":{"line":53,"column":19}}]},"3":{"line":53,"type":"binary-expr","locations":[{"start":{"line":53,"column":24},"end":{"line":53,"column":23}},{"start":{"line":53,"column":105},"end":{"line":53,"column":20}}]},"4":{"line":71,"type":"if","locations":[{"start":{"line":71,"column":8},"end":{"line":71,"column":7}},{"start":{"line":71,"column":8},"end":{"line":71,"column":7}}]},"5":{"line":71,"type":"binary-expr","locations":[{"start":{"line":71,"column":12},"end":{"line":71,"column":11}},{"start":{"line":71,"column":45},"end":{"line":71,"column":8}}]},"6":{"line":74,"type":"cond-expr","locations":[{"start":{"line":74,"column":86},"end":{"line":74,"column":25}},{"start":{"line":74,"column":91},"end":{"line":74,"column":12}}]},"7":{"line":75,"type":"if","locations":[{"start":{"line":75,"column":12},"end":{"line":75,"column":11}},{"start":{"line":75,"column":12},"end":{"line":75,"column":11}}]}},"s":{"1":0,"2":0,"3":0,"4":0,"5":0,"6":0,"7":0,"8":0,"9":0,"10":0,"11":0,"12":0,"13":0,"14":0,"15":0,"16":0,"17":0,"18":0,"19":0,"20":0,"21":0,"22":0,"23":0,"24":0,"25":0,"26":0,"27":0,"28":0,"29":0,"30":0,"31":0,"32":0,"33":0,"34":0},"b":{"1":[0,0],"2":[0,0],"3":[0,0],"4":[0,0],"5":[0,0],"6":[0,0],"7":[0,0]},"f":{"1":0,"2":0,"3":0,"4":0},"l":{"4":0,"5":0,"7":0,"9":0,"10":0,"11":0,"12":0,"13":0,"18":0,"19":0,"21":0,"25":0,"32":0,"33":0,"37":0,"44":0,"45":0,"47":0,"48":0,"51":0,"53":0,"54":0,"57":0,"58":0,"65":0,"69":0,"71":0,"72":0,"74":0,"75":0,"76":0,"80":0}},
"src\\extension\\windows\\wpfPlatform.ts":{"path":"src\\extension\\windows\\wpfPlatform.ts","statementMap":{"1":{"start":{"line":4,"column":0},"end":{"line":4,"column":-1}},"2":{"start":{"line":5,"column":0},"end":{"line":5,"column":-1}},"3":{"start":{"line":6,"column":0},"end":{"line":6,"column":-1}},"4":{"start":{"line":10,"column":0},"end":{"line":10,"column":-1}},"5":{"start":{"line":11,"column":0},"end":{"line":11,"column":-1}},"6":{"start":{"line":12,"column":0},"end":{"line":12,"column":-1}},"7":{"start":{"line":13,"column":0},"end":{"line":13,"column":-1}},"8":{"start":{"line":14,"column":0},"end":{"line":14,"column":-1}},"9":{"start":{"line":15,"column":0},"end":{"line":15,"column":-1}},"10":{"start":{"line":23,"column":8},"end":{"line":23,"column":7}},"11":{"start":{"line":22,"column":26},"end":{"line":22,"column":25}},"12":{"start":{"line":27,"column":8},"end":{"line":27,"column":7}},"13":{"start":{"line":34,"column":8},"end":{"line":34,"column":7}},"14":{"start":{"line":35,"column":12},"end":{"line":35,"column":11}},"15":{"start":{"line":37,"column":12},"end":{"line":39,"column":13}},"16":{"start":{"line":38,"column":16},"end":{"line":38,"column":15}},"17":{"start":{"line":41,"column":12},"end":{"line":41,"column":11}},"18":{"start":{"line":43,"column":20},"end":{"line":45,"column":21}},"19":{"start":{"line":44,"column":24},"end":{"line":44,"column":23}},"20":{"start":{"line":47,"column":20},"end":{"line":49,"column":21}},"21":{"start":{"line":48,"column":24},"end":{"line":48,"column":23}},"22":{"start":{"line":51,"column":20},"end":{"line":51,"column":19}},"23":{"start":{"line":52,"column":20},"end":{"line":52,"column":19}},"24":{"start":{"line":53,"column":24},"end":{"line":53,"column":23}},"25":{"start":{"line":55,"column":24},"end":{"line":55,"column":23}},"26":{"start":{"line":57,"column":32},"end":{"line":57,"column":31}},"27":{"start":{"line":58,"column":32},"end":{"line":58,"column":31}},"28":{"start":{"line":59,"column":32},"end":{"line":59,"column":31}},"29":{"start":{"line":60,"column":32},"end":{"line":60,"column":31}},"30":{"start":{"line":61,"column":36},"end":{"line":61,"column":35}},"31":{"start":{"line":62,"column":36},"end":{"line":65,"column":37}},"32":{"start":{"line":63,"column":40},"end":{"line":63,"column":39}},"33":{"start":{"line":64,"column":40},"end":{"line":64,"column":39}},"34":{"start":{"line":68,"column":32},"end":{"line":68,"column":31}},"35":{"start":{"line":69,"column":36},"end":{"line":71,"column":37}},"36":{"start":{"line":70,"column":40},"end":{"line":70,"column":39}},"37":{"start":{"line":74,"column":32},"end":{"line":74,"column":31}},"38":{"start":{"line":75,"column":36},"end":{"line":74,"column":62}},"39":{"start":{"line":21,"column":19},"end":{"line":21,"column":18}},"40":{"start":{"line":20,"column":0},"end":{"line":20,"column":-1}}},"fnMap":{"1":{"name":"(anonymous_1)","line":22,"loc":{"start":{"line":22,"column":4},"end":{"line":22,"column":95}}},"2":{"name":"(anonymous_2)","line":26,"loc":{"start":{"line":26,"column":11},"end":{"line":26,"column":45}}}},"branchMap":{"1":{"line":37,"type":"if","locations":[{"start":{"line":37,"column":12},"end":{"line":37,"column":11}},{"start":{"line":37,"column":12},"end":{"line":37,"column":11}}]},"2":{"line":43,"type":"if","locations":[{"start":{"line":43,"column":20},"end":{"line":43,"column":19}},{"start":{"line":43,"column":20},"end":{"line":43,"column":19}}]},"3":{"line":47,"type":"if","locations":[{"start":{"line":47,"column":20},"end":{"line":47,"column":19}},{"start":{"line":47,"column":20},"end":{"line":47,"column":19}}]},"4":{"line":47,"type":"binary-expr","locations":[{"start":{"line":47,"column":24},"end":{"line":47,"column":23}},{"start":{"line":47,"column":105},"end":{"line":47,"column":20}}]},"5":{"line":62,"type":"if","locations":[{"start":{"line":62,"column":36},"end":{"line":62,"column":35}},{"start":{"line":62,"column":36},"end":{"line":62,"column":35}}]},"6":{"line":62,"type":"binary-expr","locations":[{"start":{"line":62,"column":40},"end":{"line":62,"column":39}},{"start":{"line":62,"column":53},"end":{"line":62,"column":36}}]},"7":{"line":69,"type":"if","locations":[{"start":{"line":69,"column":36},"end":{"line":69,"column":35}},{"start":{"line":69,"column":36},"end":{"line":69,"column":35}}]}},"s":{"1":0,"2":0,"3":0,"4":0,"5":0,"6":0,"7":0,"8":0,"9":0,"10":0,"11":0,"12":0,"13":0,"14":0,"15":0,"16":0,"17":0,"18":0,"19":0,"20":0,"21":0,"22":0,"23":0,"24":0,"25":0,"26":0,"27":0,"28":0,"29":0,"30":0,"31":0,"32":0,"33":0,"34":0,"35":0,"36":0,"37":0,"38":0,"39":0,"40":0},"b":{"1":[0,0],"2":[0,0],"3":[0,0],"4":[0,0],"5":[0,0],"6":[0,0],"7":[0,0]},"f":{"1":0,"2":0},"l":{"4":0,"5":0,"6":0,"10":0,"11":0,"12":0,"13":0,"14":0,"15":0,"20":0,"21":0,"22":0,"23":0,"27":0,"34":0,"35":0,"37":0,"38":0,"41":0,"43":0,"44":0,"47":0,"48":0,"51":0,"52":0,"53":0,"55":0,"57":0,"58":0,"59":0,"60":0,"61":0,"62":0,"63":0,"64":0,"68":0,"69":0,"70":0,"74":0,"75":0}}}
