{
"d:\\a\\1\\s\\src\\common\\commandExecutor.js":{"path":"d:\\a\\1\\s\\src\\common\\commandExecutor.js","s":{"1":0,"2":0,"3":0,"4":0,"5":0,"6":0,"7":0,"8":0,"9":0,"10":0,"11":0,"12":0,"13":0,"14":0,"15":0,"16":0,"17":0,"18":0,"19":0,"20":0,"21":0,"22":0,"23":0,"24":0,"25":0,"26":0,"27":0,"28":0,"29":0,"30":0,"31":0,"32":0,"33":0,"34":0,"35":0,"36":0,"37":0,"38":0,"39":0,"40":0,"41":0,"42":0,"43":0,"44":0,"45":0,"46":0,"47":0,"48":0,"49":0,"50":0,"51":0,"52":0,"53":0,"54":0,"55":0,"56":0,"57":0,"58":0,"59":0,"60":0,"61":0,"62":0,"63":0,"64":0,"65":0,"66":0,"67":0,"68":0,"69":0,"70":0,"71":0,"72":0,"73":0,"74":0,"75":0,"76":0,"77":0,"78":0,"79":0,"80":0,"81":0,"82":0,"83":0,"84":0,"85":0,"86":0,"87":0,"88":0,"89":0,"90":0,"91":0,"92":0,"93":0,"94":0,"95":0,"96":0,"97":0,"98":0,"99":0,"100":0},"b":{"1":[0,0],"2":[0,0],"3":[0,0,0],"4":[0,0],"5":[0,0],"6":[0,0],"7":[0,0],"8":[0,0],"9":[0,0],"10":[0,0],"11":[0,0],"12":[0,0],"13":[0,0,0]},"f":{"1":0,"2":0,"3":0,"4":0,"5":0,"6":0,"7":0,"8":0,"9":0,"10":0,"11":0,"12":0,"13":0},"fnMap":{"1":{"name":"(anonymous_1)","line":15,"loc":{"start":{"line":14,"column":1},"end":{"line":14,"column":29}}},"2":{"name":"(anonymous_2)","line":21,"loc":{"start":{"line":20,"column":1},"end":{"line":20,"column":26}}},"3":{"name":"(anonymous_3)","line":26,"loc":{"start":{"line":25,"column":4},"end":{"line":25,"column":97}}},"4":{"name":"(anonymous_4)","line":31,"loc":{"start":{"line":30,"column":4},"end":{"line":30,"column":35}}},"5":{"name":"(anonymous_5)","line":45,"loc":{"start":{"line":45,"column":4},"end":{"line":45,"column":39}}},"6":{"name":"(anonymous_6)","line":51,"loc":{"start":{"line":51,"column":4},"end":{"line":51,"column":43}}},"7":{"name":"(anonymous_7)","line":58,"loc":{"start":{"line":58,"column":4},"end":{"line":58,"column":28}}},"8":{"name":"(anonymous_8)","line":75,"loc":{"start":{"line":75,"column":4},"end":{"line":75,"column":39}}},"9":{"name":"(anonymous_9)","line":95,"loc":{"start":{"line":97,"column":4},"end":{"line":97,"column":56}}},"10":{"name":"(anonymous_10)","line":106,"loc":{"start":{"line":108,"column":4},"end":{"line":108,"column":87}}},"11":{"name":"(anonymous_11)","line":149,"loc":{"start":{"line":153,"column":4},"end":{"line":153,"column":51}}},"12":{"name":"(anonymous_12)","line":163,"loc":{"start":{"line":167,"column":4},"end":{"line":167,"column":49}}},"13":{"name":"(anonymous_13)","line":166,"loc":{"start":{"line":170,"column":4},"end":{"line":170,"column":51}}}},"statementMap":{"1":{"start":{"line":4,"column":0},"end":{"line":4,"column":0}},"2":{"start":{"line":5,"column":0},"end":{"line":5,"column":0}},"3":{"start":{"line":6,"column":0},"end":{"line":6,"column":0}},"4":{"start":{"line":7,"column":0},"end":{"line":7,"column":0}},"5":{"start":{"line":8,"column":0},"end":{"line":8,"column":0}},"6":{"start":{"line":9,"column":0},"end":{"line":9,"column":0}},"7":{"start":{"line":10,"column":0},"end":{"line":10,"column":0}},"8":{"start":{"line":11,"column":0},"end":{"line":11,"column":0}},"9":{"start":{"line":12,"column":0},"end":{"line":12,"column":0}},"10":{"start":{"line":13,"column":0},"end":{"line":13,"column":0}},"11":{"start":{"line":14,"column":0},"end":{"line":14,"column":0}},"12":{"start":{"line":15,"column":4},"end":{"line":15,"column":4}},"13":{"start":{"line":16,"column":4},"end":{"line":16,"column":4}},"14":{"start":{"line":17,"column":4},"end":{"line":17,"column":4}},"15":{"start":{"line":19,"column":0},"end":{"line":19,"column":0}},"16":{"start":{"line":20,"column":0},"end":{"line":20,"column":0}},"17":{"start":{"line":21,"column":4},"end":{"line":21,"column":4}},"18":{"start":{"line":22,"column":4},"end":{"line":22,"column":4}},"19":{"start":{"line":26,"column":8},"end":{"line":26,"column":8}},"20":{"start":{"line":27,"column":8},"end":{"line":27,"column":8}},"21":{"start":{"line":28,"column":8},"end":{"line":28,"column":8}},"22":{"start":{"line":31,"column":8},"end":{"line":31,"column":8}},"23":{"start":{"line":32,"column":8},"end":{"line":32,"column":8}},"24":{"start":{"line":34,"column":12},"end":{"line":34,"column":12}},"25":{"start":{"line":35,"column":12},"end":{"line":35,"column":12}},"26":{"start":{"line":36,"column":23},"end":{"line":32,"column":15}},"27":{"start":{"line":46,"column":8},"end":{"line":46,"column":8}},"28":{"start":{"line":52,"column":8},"end":{"line":52,"column":8}},"29":{"start":{"line":59,"column":8},"end":{"line":59,"column":8}},"30":{"start":{"line":60,"column":8},"end":{"line":60,"column":8}},"31":{"start":{"line":61,"column":8},"end":{"line":61,"column":8}},"32":{"start":{"line":62,"column":8},"end":{"line":62,"column":8}},"33":{"start":{"line":63,"column":8},"end":{"line":63,"column":8}},"34":{"start":{"line":64,"column":12},"end":{"line":64,"column":12}},"35":{"start":{"line":66,"column":8},"end":{"line":66,"column":8}},"36":{"start":{"line":67,"column":12},"end":{"line":67,"column":12}},"37":{"start":{"line":68,"column":12},"end":{"line":68,"column":12}},"38":{"start":{"line":70,"column":8},"end":{"line":70,"column":8}},"39":{"start":{"line":76,"column":8},"end":{"line":92,"column":9}},"40":{"start":{"line":77,"column":12},"end":{"line":77,"column":12}},"41":{"start":{"line":78,"column":16},"end":{"line":84,"column":17}},"42":{"start":{"line":79,"column":20},"end":{"line":79,"column":20}},"43":{"start":{"line":82,"column":20},"end":{"line":82,"column":20}},"44":{"start":{"line":83,"column":20},"end":{"line":83,"column":20}},"45":{"start":{"line":86,"column":16},"end":{"line":86,"column":16}},"46":{"start":{"line":90,"column":12},"end":{"line":90,"column":12}},"47":{"start":{"line":91,"column":12},"end":{"line":91,"column":12}},"48":{"start":{"line":98,"column":8},"end":{"line":98,"column":8}},"49":{"start":{"line":99,"column":8},"end":{"line":99,"column":8}},"50":{"start":{"line":109,"column":8},"end":{"line":109,"column":8}},"51":{"start":{"line":110,"column":8},"end":{"line":110,"column":8}},"52":{"start":{"line":111,"column":8},"end":{"line":111,"column":8}},"53":{"start":{"line":112,"column":8},"end":{"line":112,"column":8}},"54":{"start":{"line":113,"column":8},"end":{"line":113,"column":8}},"55":{"start":{"line":114,"column":8},"end":{"line":114,"column":8}},"56":{"start":{"line":115,"column":12},"end":{"line":115,"column":12}},"57":{"start":{"line":116,"column":12},"end":{"line":119,"column":13}},"58":{"start":{"line":117,"column":16},"end":{"line":117,"column":16}},"59":{"start":{"line":118,"column":16},"end":{"line":118,"column":16}},"60":{"start":{"line":121,"column":8},"end":{"line":123,"column":9}},"61":{"start":{"line":122,"column":12},"end":{"line":122,"column":12}},"62":{"start":{"line":124,"column":8},"end":{"line":124,"column":8}},"63":{"start":{"line":125,"column":8},"end":{"line":125,"column":8}},"64":{"start":{"line":126,"column":12},"end":{"line":131,"column":13}},"65":{"start":{"line":127,"column":16},"end":{"line":127,"column":16}},"66":{"start":{"line":129,"column":17},"end":{"line":131,"column":13}},"67":{"start":{"line":130,"column":16},"end":{"line":130,"column":16}},"68":{"start":{"line":133,"column":8},"end":{"line":133,"column":8}},"69":{"start":{"line":134,"column":12},"end":{"line":139,"column":13}},"70":{"start":{"line":135,"column":16},"end":{"line":135,"column":16}},"71":{"start":{"line":137,"column":17},"end":{"line":139,"column":13}},"72":{"start":{"line":138,"column":16},"end":{"line":138,"column":16}},"73":{"start":{"line":141,"column":8},"end":{"line":141,"column":8}},"74":{"start":{"line":142,"column":12},"end":{"line":144,"column":13}},"75":{"start":{"line":143,"column":16},"end":{"line":143,"column":16}},"76":{"start":{"line":145,"column":12},"end":{"line":145,"column":12}},"77":{"start":{"line":146,"column":12},"end":{"line":146,"column":12}},"78":{"start":{"line":148,"column":12},"end":{"line":148,"column":12}},"79":{"start":{"line":149,"column":12},"end":{"line":149,"column":12}},"80":{"start":{"line":151,"column":8},"end":{"line":151,"column":8}},"81":{"start":{"line":154,"column":8},"end":{"line":154,"column":8}},"82":{"start":{"line":155,"column":8},"end":{"line":155,"column":8}},"83":{"start":{"line":156,"column":8},"end":{"line":156,"column":8}},"84":{"start":{"line":157,"column":8},"end":{"line":157,"column":8}},"85":{"start":{"line":158,"column":8},"end":{"line":158,"column":8}},"86":{"start":{"line":159,"column":12},"end":{"line":159,"column":12}},"87":{"start":{"line":161,"column":8},"end":{"line":161,"column":8}},"88":{"start":{"line":162,"column":12},"end":{"line":162,"column":12}},"89":{"start":{"line":164,"column":8},"end":{"line":164,"column":8}},"90":{"start":{"line":164,"column":51},"end":{"line":164,"column":25}},"91":{"start":{"line":164,"column":156},"end":{"line":164,"column":25}},"92":{"start":{"line":165,"column":8},"end":{"line":165,"column":8}},"93":{"start":{"line":168,"column":8},"end":{"line":168,"column":8}},"94":{"start":{"line":171,"column":8},"end":{"line":171,"column":8}},"95":{"start":{"line":173,"column":16},"end":{"line":173,"column":16}},"96":{"start":{"line":175,"column":16},"end":{"line":175,"column":16}},"97":{"start":{"line":177,"column":16},"end":{"line":177,"column":16}},"98":{"start":{"line":181,"column":0},"end":{"line":181,"column":0}},"99":{"start":{"line":182,"column":0},"end":{"line":182,"column":0}},"100":{"start":{"line":183,"column":0},"end":{"line":183,"column":0}}},"branchMap":{"1":{"line":19,"type":"binary-expr","locations":[{"start":{"line":18,"column":22},"end":{"line":18,"column":22}},{"start":{"line":18,"column":51},"end":{"line":18,"column":22}}]},"2":{"line":24,"type":"binary-expr","locations":[{"start":{"line":23,"column":19},"end":{"line":23,"column":19}},{"start":{"line":23,"column":45},"end":{"line":23,"column":19}}]},"3":{"line":68,"type":"binary-expr","locations":[{"start":{"line":68,"column":29},"end":{"line":68,"column":29}},{"start":{"line":68,"column":38},"end":{"line":68,"column":29}},{"start":{"line":68,"column":50},"end":{"line":68,"column":12}}]},"4":{"line":76,"type":"if","locations":[{"start":{"line":76,"column":8},"end":{"line":76,"column":8}},{"start":{"line":76,"column":8},"end":{"line":76,"column":8}}]},"5":{"line":78,"type":"if","locations":[{"start":{"line":78,"column":16},"end":{"line":78,"column":16}},{"start":{"line":78,"column":16},"end":{"line":78,"column":16}}]},"6":{"line":114,"type":"if","locations":[{"start":{"line":116,"column":12},"end":{"line":116,"column":12}},{"start":{"line":116,"column":12},"end":{"line":116,"column":12}}]},"7":{"line":119,"type":"if","locations":[{"start":{"line":121,"column":8},"end":{"line":121,"column":8}},{"start":{"line":121,"column":8},"end":{"line":121,"column":8}}]},"8":{"line":124,"type":"if","locations":[{"start":{"line":126,"column":12},"end":{"line":126,"column":12}},{"start":{"line":126,"column":12},"end":{"line":126,"column":12}}]},"9":{"line":126,"type":"if","locations":[{"start":{"line":129,"column":17},"end":{"line":129,"column":17}},{"start":{"line":129,"column":17},"end":{"line":129,"column":17}}]},"10":{"line":131,"type":"if","locations":[{"start":{"line":134,"column":12},"end":{"line":134,"column":12}},{"start":{"line":134,"column":12},"end":{"line":134,"column":12}}]},"11":{"line":133,"type":"if","locations":[{"start":{"line":137,"column":17},"end":{"line":137,"column":17}},{"start":{"line":137,"column":17},"end":{"line":137,"column":17}}]},"12":{"line":138,"type":"if","locations":[{"start":{"line":142,"column":12},"end":{"line":142,"column":12}},{"start":{"line":142,"column":12},"end":{"line":142,"column":12}}]},"13":{"line":167,"type":"switch","locations":[{"start":{"line":172,"column":12},"end":{"line":173,"column":16}},{"start":{"line":174,"column":12},"end":{"line":175,"column":16}},{"start":{"line":176,"column":12},"end":{"line":177,"column":16}}]}},"l":{"4":0,"5":0,"6":0,"7":0,"8":0,"9":0,"10":0,"11":0,"12":0,"13":0,"14":0,"15":0,"16":0,"17":0,"19":0,"20":0,"21":0,"22":0,"26":0,"27":0,"28":0,"31":0,"32":0,"34":0,"35":0,"36":0,"46":0,"52":0,"59":0,"60":0,"61":0,"62":0,"63":0,"64":0,"66":0,"67":0,"68":0,"70":0,"76":0,"77":0,"78":0,"79":0,"82":0,"83":0,"86":0,"90":0,"91":0,"98":0,"99":0,"109":0,"110":0,"111":0,"112":0,"113":0,"114":0,"115":0,"116":0,"117":0,"118":0,"121":0,"122":0,"124":0,"125":0,"126":0,"127":0,"129":0,"130":0,"133":0,"134":0,"135":0,"137":0,"138":0,"141":0,"142":0,"143":0,"145":0,"146":0,"148":0,"149":0,"151":0,"154":0,"155":0,"156":0,"157":0,"158":0,"159":0,"161":0,"162":0,"164":0,"165":0,"168":0,"171":0,"173":0,"175":0,"177":0,"181":0,"182":0,"183":0}},
"d:\\a\\1\\s\\src\\common\\configurationReader.js":{"path":"d:\\a\\1\\s\\src\\common\\configurationReader.js","s":{"1":0,"2":0,"3":0,"4":0,"5":0,"6":0,"7":0,"8":0,"9":0,"10":0,"11":0,"12":0,"13":0,"14":0,"15":0,"16":0,"17":0,"18":0,"19":0,"20":0,"21":0,"22":0,"23":0,"24":0,"25":0,"26":0,"27":0,"28":0,"29":0,"30":0,"31":0,"32":0},"b":{"1":[0,0],"2":[0,0],"3":[0,0],"4":[0,0],"5":[0,0],"6":[0,0],"7":[0,0],"8":[0,0],"9":[0,0],"10":[0,0],"11":[0,0]},"f":{"1":0,"2":0,"3":0,"4":0,"5":0,"6":0,"7":0,"8":0,"9":0,"10":0,"11":0,"12":0,"13":0},"fnMap":{"1":{"name":"(anonymous_1)","line":9,"loc":{"start":{"line":8,"column":4},"end":{"line":8,"column":29}}},"2":{"name":"(anonymous_2)","line":16,"loc":{"start":{"line":16,"column":4},"end":{"line":16,"column":30}}},"3":{"name":"(anonymous_3)","line":25,"loc":{"start":{"line":27,"column":4},"end":{"line":27,"column":28}}},"4":{"name":"(anonymous_4)","line":32,"loc":{"start":{"line":35,"column":4},"end":{"line":35,"column":29}}},"5":{"name":"(anonymous_5)","line":40,"loc":{"start":{"line":44,"column":4},"end":{"line":44,"column":26}}},"6":{"name":"(anonymous_6)","line":52,"loc":{"start":{"line":58,"column":4},"end":{"line":58,"column":55}}},"7":{"name":"(anonymous_7)","line":55,"loc":{"start":{"line":61,"column":4},"end":{"line":61,"column":63}}},"8":{"name":"(anonymous_8)","line":60,"loc":{"start":{"line":66,"column":4},"end":{"line":66,"column":26}}},"9":{"name":"(anonymous_9)","line":63,"loc":{"start":{"line":69,"column":4},"end":{"line":69,"column":27}}},"10":{"name":"(anonymous_10)","line":66,"loc":{"start":{"line":72,"column":4},"end":{"line":72,"column":27}}},"11":{"name":"(anonymous_11)","line":69,"loc":{"start":{"line":75,"column":4},"end":{"line":75,"column":28}}},"12":{"name":"(anonymous_12)","line":72,"loc":{"start":{"line":78,"column":4},"end":{"line":78,"column":24}}},"13":{"name":"(anonymous_13)","line":75,"loc":{"start":{"line":81,"column":4},"end":{"line":81,"column":27}}}},"statementMap":{"1":{"start":{"line":4,"column":0},"end":{"line":4,"column":0}},"2":{"start":{"line":5,"column":0},"end":{"line":5,"column":0}},"3":{"start":{"line":6,"column":0},"end":{"line":6,"column":0}},"4":{"start":{"line":9,"column":8},"end":{"line":14,"column":9}},"5":{"start":{"line":10,"column":12},"end":{"line":10,"column":12}},"6":{"start":{"line":13,"column":12},"end":{"line":13,"column":12}},"7":{"start":{"line":17,"column":8},"end":{"line":25,"column":9}},"8":{"start":{"line":18,"column":12},"end":{"line":18,"column":12}},"9":{"start":{"line":20,"column":13},"end":{"line":25,"column":9}},"10":{"start":{"line":21,"column":12},"end":{"line":21,"column":12}},"11":{"start":{"line":24,"column":12},"end":{"line":24,"column":12}},"12":{"start":{"line":28,"column":8},"end":{"line":33,"column":9}},"13":{"start":{"line":29,"column":12},"end":{"line":29,"column":12}},"14":{"start":{"line":32,"column":12},"end":{"line":32,"column":12}},"15":{"start":{"line":36,"column":8},"end":{"line":41,"column":9}},"16":{"start":{"line":37,"column":12},"end":{"line":37,"column":12}},"17":{"start":{"line":40,"column":12},"end":{"line":40,"column":12}},"18":{"start":{"line":45,"column":8},"end":{"line":53,"column":9}},"19":{"start":{"line":46,"column":12},"end":{"line":46,"column":12}},"20":{"start":{"line":48,"column":13},"end":{"line":53,"column":9}},"21":{"start":{"line":49,"column":12},"end":{"line":49,"column":12}},"22":{"start":{"line":52,"column":12},"end":{"line":52,"column":12}},"23":{"start":{"line":59,"column":8},"end":{"line":59,"column":8}},"24":{"start":{"line":62,"column":8},"end":{"line":62,"column":8}},"25":{"start":{"line":63,"column":12},"end":{"line":63,"column":12}},"26":{"start":{"line":67,"column":8},"end":{"line":67,"column":8}},"27":{"start":{"line":70,"column":8},"end":{"line":70,"column":8}},"28":{"start":{"line":73,"column":8},"end":{"line":73,"column":8}},"29":{"start":{"line":76,"column":8},"end":{"line":76,"column":8}},"30":{"start":{"line":79,"column":8},"end":{"line":79,"column":8}},"31":{"start":{"line":82,"column":8},"end":{"line":82,"column":8}},"32":{"start":{"line":85,"column":0},"end":{"line":85,"column":0}}},"branchMap":{"1":{"line":10,"type":"if","locations":[{"start":{"line":9,"column":8},"end":{"line":9,"column":8}},{"start":{"line":9,"column":8},"end":{"line":9,"column":8}}]},"2":{"line":17,"type":"if","locations":[{"start":{"line":17,"column":8},"end":{"line":17,"column":8}},{"start":{"line":17,"column":8},"end":{"line":17,"column":8}}]},"3":{"line":19,"type":"if","locations":[{"start":{"line":20,"column":13},"end":{"line":20,"column":13}},{"start":{"line":20,"column":13},"end":{"line":20,"column":13}}]},"4":{"line":19,"type":"binary-expr","locations":[{"start":{"line":20,"column":17},"end":{"line":20,"column":17}},{"start":{"line":20,"column":37},"end":{"line":20,"column":13}}]},"5":{"line":26,"type":"if","locations":[{"start":{"line":28,"column":8},"end":{"line":28,"column":8}},{"start":{"line":28,"column":8},"end":{"line":28,"column":8}}]},"6":{"line":33,"type":"if","locations":[{"start":{"line":36,"column":8},"end":{"line":36,"column":8}},{"start":{"line":36,"column":8},"end":{"line":36,"column":8}}]},"7":{"line":41,"type":"if","locations":[{"start":{"line":45,"column":8},"end":{"line":45,"column":8}},{"start":{"line":45,"column":8},"end":{"line":45,"column":8}}]},"8":{"line":43,"type":"if","locations":[{"start":{"line":48,"column":13},"end":{"line":48,"column":13}},{"start":{"line":48,"column":13},"end":{"line":48,"column":13}}]},"9":{"line":53,"type":"cond-expr","locations":[{"start":{"line":59,"column":23},"end":{"line":59,"column":15}},{"start":{"line":59,"column":45},"end":{"line":59,"column":8}}]},"10":{"line":64,"type":"binary-expr","locations":[{"start":{"line":70,"column":15},"end":{"line":70,"column":15}},{"start":{"line":70,"column":44},"end":{"line":70,"column":8}}]},"11":{"line":73,"type":"binary-expr","locations":[{"start":{"line":79,"column":15},"end":{"line":79,"column":15}},{"start":{"line":79,"column":39},"end":{"line":79,"column":8}}]}},"l":{"4":0,"5":0,"6":0,"9":0,"10":0,"13":0,"17":0,"18":0,"20":0,"21":0,"24":0,"28":0,"29":0,"32":0,"36":0,"37":0,"40":0,"45":0,"46":0,"48":0,"49":0,"52":0,"59":0,"62":0,"63":0,"67":0,"70":0,"73":0,"76":0,"79":0,"82":0,"85":0}},
"d:\\a\\1\\s\\src\\common\\entryPointHandler.js":{"path":"d:\\a\\1\\s\\src\\common\\entryPointHandler.js","s":{"1":0,"2":0,"3":0,"4":0,"5":0,"6":0,"7":0,"8":0,"9":0,"10":0,"11":0,"12":0,"13":0,"14":0,"15":0,"16":0,"17":0,"18":0,"19":0,"20":0,"21":0,"22":0,"23":0,"24":0,"25":0,"26":0,"27":0,"28":0,"29":0},"b":{"1":[0,0],"2":[0,0],"3":[0,0],"4":[0,0],"5":[0,0]},"f":{"1":0,"2":0,"3":0,"4":0,"5":0,"6":0},"fnMap":{"1":{"name":"(anonymous_1)","line":11,"loc":{"start":{"line":10,"column":1},"end":{"line":10,"column":24}}},"2":{"name":"(anonymous_2)","line":18,"loc":{"start":{"line":17,"column":4},"end":{"line":17,"column":75}}},"3":{"name":"(anonymous_3)","line":23,"loc":{"start":{"line":22,"column":4},"end":{"line":22,"column":78}}},"4":{"name":"(anonymous_4)","line":26,"loc":{"start":{"line":25,"column":4},"end":{"line":25,"column":87}}},"5":{"name":"(anonymous_5)","line":30,"loc":{"start":{"line":29,"column":4},"end":{"line":29,"column":70}}},"6":{"name":"(anonymous_6)","line":39,"loc":{"start":{"line":39,"column":4},"end":{"line":39,"column":54}}}},"statementMap":{"1":{"start":{"line":4,"column":0},"end":{"line":4,"column":0}},"2":{"start":{"line":5,"column":0},"end":{"line":5,"column":0}},"3":{"start":{"line":6,"column":0},"end":{"line":6,"column":0}},"4":{"start":{"line":7,"column":0},"end":{"line":7,"column":0}},"5":{"start":{"line":8,"column":0},"end":{"line":8,"column":0}},"6":{"start":{"line":9,"column":0},"end":{"line":9,"column":0}},"7":{"start":{"line":10,"column":0},"end":{"line":10,"column":0}},"8":{"start":{"line":11,"column":4},"end":{"line":11,"column":4}},"9":{"start":{"line":12,"column":4},"end":{"line":12,"column":4}},"10":{"start":{"line":13,"column":4},"end":{"line":13,"column":4}},"11":{"start":{"line":18,"column":8},"end":{"line":18,"column":8}},"12":{"start":{"line":19,"column":8},"end":{"line":19,"column":8}},"13":{"start":{"line":23,"column":8},"end":{"line":23,"column":8}},"14":{"start":{"line":26,"column":8},"end":{"line":26,"column":8}},"15":{"start":{"line":30,"column":8},"end":{"line":37,"column":9}},"16":{"start":{"line":31,"column":12},"end":{"line":31,"column":12}},"17":{"start":{"line":32,"column":12},"end":{"line":32,"column":12}},"18":{"start":{"line":35,"column":12},"end":{"line":35,"column":12}},"19":{"start":{"line":36,"column":12},"end":{"line":36,"column":12}},"20":{"start":{"line":40,"column":8},"end":{"line":40,"column":8}},"21":{"start":{"line":41,"column":12},"end":{"line":41,"column":12}},"22":{"start":{"line":42,"column":12},"end":{"line":42,"column":12}},"23":{"start":{"line":43,"column":12},"end":{"line":43,"column":12}},"24":{"start":{"line":46,"column":12},"end":{"line":53,"column":13}},"25":{"start":{"line":47,"column":16},"end":{"line":52,"column":17}},"26":{"start":{"line":48,"column":20},"end":{"line":48,"column":20}},"27":{"start":{"line":51,"column":20},"end":{"line":51,"column":20}},"28":{"start":{"line":55,"column":8},"end":{"line":55,"column":8}},"29":{"start":{"line":58,"column":0},"end":{"line":58,"column":0}}},"branchMap":{"1":{"line":15,"type":"binary-expr","locations":[{"start":{"line":14,"column":17},"end":{"line":14,"column":17}},{"start":{"line":14,"column":41},"end":{"line":14,"column":17}}]},"2":{"line":24,"type":"binary-expr","locations":[{"start":{"line":23,"column":51},"end":{"line":23,"column":51}},{"start":{"line":23,"column":63},"end":{"line":23,"column":15}}]},"3":{"line":42,"type":"binary-expr","locations":[{"start":{"line":42,"column":35},"end":{"line":42,"column":35}},{"start":{"line":42,"column":54},"end":{"line":42,"column":12}}]},"4":{"line":46,"type":"if","locations":[{"start":{"line":46,"column":12},"end":{"line":46,"column":12}},{"start":{"line":46,"column":12},"end":{"line":46,"column":12}}]},"5":{"line":47,"type":"if","locations":[{"start":{"line":47,"column":16},"end":{"line":47,"column":16}},{"start":{"line":47,"column":16},"end":{"line":47,"column":16}}]}},"l":{"4":0,"5":0,"6":0,"7":0,"8":0,"9":0,"10":0,"11":0,"12":0,"13":0,"18":0,"19":0,"23":0,"26":0,"30":0,"31":0,"32":0,"35":0,"36":0,"40":0,"41":0,"42":0,"43":0,"46":0,"47":0,"48":0,"51":0,"55":0,"58":0}},
"d:\\a\\1\\s\\src\\common\\executionsLimiter.js":{"path":"d:\\a\\1\\s\\src\\common\\executionsLimiter.js","s":{"1":0,"2":0,"3":0,"4":0,"5":0,"6":0,"7":0,"8":0,"9":0,"10":0,"11":0,"12":0,"13":0,"14":0},"b":{"1":[0,0],"2":[0,0],"3":[0,0]},"f":{"1":0,"2":0,"3":0,"4":0,"5":0},"fnMap":{"1":{"name":"(anonymous_1)","line":8,"loc":{"start":{"line":7,"column":4},"end":{"line":7,"column":18}}},"2":{"name":"(anonymous_2)","line":11,"loc":{"start":{"line":10,"column":4},"end":{"line":10,"column":40}}},"3":{"name":"(anonymous_3)","line":22,"loc":{"start":{"line":21,"column":4},"end":{"line":21,"column":32}}},"4":{"name":"(anonymous_4)","line":25,"loc":{"start":{"line":24,"column":4},"end":{"line":24,"column":20}}},"5":{"name":"(anonymous_5)","line":30,"loc":{"start":{"line":29,"column":4},"end":{"line":29,"column":10}}}},"statementMap":{"1":{"start":{"line":4,"column":0},"end":{"line":4,"column":0}},"2":{"start":{"line":8,"column":8},"end":{"line":8,"column":8}},"3":{"start":{"line":11,"column":8},"end":{"line":11,"column":8}},"4":{"start":{"line":12,"column":8},"end":{"line":12,"column":8}},"5":{"start":{"line":13,"column":8},"end":{"line":16,"column":9}},"6":{"start":{"line":14,"column":12},"end":{"line":14,"column":12}},"7":{"start":{"line":15,"column":12},"end":{"line":15,"column":12}},"8":{"start":{"line":19,"column":0},"end":{"line":19,"column":0}},"9":{"start":{"line":22,"column":8},"end":{"line":22,"column":8}},"10":{"start":{"line":25,"column":8},"end":{"line":27,"column":9}},"11":{"start":{"line":26,"column":12},"end":{"line":26,"column":12}},"12":{"start":{"line":30,"column":8},"end":{"line":30,"column":8}},"13":{"start":{"line":33,"column":0},"end":{"line":33,"column":0}},"14":{"start":{"line":34,"column":0},"end":{"line":34,"column":0}}},"branchMap":{"1":{"line":13,"type":"binary-expr","locations":[{"start":{"line":12,"column":30},"end":{"line":12,"column":30}},{"start":{"line":12,"column":67},"end":{"line":12,"column":8}}]},"2":{"line":14,"type":"if","locations":[{"start":{"line":13,"column":8},"end":{"line":13,"column":8}},{"start":{"line":13,"column":8},"end":{"line":13,"column":8}}]},"3":{"line":26,"type":"if","locations":[{"start":{"line":25,"column":8},"end":{"line":25,"column":8}},{"start":{"line":25,"column":8},"end":{"line":25,"column":8}}]}},"l":{"4":0,"8":0,"11":0,"12":0,"13":0,"14":0,"15":0,"19":0,"22":0,"25":0,"26":0,"30":0,"33":0,"34":0}},
"d:\\a\\1\\s\\src\\common\\extensionHelper.js":{"path":"d:\\a\\1\\s\\src\\common\\extensionHelper.js","s":{"1":0,"2":0,"3":0,"4":1,"5":0,"6":0,"7":0},"b":{},"f":{"1":0},"fnMap":{"1":{"name":"getExtensionVersion","line":8,"loc":{"start":{"line":7,"column":0},"end":{"line":7,"column":31}}}},"statementMap":{"1":{"start":{"line":4,"column":0},"end":{"line":4,"column":0}},"2":{"start":{"line":5,"column":0},"end":{"line":5,"column":0}},"3":{"start":{"line":6,"column":0},"end":{"line":6,"column":0}},"4":{"start":{"line":7,"column":0},"end":{"line":10,"column":1}},"5":{"start":{"line":8,"column":4},"end":{"line":8,"column":4}},"6":{"start":{"line":9,"column":4},"end":{"line":9,"column":4}},"7":{"start":{"line":11,"column":0},"end":{"line":11,"column":0}}},"branchMap":{},"l":{"4":0,"5":0,"6":0,"7":1,"8":0,"9":0,"11":0}},
"d:\\a\\1\\s\\src\\common\\extensionMessaging.js":{"path":"d:\\a\\1\\s\\src\\common\\extensionMessaging.js","s":{"1":0,"2":0,"3":0,"4":0,"5":0,"6":0,"7":0,"8":0,"9":0},"b":{},"f":{"1":0},"fnMap":{"1":{"name":"(anonymous_1)","line":9,"loc":{"start":{"line":8,"column":4},"end":{"line":8,"column":36}}}},"statementMap":{"1":{"start":{"line":4,"column":0},"end":{"line":4,"column":0}},"2":{"start":{"line":5,"column":0},"end":{"line":5,"column":0}},"3":{"start":{"line":6,"column":0},"end":{"line":6,"column":0}},"4":{"start":{"line":12,"column":8},"end":{"line":12,"column":8}},"5":{"start":{"line":13,"column":8},"end":{"line":13,"column":8}},"6":{"start":{"line":14,"column":8},"end":{"line":14,"column":8}},"7":{"start":{"line":15,"column":8},"end":{"line":15,"column":8}},"8":{"start":{"line":16,"column":8},"end":{"line":16,"column":8}},"9":{"start":{"line":19,"column":0},"end":{"line":19,"column":0}}},"branchMap":{},"l":{"4":0,"5":0,"6":0,"12":0,"13":0,"14":0,"15":0,"16":0,"19":0}},
"d:\\a\\1\\s\\src\\common\\hostPlatform.js":{"path":"d:\\a\\1\\s\\src\\common\\hostPlatform.js","s":{"1":0,"2":0,"3":0,"4":0,"5":0,"6":0,"7":0,"8":0,"9":0,"10":0,"11":0,"12":0,"13":0,"14":0,"15":0,"16":0,"17":0,"18":0,"19":0,"20":0,"21":0,"22":0,"23":0,"24":0,"25":0,"26":0,"27":0,"28":0,"29":0,"30":0,"31":0,"32":0,"33":0,"34":0,"35":0,"36":0,"37":0,"38":0,"39":0,"40":0,"41":0,"42":0,"43":0,"44":0,"45":0,"46":0,"47":0,"48":0,"49":0,"50":0,"51":0,"52":0,"53":0,"54":0,"55":0},"b":{"1":[0,0],"2":[0,0],"3":[0,0],"4":[0,0],"5":[0,0,0,0],"6":[0,0],"7":[0,0],"8":[0,0],"9":[0,0,0,0],"10":[0,0],"11":[0,0,0],"12":[0,0],"13":[0,0,0,0]},"f":{"1":0,"2":0,"3":0,"4":0,"5":0,"6":0,"7":0,"8":0,"9":0,"10":0,"11":0,"12":0,"13":0,"14":0,"15":0,"16":0,"17":0,"18":0,"19":0,"20":0,"21":0,"22":0,"23":0,"24":0,"25":0,"26":0,"27":0,"28":0,"29":0,"30":0},"fnMap":{"1":{"name":"(anonymous_1)","line":13,"loc":{"start":{"line":12,"column":1},"end":{"line":12,"column":27}}},"2":{"name":"(anonymous_2)","line":22,"loc":{"start":{"line":21,"column":4},"end":{"line":21,"column":22}}},"3":{"name":"(anonymous_3)","line":25,"loc":{"start":{"line":24,"column":4},"end":{"line":24,"column":40}}},"4":{"name":"(anonymous_4)","line":28,"loc":{"start":{"line":27,"column":4},"end":{"line":27,"column":22}}},"5":{"name":"(anonymous_5)","line":31,"loc":{"start":{"line":30,"column":4},"end":{"line":30,"column":30}}},"6":{"name":"(anonymous_6)","line":34,"loc":{"start":{"line":33,"column":4},"end":{"line":33,"column":26}}},"7":{"name":"(anonymous_7)","line":37,"loc":{"start":{"line":36,"column":4},"end":{"line":36,"column":20}}},"8":{"name":"(anonymous_8)","line":40,"loc":{"start":{"line":39,"column":4},"end":{"line":39,"column":16}}},"9":{"name":"(anonymous_9)","line":43,"loc":{"start":{"line":42,"column":4},"end":{"line":42,"column":45}}},"10":{"name":"(anonymous_10)","line":55,"loc":{"start":{"line":54,"column":4},"end":{"line":54,"column":22}}},"11":{"name":"(anonymous_11)","line":58,"loc":{"start":{"line":57,"column":4},"end":{"line":57,"column":22}}},"12":{"name":"(anonymous_12)","line":61,"loc":{"start":{"line":60,"column":4},"end":{"line":60,"column":34}}},"13":{"name":"(anonymous_13)","line":64,"loc":{"start":{"line":63,"column":4},"end":{"line":63,"column":26}}},"14":{"name":"(anonymous_14)","line":72,"loc":{"start":{"line":71,"column":4},"end":{"line":71,"column":40}}},"15":{"name":"(anonymous_15)","line":75,"loc":{"start":{"line":74,"column":4},"end":{"line":74,"column":20}}},"16":{"name":"(anonymous_16)","line":78,"loc":{"start":{"line":77,"column":4},"end":{"line":77,"column":16}}},"17":{"name":"(anonymous_17)","line":81,"loc":{"start":{"line":80,"column":4},"end":{"line":80,"column":45}}},"18":{"name":"(anonymous_18)","line":96,"loc":{"start":{"line":95,"column":4},"end":{"line":95,"column":40}}},"19":{"name":"(anonymous_19)","line":99,"loc":{"start":{"line":98,"column":4},"end":{"line":98,"column":20}}},"20":{"name":"(anonymous_20)","line":102,"loc":{"start":{"line":101,"column":4},"end":{"line":101,"column":16}}},"21":{"name":"(anonymous_21)","line":105,"loc":{"start":{"line":104,"column":4},"end":{"line":104,"column":45}}},"22":{"name":"(anonymous_22)","line":122,"loc":{"start":{"line":121,"column":4},"end":{"line":121,"column":26}}},"23":{"name":"(anonymous_23)","line":141,"loc":{"start":{"line":140,"column":4},"end":{"line":140,"column":29}}},"24":{"name":"(anonymous_24)","line":144,"loc":{"start":{"line":143,"column":4},"end":{"line":143,"column":29}}},"25":{"name":"(anonymous_25)","line":147,"loc":{"start":{"line":146,"column":4},"end":{"line":146,"column":41}}},"26":{"name":"(anonymous_26)","line":150,"loc":{"start":{"line":149,"column":4},"end":{"line":149,"column":33}}},"27":{"name":"(anonymous_27)","line":153,"loc":{"start":{"line":152,"column":4},"end":{"line":152,"column":27}}},"28":{"name":"(anonymous_28)","line":156,"loc":{"start":{"line":155,"column":4},"end":{"line":155,"column":47}}},"29":{"name":"(anonymous_29)","line":160,"loc":{"start":{"line":159,"column":4},"end":{"line":159,"column":23}}},"30":{"name":"(anonymous_30)","line":163,"loc":{"start":{"line":162,"column":4},"end":{"line":162,"column":52}}}},"statementMap":{"1":{"start":{"line":4,"column":0},"end":{"line":4,"column":0}},"2":{"start":{"line":5,"column":0},"end":{"line":5,"column":0}},"3":{"start":{"line":6,"column":0},"end":{"line":6,"column":0}},"4":{"start":{"line":7,"column":0},"end":{"line":7,"column":0}},"5":{"start":{"line":11,"column":0},"end":{"line":11,"column":0}},"6":{"start":{"line":12,"column":0},"end":{"line":12,"column":0}},"7":{"start":{"line":13,"column":4},"end":{"line":13,"column":4}},"8":{"start":{"line":14,"column":4},"end":{"line":14,"column":4}},"9":{"start":{"line":15,"column":4},"end":{"line":15,"column":4}},"10":{"start":{"line":22,"column":8},"end":{"line":22,"column":8}},"11":{"start":{"line":25,"column":8},"end":{"line":25,"column":8}},"12":{"start":{"line":28,"column":8},"end":{"line":28,"column":8}},"13":{"start":{"line":31,"column":8},"end":{"line":31,"column":8}},"14":{"start":{"line":34,"column":8},"end":{"line":34,"column":8}},"15":{"start":{"line":37,"column":8},"end":{"line":37,"column":8}},"16":{"start":{"line":40,"column":8},"end":{"line":40,"column":8}},"17":{"start":{"line":43,"column":8},"end":{"line":43,"column":8}},"18":{"start":{"line":47,"column":16},"end":{"line":47,"column":16}},"19":{"start":{"line":49,"column":16},"end":{"line":49,"column":16}},"20":{"start":{"line":55,"column":8},"end":{"line":55,"column":8}},"21":{"start":{"line":58,"column":8},"end":{"line":58,"column":8}},"22":{"start":{"line":61,"column":8},"end":{"line":61,"column":8}},"23":{"start":{"line":64,"column":8},"end":{"line":64,"column":8}},"24":{"start":{"line":72,"column":8},"end":{"line":72,"column":8}},"25":{"start":{"line":75,"column":8},"end":{"line":75,"column":8}},"26":{"start":{"line":78,"column":8},"end":{"line":78,"column":8}},"27":{"start":{"line":81,"column":8},"end":{"line":81,"column":8}},"28":{"start":{"line":85,"column":16},"end":{"line":85,"column":16}},"29":{"start":{"line":87,"column":16},"end":{"line":87,"column":16}},"30":{"start":{"line":96,"column":8},"end":{"line":96,"column":8}},"31":{"start":{"line":99,"column":8},"end":{"line":99,"column":8}},"32":{"start":{"line":102,"column":8},"end":{"line":102,"column":8}},"33":{"start":{"line":105,"column":8},"end":{"line":105,"column":8}},"34":{"start":{"line":108,"column":16},"end":{"line":108,"column":16}},"35":{"start":{"line":110,"column":16},"end":{"line":110,"column":16}},"36":{"start":{"line":122,"column":8},"end":{"line":137,"column":9}},"37":{"start":{"line":123,"column":12},"end":{"line":123,"column":12}},"38":{"start":{"line":125,"column":20},"end":{"line":125,"column":20}},"39":{"start":{"line":126,"column":20},"end":{"line":126,"column":20}},"40":{"start":{"line":128,"column":20},"end":{"line":128,"column":20}},"41":{"start":{"line":129,"column":20},"end":{"line":129,"column":20}},"42":{"start":{"line":131,"column":20},"end":{"line":131,"column":20}},"43":{"start":{"line":132,"column":20},"end":{"line":132,"column":20}},"44":{"start":{"line":134,"column":20},"end":{"line":134,"column":20}},"45":{"start":{"line":135,"column":20},"end":{"line":135,"column":20}},"46":{"start":{"line":138,"column":8},"end":{"line":138,"column":8}},"47":{"start":{"line":141,"column":8},"end":{"line":141,"column":8}},"48":{"start":{"line":144,"column":8},"end":{"line":144,"column":8}},"49":{"start":{"line":147,"column":8},"end":{"line":147,"column":8}},"50":{"start":{"line":150,"column":8},"end":{"line":150,"column":8}},"51":{"start":{"line":153,"column":8},"end":{"line":153,"column":8}},"52":{"start":{"line":156,"column":8},"end":{"line":156,"column":8}},"53":{"start":{"line":160,"column":8},"end":{"line":160,"column":8}},"54":{"start":{"line":163,"column":8},"end":{"line":163,"column":8}},"55":{"start":{"line":166,"column":0},"end":{"line":166,"column":0}}},"branchMap":{"1":{"line":17,"type":"binary-expr","locations":[{"start":{"line":16,"column":20},"end":{"line":16,"column":20}},{"start":{"line":16,"column":47},"end":{"line":16,"column":20}}]},"2":{"line":23,"type":"binary-expr","locations":[{"start":{"line":22,"column":15},"end":{"line":22,"column":15}},{"start":{"line":22,"column":42},"end":{"line":22,"column":8}}]},"3":{"line":29,"type":"binary-expr","locations":[{"start":{"line":28,"column":25},"end":{"line":28,"column":25}},{"start":{"line":28,"column":48},"end":{"line":28,"column":15}}]},"4":{"line":41,"type":"binary-expr","locations":[{"start":{"line":40,"column":15},"end":{"line":40,"column":15}},{"start":{"line":40,"column":39},"end":{"line":40,"column":8}}]},"5":{"line":44,"type":"switch","locations":[{"start":{"line":44,"column":12},"end":{"line":44,"column":12}},{"start":{"line":45,"column":12},"end":{"line":45,"column":12}},{"start":{"line":46,"column":12},"end":{"line":47,"column":16}},{"start":{"line":48,"column":12},"end":{"line":49,"column":16}}]},"6":{"line":56,"type":"binary-expr","locations":[{"start":{"line":55,"column":15},"end":{"line":55,"column":15}},{"start":{"line":55,"column":35},"end":{"line":55,"column":8}}]},"7":{"line":59,"type":"binary-expr","locations":[{"start":{"line":58,"column":25},"end":{"line":58,"column":25}},{"start":{"line":58,"column":45},"end":{"line":58,"column":15}}]},"8":{"line":79,"type":"binary-expr","locations":[{"start":{"line":78,"column":15},"end":{"line":78,"column":15}},{"start":{"line":78,"column":38},"end":{"line":78,"column":8}}]},"9":{"line":82,"type":"switch","locations":[{"start":{"line":82,"column":12},"end":{"line":82,"column":12}},{"start":{"line":83,"column":12},"end":{"line":83,"column":12}},{"start":{"line":84,"column":12},"end":{"line":85,"column":16}},{"start":{"line":86,"column":12},"end":{"line":87,"column":16}}]},"10":{"line":103,"type":"binary-expr","locations":[{"start":{"line":102,"column":15},"end":{"line":102,"column":15}},{"start":{"line":102,"column":35},"end":{"line":102,"column":8}}]},"11":{"line":106,"type":"switch","locations":[{"start":{"line":106,"column":12},"end":{"line":106,"column":12}},{"start":{"line":107,"column":12},"end":{"line":108,"column":16}},{"start":{"line":109,"column":12},"end":{"line":110,"column":16}}]},"12":{"line":123,"type":"if","locations":[{"start":{"line":122,"column":8},"end":{"line":122,"column":8}},{"start":{"line":122,"column":8},"end":{"line":122,"column":8}}]},"13":{"line":124,"type":"switch","locations":[{"start":{"line":124,"column":16},"end":{"line":126,"column":20}},{"start":{"line":127,"column":16},"end":{"line":129,"column":20}},{"start":{"line":130,"column":16},"end":{"line":132,"column":20}},{"start":{"line":133,"column":16},"end":{"line":135,"column":20}}]}},"l":{"4":0,"5":0,"6":0,"7":0,"11":0,"12":0,"13":0,"14":0,"15":0,"22":0,"25":0,"28":0,"31":0,"34":0,"37":0,"40":0,"43":0,"47":0,"49":0,"55":0,"58":0,"61":0,"64":0,"72":0,"75":0,"78":0,"81":0,"85":0,"87":0,"96":0,"99":0,"102":0,"105":0,"108":0,"110":0,"122":0,"123":0,"125":0,"126":0,"128":0,"129":0,"131":0,"132":0,"134":0,"135":0,"138":0,"141":0,"144":0,"147":0,"150":0,"153":0,"156":0,"160":0,"163":0,"166":0}},
"d:\\a\\1\\s\\src\\common\\nestedError.js":{"path":"d:\\a\\1\\s\\src\\common\\nestedError.js","s":{"1":0,"2":0,"3":0,"4":0,"5":0,"6":0,"7":0,"8":0,"9":0},"b":{"1":[0,0]},"f":{"1":0,"2":0},"fnMap":{"1":{"name":"(anonymous_1)","line":7,"loc":{"start":{"line":6,"column":4},"end":{"line":6,"column":45}}},"2":{"name":"(anonymous_2)","line":15,"loc":{"start":{"line":14,"column":4},"end":{"line":14,"column":17}}}},"statementMap":{"1":{"start":{"line":4,"column":0},"end":{"line":4,"column":0}},"2":{"start":{"line":7,"column":8},"end":{"line":7,"column":8}},"3":{"start":{"line":8,"column":8},"end":{"line":8,"column":8}},"4":{"start":{"line":9,"column":8},"end":{"line":9,"column":8}},"5":{"start":{"line":10,"column":8},"end":{"line":10,"column":8}},"6":{"start":{"line":11,"column":8},"end":{"line":11,"column":8}},"7":{"start":{"line":12,"column":8},"end":{"line":12,"column":8}},"8":{"start":{"line":15,"column":8},"end":{"line":15,"column":8}},"9":{"start":{"line":18,"column":0},"end":{"line":18,"column":0}}},"branchMap":{"1":{"line":12,"type":"cond-expr","locations":[{"start":{"line":11,"column":39},"end":{"line":11,"column":23}},{"start":{"line":11,"column":70},"end":{"line":11,"column":8}}]}},"l":{"4":0,"7":0,"8":0,"9":0,"10":0,"11":0,"12":0,"15":0,"18":0}},
"d:\\a\\1\\s\\src\\common\\outputVerifier.js":{"path":"d:\\a\\1\\s\\src\\common\\outputVerifier.js","s":{"1":0,"2":0,"3":0,"4":0,"5":0,"6":0,"7":0,"8":0,"9":0,"10":0,"11":0,"12":0,"13":0,"14":0,"15":0,"16":0,"17":0,"18":0,"19":0,"20":0,"21":0,"22":0,"23":0,"24":0,"25":0,"26":0,"27":0,"28":0,"29":0,"30":0,"31":0},"b":{"1":[0,0],"2":[0,0],"3":[0,0],"4":[0,0]},"f":{"1":0,"2":0,"3":0,"4":0,"5":0},"fnMap":{"1":{"name":"(anonymous_1)","line":12,"loc":{"start":{"line":11,"column":4},"end":{"line":11,"column":84}}},"2":{"name":"(anonymous_2)","line":19,"loc":{"start":{"line":18,"column":4},"end":{"line":18,"column":25}}},"3":{"name":"(anonymous_3)","line":40,"loc":{"start":{"line":39,"column":4},"end":{"line":39,"column":26}}},"4":{"name":"(anonymous_4)","line":46,"loc":{"start":{"line":45,"column":4},"end":{"line":45,"column":36}}},"5":{"name":"(anonymous_5)","line":54,"loc":{"start":{"line":55,"column":4},"end":{"line":55,"column":50}}}},"statementMap":{"1":{"start":{"line":4,"column":0},"end":{"line":4,"column":0}},"2":{"start":{"line":5,"column":0},"end":{"line":5,"column":0}},"3":{"start":{"line":6,"column":0},"end":{"line":6,"column":0}},"4":{"start":{"line":7,"column":0},"end":{"line":7,"column":0}},"5":{"start":{"line":12,"column":8},"end":{"line":12,"column":8}},"6":{"start":{"line":13,"column":8},"end":{"line":13,"column":8}},"7":{"start":{"line":14,"column":8},"end":{"line":14,"column":8}},"8":{"start":{"line":15,"column":8},"end":{"line":15,"column":8}},"9":{"start":{"line":16,"column":8},"end":{"line":16,"column":8}},"10":{"start":{"line":20,"column":8},"end":{"line":20,"column":8}},"11":{"start":{"line":20,"column":54},"end":{"line":20,"column":8}},"12":{"start":{"line":21,"column":8},"end":{"line":21,"column":8}},"13":{"start":{"line":21,"column":54},"end":{"line":21,"column":8}},"14":{"start":{"line":22,"column":8},"end":{"line":22,"column":8}},"15":{"start":{"line":25,"column":12},"end":{"line":25,"column":12}},"16":{"start":{"line":26,"column":12},"end":{"line":31,"column":13}},"17":{"start":{"line":27,"column":16},"end":{"line":26,"column":34}},"18":{"start":{"line":30,"column":16},"end":{"line":29,"column":17}},"19":{"start":{"line":33,"column":12},"end":{"line":32,"column":35}},"20":{"start":{"line":34,"column":16},"end":{"line":34,"column":16}},"21":{"start":{"line":36,"column":12},"end":{"line":36,"column":12}},"22":{"start":{"line":40,"column":8},"end":{"line":40,"column":8}},"23":{"start":{"line":41,"column":12},"end":{"line":41,"column":12}},"24":{"start":{"line":46,"column":8},"end":{"line":46,"column":8}},"25":{"start":{"line":47,"column":8},"end":{"line":47,"column":8}},"26":{"start":{"line":48,"column":12},"end":{"line":48,"column":12}},"27":{"start":{"line":52,"column":8},"end":{"line":52,"column":8}},"28":{"start":{"line":56,"column":8},"end":{"line":56,"column":8}},"29":{"start":{"line":57,"column":12},"end":{"line":57,"column":12}},"30":{"start":{"line":58,"column":12},"end":{"line":58,"column":12}},"31":{"start":{"line":62,"column":0},"end":{"line":62,"column":0}}},"branchMap":{"1":{"line":27,"type":"if","locations":[{"start":{"line":26,"column":12},"end":{"line":26,"column":12}},{"start":{"line":26,"column":12},"end":{"line":26,"column":12}}]},"2":{"line":33,"type":"if","locations":[{"start":{"line":33,"column":12},"end":{"line":33,"column":12}},{"start":{"line":33,"column":12},"end":{"line":33,"column":12}}]},"3":{"line":49,"type":"cond-expr","locations":[{"start":{"line":49,"column":16},"end":{"line":48,"column":19}},{"start":{"line":50,"column":16},"end":{"line":48,"column":12}}]},"4":{"line":51,"type":"cond-expr","locations":[{"start":{"line":52,"column":37},"end":{"line":52,"column":15}},{"start":{"line":52,"column":69},"end":{"line":52,"column":8}}]}},"l":{"4":0,"5":0,"6":0,"7":0,"12":0,"13":0,"14":0,"15":0,"16":0,"20":0,"21":0,"22":0,"25":0,"26":0,"27":0,"30":0,"33":0,"34":0,"36":0,"40":0,"41":0,"46":0,"47":0,"48":0,"52":0,"56":0,"57":0,"58":0,"62":0}},
"d:\\a\\1\\s\\src\\common\\packager.js":{"path":"d:\\a\\1\\s\\src\\common\\packager.js","s":{"1":0,"2":0,"3":0,"4":0,"5":0,"6":0,"7":0,"8":0,"9":0,"10":0,"11":0,"12":0,"13":0,"14":0,"15":0,"16":0,"17":0,"18":0,"19":0,"20":0,"21":0,"22":0,"23":0,"24":0,"25":0,"26":0,"27":0,"28":0,"29":0,"30":0,"31":0,"32":0,"33":0,"34":0,"35":0,"36":0,"37":0,"38":0,"39":0,"40":0,"41":0,"42":0,"43":0,"44":0,"45":0,"46":0,"47":0,"48":0,"49":0,"50":0,"51":0,"52":0,"53":0,"54":0,"55":0,"56":0,"57":0,"58":0,"59":0,"60":0,"61":0,"62":0,"63":0,"64":0,"65":0,"66":0,"67":0,"68":0,"69":0,"70":0,"71":0,"72":0,"73":0,"74":0,"75":0,"76":0,"77":0,"78":0,"79":0,"80":0,"81":0,"82":0,"83":0,"84":0,"85":0,"86":0,"87":0,"88":0,"89":0,"90":0,"91":0,"92":0,"93":0,"94":0,"95":0,"96":0,"97":0,"98":0,"99":0,"100":0,"101":0,"102":0,"103":0,"104":0,"105":0,"106":0,"107":0,"108":0,"109":0,"110":0,"111":0,"112":0,"113":0,"114":0,"115":0,"116":0,"117":0,"118":0,"119":0,"120":0,"121":0,"122":0,"123":0,"124":0,"125":0,"126":0,"127":0,"128":0,"129":0,"130":0,"131":0,"132":0,"133":0,"134":0,"135":0,"136":0,"137":0,"138":0,"139":0,"140":0,"141":0,"142":0,"143":0,"144":0,"145":0,"146":0,"147":0,"148":0,"149":0,"150":0,"151":0,"152":0,"153":0,"154":0,"155":0,"156":0,"157":0,"158":0,"159":0,"160":0,"161":0,"162":0,"163":0,"164":0,"165":0,"166":0,"167":0,"168":0,"169":0,"170":0,"171":0,"172":0,"173":0,"174":0,"175":0,"176":0,"177":0,"178":0,"179":0,"180":0,"181":0,"182":0},"b":{"1":[0,0],"2":[0,0],"3":[0,0],"4":[0,0],"5":[0,0],"6":[0,0],"7":[0,0],"8":[0,0],"9":[0,0],"10":[0,0],"11":[0,0],"12":[0,0],"13":[0,0],"14":[0,0],"15":[0,0],"16":[0,0],"17":[0,0],"18":[0,0],"19":[0,0],"20":[0,0],"21":[0,0],"22":[0,0],"23":[0,0],"24":[0,0],"25":[0,0],"26":[0,0],"27":[0,0],"28":[0,0],"29":[0,0]},"f":{"1":0,"2":0,"3":0,"4":0,"5":0,"6":0,"7":0,"8":0,"9":0,"10":0,"11":0,"12":0,"13":0,"14":0,"15":0,"16":0,"17":0},"fnMap":{"1":{"name":"(anonymous_1)","line":25,"loc":{"start":{"line":24,"column":4},"end":{"line":24,"column":83}}},"2":{"name":"(anonymous_2)","line":34,"loc":{"start":{"line":33,"column":4},"end":{"line":33,"column":15}}},"3":{"name":"(anonymous_3)","line":37,"loc":{"start":{"line":36,"column":4},"end":{"line":36,"column":32}}},"4":{"name":"(anonymous_4)","line":40,"loc":{"start":{"line":39,"column":4},"end":{"line":39,"column":26}}},"5":{"name":"(anonymous_5)","line":43,"loc":{"start":{"line":42,"column":4},"end":{"line":42,"column":14}}},"6":{"name":"(anonymous_6)","line":46,"loc":{"start":{"line":45,"column":4},"end":{"line":45,"column":24}}},"7":{"name":"(anonymous_7)","line":49,"loc":{"start":{"line":48,"column":4},"end":{"line":48,"column":51}}},"8":{"name":"(anonymous_8)","line":73,"loc":{"start":{"line":75,"column":4},"end":{"line":75,"column":30}}},"9":{"name":"(anonymous_9)","line":120,"loc":{"start":{"line":129,"column":4},"end":{"line":129,"column":25}}},"10":{"name":"(anonymous_10)","line":142,"loc":{"start":{"line":153,"column":4},"end":{"line":153,"column":18}}},"11":{"name":"(anonymous_11)","line":165,"loc":{"start":{"line":180,"column":4},"end":{"line":180,"column":33}}},"12":{"name":"(anonymous_12)","line":196,"loc":{"start":{"line":217,"column":4},"end":{"line":217,"column":16}}},"13":{"name":"(anonymous_13)","line":204,"loc":{"start":{"line":226,"column":4},"end":{"line":226,"column":46}}},"14":{"name":"(anonymous_14)","line":208,"loc":{"start":{"line":230,"column":4},"end":{"line":230,"column":39}}},"15":{"name":"(anonymous_15)","line":227,"loc":{"start":{"line":253,"column":4},"end":{"line":253,"column":52}}},"16":{"name":"(anonymous_16)","line":255,"loc":{"start":{"line":284,"column":4},"end":{"line":284,"column":26}}},"17":{"name":"(anonymous_17)","line":277,"loc":{"start":{"line":310,"column":4},"end":{"line":310,"column":32}}}},"statementMap":{"1":{"start":{"line":4,"column":0},"end":{"line":4,"column":0}},"2":{"start":{"line":5,"column":0},"end":{"line":5,"column":0}},"3":{"start":{"line":6,"column":0},"end":{"line":6,"column":0}},"4":{"start":{"line":7,"column":0},"end":{"line":7,"column":0}},"5":{"start":{"line":8,"column":0},"end":{"line":8,"column":0}},"6":{"start":{"line":9,"column":0},"end":{"line":9,"column":0}},"7":{"start":{"line":10,"column":0},"end":{"line":10,"column":0}},"8":{"start":{"line":11,"column":0},"end":{"line":11,"column":0}},"9":{"start":{"line":12,"column":0},"end":{"line":12,"column":0}},"10":{"start":{"line":13,"column":0},"end":{"line":13,"column":0}},"11":{"start":{"line":14,"column":0},"end":{"line":14,"column":0}},"12":{"start":{"line":15,"column":0},"end":{"line":15,"column":0}},"13":{"start":{"line":16,"column":0},"end":{"line":16,"column":0}},"14":{"start":{"line":17,"column":0},"end":{"line":17,"column":0}},"15":{"start":{"line":18,"column":0},"end":{"line":18,"column":0}},"16":{"start":{"line":19,"column":0},"end":{"line":19,"column":0}},"17":{"start":{"line":20,"column":0},"end":{"line":20,"column":0}},"18":{"start":{"line":21,"column":0},"end":{"line":21,"column":0}},"19":{"start":{"line":22,"column":0},"end":{"line":22,"column":0}},"20":{"start":{"line":25,"column":8},"end":{"line":25,"column":8}},"21":{"start":{"line":26,"column":8},"end":{"line":26,"column":8}},"22":{"start":{"line":27,"column":8},"end":{"line":27,"column":8}},"23":{"start":{"line":28,"column":8},"end":{"line":28,"column":8}},"24":{"start":{"line":29,"column":8},"end":{"line":29,"column":8}},"25":{"start":{"line":30,"column":8},"end":{"line":30,"column":8}},"26":{"start":{"line":31,"column":8},"end":{"line":31,"column":8}},"27":{"start":{"line":34,"column":8},"end":{"line":34,"column":8}},"28":{"start":{"line":37,"column":8},"end":{"line":37,"column":8}},"29":{"start":{"line":40,"column":8},"end":{"line":40,"column":8}},"30":{"start":{"line":43,"column":8},"end":{"line":43,"column":8}},"31":{"start":{"line":46,"column":8},"end":{"line":46,"column":8}},"32":{"start":{"line":49,"column":8},"end":{"line":49,"column":8}},"33":{"start":{"line":50,"column":8},"end":{"line":52,"column":9}},"34":{"start":{"line":51,"column":12},"end":{"line":51,"column":12}},"35":{"start":{"line":53,"column":8},"end":{"line":53,"column":8}},"36":{"start":{"line":55,"column":12},"end":{"line":57,"column":13}},"37":{"start":{"line":56,"column":16},"end":{"line":56,"column":16}},"38":{"start":{"line":59,"column":12},"end":{"line":61,"column":13}},"39":{"start":{"line":60,"column":16},"end":{"line":60,"column":16}},"40":{"start":{"line":62,"column":12},"end":{"line":62,"column":12}},"41":{"start":{"line":64,"column":16},"end":{"line":64,"column":16}},"42":{"start":{"line":65,"column":20},"end":{"line":65,"column":20}},"43":{"start":{"line":67,"column":16},"end":{"line":67,"column":16}},"44":{"start":{"line":70,"column":16},"end":{"line":70,"column":16}},"45":{"start":{"line":71,"column":16},"end":{"line":71,"column":16}},"46":{"start":{"line":76,"column":8},"end":{"line":76,"column":8}},"47":{"start":{"line":77,"column":8},"end":{"line":77,"column":8}},"48":{"start":{"line":78,"column":8},"end":{"line":78,"column":8}},"49":{"start":{"line":79,"column":8},"end":{"line":79,"column":8}},"50":{"start":{"line":81,"column":12},"end":{"line":83,"column":13}},"51":{"start":{"line":82,"column":16},"end":{"line":82,"column":16}},"52":{"start":{"line":84,"column":12},"end":{"line":84,"column":12}},"53":{"start":{"line":85,"column":12},"end":{"line":85,"column":12}},"54":{"start":{"line":87,"column":16},"end":{"line":87,"column":16}},"55":{"start":{"line":88,"column":16},"end":{"line":88,"column":16}},"56":{"start":{"line":91,"column":16},"end":{"line":91,"column":16}},"57":{"start":{"line":97,"column":16},"end":{"line":97,"column":16}},"58":{"start":{"line":98,"column":16},"end":{"line":98,"column":16}},"59":{"start":{"line":102,"column":16},"end":{"line":102,"column":16}},"60":{"start":{"line":105,"column":16},"end":{"line":105,"column":16}},"61":{"start":{"line":106,"column":16},"end":{"line":106,"column":16}},"62":{"start":{"line":107,"column":16},"end":{"line":107,"column":16}},"63":{"start":{"line":108,"column":16},"end":{"line":93,"column":32}},"64":{"start":{"line":109,"column":16},"end":{"line":109,"column":16}},"65":{"start":{"line":113,"column":12},"end":{"line":113,"column":12}},"66":{"start":{"line":116,"column":12},"end":{"line":116,"column":12}},"67":{"start":{"line":117,"column":12},"end":{"line":126,"column":13}},"68":{"start":{"line":118,"column":16},"end":{"line":118,"column":16}},"69":{"start":{"line":119,"column":16},"end":{"line":119,"column":16}},"70":{"start":{"line":122,"column":16},"end":{"line":122,"column":16}},"71":{"start":{"line":123,"column":16},"end":{"line":125,"column":17}},"72":{"start":{"line":124,"column":20},"end":{"line":124,"column":20}},"73":{"start":{"line":130,"column":8},"end":{"line":130,"column":8}},"74":{"start":{"line":131,"column":8},"end":{"line":131,"column":8}},"75":{"start":{"line":133,"column":12},"end":{"line":147,"column":13}},"76":{"start":{"line":134,"column":16},"end":{"line":139,"column":17}},"77":{"start":{"line":135,"column":20},"end":{"line":137,"column":21}},"78":{"start":{"line":136,"column":24},"end":{"line":136,"column":24}},"79":{"start":{"line":138,"column":20},"end":{"line":138,"column":20}},"80":{"start":{"line":140,"column":16},"end":{"line":140,"column":16}},"81":{"start":{"line":143,"column":16},"end":{"line":145,"column":17}},"82":{"start":{"line":144,"column":20},"end":{"line":144,"column":20}},"83":{"start":{"line":146,"column":16},"end":{"line":146,"column":16}},"84":{"start":{"line":149,"column":12},"end":{"line":149,"column":12}},"85":{"start":{"line":150,"column":12},"end":{"line":150,"column":12}},"86":{"start":{"line":154,"column":8},"end":{"line":156,"column":9}},"87":{"start":{"line":155,"column":12},"end":{"line":155,"column":12}},"88":{"start":{"line":157,"column":8},"end":{"line":157,"column":8}},"89":{"start":{"line":159,"column":12},"end":{"line":169,"column":13}},"90":{"start":{"line":160,"column":16},"end":{"line":163,"column":17}},"91":{"start":{"line":161,"column":20},"end":{"line":161,"column":20}},"92":{"start":{"line":162,"column":20},"end":{"line":162,"column":20}},"93":{"start":{"line":164,"column":16},"end":{"line":164,"column":16}},"94":{"start":{"line":164,"column":61},"end":{"line":164,"column":23}},"95":{"start":{"line":167,"column":16},"end":{"line":167,"column":16}},"96":{"start":{"line":168,"column":16},"end":{"line":168,"column":16}},"97":{"start":{"line":172,"column":12},"end":{"line":177,"column":13}},"98":{"start":{"line":173,"column":16},"end":{"line":173,"column":16}},"99":{"start":{"line":176,"column":16},"end":{"line":176,"column":16}},"100":{"start":{"line":181,"column":8},"end":{"line":183,"column":9}},"101":{"start":{"line":182,"column":12},"end":{"line":182,"column":12}},"102":{"start":{"line":184,"column":8},"end":{"line":184,"column":8}},"103":{"start":{"line":186,"column":12},"end":{"line":188,"column":13}},"104":{"start":{"line":187,"column":16},"end":{"line":187,"column":16}},"105":{"start":{"line":189,"column":12},"end":{"line":189,"column":12}},"106":{"start":{"line":190,"column":12},"end":{"line":185,"column":29}},"107":{"start":{"line":191,"column":12},"end":{"line":191,"column":12}},"108":{"start":{"line":193,"column":16},"end":{"line":193,"column":16}},"109":{"start":{"line":194,"column":16},"end":{"line":203,"column":17}},"110":{"start":{"line":195,"column":20},"end":{"line":195,"column":20}},"111":{"start":{"line":197,"column":21},"end":{"line":203,"column":17}},"112":{"start":{"line":198,"column":20},"end":{"line":198,"column":20}},"113":{"start":{"line":201,"column":20},"end":{"line":201,"column":20}},"114":{"start":{"line":202,"column":20},"end":{"line":202,"column":20}},"115":{"start":{"line":204,"column":16},"end":{"line":204,"column":16}},"116":{"start":{"line":205,"column":16},"end":{"line":205,"column":16}},"117":{"start":{"line":206,"column":16},"end":{"line":206,"column":16}},"118":{"start":{"line":208,"column":20},"end":{"line":208,"column":20}},"119":{"start":{"line":218,"column":8},"end":{"line":218,"column":8}},"120":{"start":{"line":219,"column":8},"end":{"line":219,"column":8}},"121":{"start":{"line":221,"column":12},"end":{"line":221,"column":12}},"122":{"start":{"line":223,"column":12},"end":{"line":223,"column":12}},"123":{"start":{"line":227,"column":8},"end":{"line":227,"column":8}},"124":{"start":{"line":228,"column":8},"end":{"line":228,"column":8}},"125":{"start":{"line":228,"column":35},"end":{"line":228,"column":15}},"126":{"start":{"line":228,"column":66},"end":{"line":228,"column":15}},"127":{"start":{"line":231,"column":8},"end":{"line":251,"column":9}},"128":{"start":{"line":232,"column":12},"end":{"line":232,"column":12}},"129":{"start":{"line":233,"column":12},"end":{"line":238,"column":13}},"130":{"start":{"line":234,"column":16},"end":{"line":234,"column":16}},"131":{"start":{"line":237,"column":16},"end":{"line":237,"column":16}},"132":{"start":{"line":239,"column":12},"end":{"line":239,"column":12}},"133":{"start":{"line":240,"column":12},"end":{"line":240,"column":12}},"134":{"start":{"line":241,"column":12},"end":{"line":241,"column":12}},"135":{"start":{"line":244,"column":12},"end":{"line":244,"column":12}},"136":{"start":{"line":245,"column":12},"end":{"line":245,"column":12}},"137":{"start":{"line":245,"column":53},"end":{"line":245,"column":25}},"138":{"start":{"line":245,"column":92},"end":{"line":245,"column":53}},"139":{"start":{"line":250,"column":12},"end":{"line":250,"column":12}},"140":{"start":{"line":254,"column":8},"end":{"line":254,"column":8}},"141":{"start":{"line":255,"column":8},"end":{"line":255,"column":8}},"142":{"start":{"line":257,"column":8},"end":{"line":257,"column":8}},"143":{"start":{"line":259,"column":12},"end":{"line":259,"column":12}},"144":{"start":{"line":261,"column":12},"end":{"line":261,"column":12}},"145":{"start":{"line":262,"column":12},"end":{"line":262,"column":12}},"146":{"start":{"line":264,"column":12},"end":{"line":264,"column":12}},"147":{"start":{"line":265,"column":12},"end":{"line":265,"column":12}},"148":{"start":{"line":266,"column":12},"end":{"line":271,"column":13}},"149":{"start":{"line":267,"column":16},"end":{"line":267,"column":16}},"150":{"start":{"line":270,"column":16},"end":{"line":270,"column":16}},"151":{"start":{"line":272,"column":12},"end":{"line":272,"column":12}},"152":{"start":{"line":273,"column":12},"end":{"line":280,"column":13}},"153":{"start":{"line":275,"column":16},"end":{"line":275,"column":16}},"154":{"start":{"line":278,"column":20},"end":{"line":278,"column":20}},"155":{"start":{"line":281,"column":12},"end":{"line":281,"column":12}},"156":{"start":{"line":285,"column":8},"end":{"line":285,"column":8}},"157":{"start":{"line":286,"column":8},"end":{"line":286,"column":8}},"158":{"start":{"line":287,"column":12},"end":{"line":287,"column":12}},"159":{"start":{"line":288,"column":12},"end":{"line":288,"column":12}},"160":{"start":{"line":289,"column":12},"end":{"line":289,"column":12}},"161":{"start":{"line":291,"column":16},"end":{"line":306,"column":17}},"162":{"start":{"line":292,"column":20},"end":{"line":292,"column":20}},"163":{"start":{"line":293,"column":20},"end":{"line":293,"column":20}},"164":{"start":{"line":295,"column":24},"end":{"line":295,"column":24}},"165":{"start":{"line":298,"column":24},"end":{"line":300,"column":25}},"166":{"start":{"line":299,"column":28},"end":{"line":299,"column":28}},"167":{"start":{"line":301,"column":24},"end":{"line":301,"column":24}},"168":{"start":{"line":305,"column":20},"end":{"line":305,"column":20}},"169":{"start":{"line":311,"column":8},"end":{"line":311,"column":8}},"170":{"start":{"line":314,"column":8},"end":{"line":316,"column":9}},"171":{"start":{"line":315,"column":12},"end":{"line":315,"column":12}},"172":{"start":{"line":317,"column":8},"end":{"line":317,"column":8}},"173":{"start":{"line":320,"column":0},"end":{"line":320,"column":0}},"174":{"start":{"line":322,"column":0},"end":{"line":322,"column":0}},"175":{"start":{"line":326,"column":0},"end":{"line":326,"column":0}},"176":{"start":{"line":327,"column":0},"end":{"line":327,"column":0}},"177":{"start":{"line":328,"column":0},"end":{"line":328,"column":0}},"178":{"start":{"line":329,"column":0},"end":{"line":329,"column":0}},"179":{"start":{"line":333,"column":0},"end":{"line":333,"column":0}},"180":{"start":{"line":334,"column":0},"end":{"line":334,"column":0}},"181":{"start":{"line":335,"column":0},"end":{"line":335,"column":0}},"182":{"start":{"line":336,"column":0},"end":{"line":336,"column":0}}},"branchMap":{"1":{"line":31,"type":"binary-expr","locations":[{"start":{"line":30,"column":39},"end":{"line":30,"column":39}},{"start":{"line":30,"column":66},"end":{"line":30,"column":8}}]},"2":{"line":35,"type":"binary-expr","locations":[{"start":{"line":34,"column":15},"end":{"line":34,"column":15}},{"start":{"line":34,"column":36},"end":{"line":34,"column":8}}]},"3":{"line":51,"type":"if","locations":[{"start":{"line":50,"column":8},"end":{"line":50,"column":8}},{"start":{"line":50,"column":8},"end":{"line":50,"column":8}}]},"4":{"line":55,"type":"if","locations":[{"start":{"line":55,"column":12},"end":{"line":55,"column":12}},{"start":{"line":55,"column":12},"end":{"line":55,"column":12}}]},"5":{"line":59,"type":"if","locations":[{"start":{"line":59,"column":12},"end":{"line":59,"column":12}},{"start":{"line":59,"column":12},"end":{"line":59,"column":12}}]},"6":{"line":78,"type":"if","locations":[{"start":{"line":81,"column":12},"end":{"line":81,"column":12}},{"start":{"line":81,"column":12},"end":{"line":81,"column":12}}]},"7":{"line":94,"type":"cond-expr","locations":[{"start":{"line":100,"column":76},"end":{"line":100,"column":34}},{"start":{"line":100,"column":85},"end":{"line":100,"column":85}}]},"8":{"line":109,"type":"if","locations":[{"start":{"line":117,"column":12},"end":{"line":117,"column":12}},{"start":{"line":117,"column":12},"end":{"line":117,"column":12}}]},"9":{"line":114,"type":"if","locations":[{"start":{"line":123,"column":16},"end":{"line":123,"column":16}},{"start":{"line":123,"column":16},"end":{"line":123,"column":16}}]},"10":{"line":123,"type":"if","locations":[{"start":{"line":133,"column":12},"end":{"line":133,"column":12}},{"start":{"line":133,"column":12},"end":{"line":133,"column":12}}]},"11":{"line":124,"type":"if","locations":[{"start":{"line":134,"column":16},"end":{"line":134,"column":16}},{"start":{"line":134,"column":16},"end":{"line":134,"column":16}}]},"12":{"line":125,"type":"if","locations":[{"start":{"line":135,"column":20},"end":{"line":135,"column":20}},{"start":{"line":135,"column":20},"end":{"line":135,"column":20}}]},"13":{"line":132,"type":"if","locations":[{"start":{"line":143,"column":16},"end":{"line":143,"column":16}},{"start":{"line":143,"column":16},"end":{"line":143,"column":16}}]},"14":{"line":143,"type":"if","locations":[{"start":{"line":154,"column":8},"end":{"line":154,"column":8}},{"start":{"line":154,"column":8},"end":{"line":154,"column":8}}]},"15":{"line":143,"type":"binary-expr","locations":[{"start":{"line":154,"column":12},"end":{"line":154,"column":12}},{"start":{"line":154,"column":25},"end":{"line":154,"column":8}}]},"16":{"line":147,"type":"if","locations":[{"start":{"line":159,"column":12},"end":{"line":159,"column":12}},{"start":{"line":159,"column":12},"end":{"line":159,"column":12}}]},"17":{"line":148,"type":"if","locations":[{"start":{"line":160,"column":16},"end":{"line":160,"column":16}},{"start":{"line":160,"column":16},"end":{"line":160,"column":16}}]},"18":{"line":158,"type":"if","locations":[{"start":{"line":172,"column":12},"end":{"line":172,"column":12}},{"start":{"line":172,"column":12},"end":{"line":172,"column":12}}]},"19":{"line":166,"type":"if","locations":[{"start":{"line":181,"column":8},"end":{"line":181,"column":8}},{"start":{"line":181,"column":8},"end":{"line":181,"column":8}}]},"20":{"line":170,"type":"if","locations":[{"start":{"line":186,"column":12},"end":{"line":186,"column":12}},{"start":{"line":186,"column":12},"end":{"line":186,"column":12}}]},"21":{"line":177,"type":"if","locations":[{"start":{"line":194,"column":16},"end":{"line":194,"column":16}},{"start":{"line":194,"column":16},"end":{"line":194,"column":16}}]},"22":{"line":179,"type":"if","locations":[{"start":{"line":197,"column":21},"end":{"line":197,"column":21}},{"start":{"line":197,"column":21},"end":{"line":197,"column":21}}]},"23":{"line":211,"type":"if","locations":[{"start":{"line":233,"column":12},"end":{"line":233,"column":12}},{"start":{"line":233,"column":12},"end":{"line":233,"column":12}}]},"24":{"line":222,"type":"cond-expr","locations":[{"start":{"line":246,"column":18},"end":{"line":245,"column":92}},{"start":{"line":247,"column":18},"end":{"line":245,"column":53}}]},"25":{"line":239,"type":"if","locations":[{"start":{"line":266,"column":12},"end":{"line":266,"column":12}},{"start":{"line":266,"column":12},"end":{"line":266,"column":12}}]},"26":{"line":245,"type":"if","locations":[{"start":{"line":273,"column":12},"end":{"line":273,"column":12}},{"start":{"line":273,"column":12},"end":{"line":273,"column":12}}]},"27":{"line":261,"type":"if","locations":[{"start":{"line":291,"column":16},"end":{"line":291,"column":16}},{"start":{"line":291,"column":16},"end":{"line":291,"column":16}}]},"28":{"line":266,"type":"if","locations":[{"start":{"line":298,"column":24},"end":{"line":298,"column":24}},{"start":{"line":298,"column":24},"end":{"line":298,"column":24}}]},"29":{"line":281,"type":"if","locations":[{"start":{"line":314,"column":8},"end":{"line":314,"column":8}},{"start":{"line":314,"column":8},"end":{"line":314,"column":8}}]}},"l":{"4":0,"5":0,"6":0,"7":0,"8":0,"9":0,"10":0,"11":0,"12":0,"13":0,"14":0,"15":0,"16":0,"17":0,"18":0,"19":0,"20":0,"21":0,"22":0,"25":0,"26":0,"27":0,"28":0,"29":0,"30":0,"31":0,"34":0,"37":0,"40":0,"43":0,"46":0,"49":0,"50":0,"51":0,"53":0,"55":0,"56":0,"59":0,"60":0,"62":0,"64":0,"65":0,"67":0,"70":0,"71":0,"76":0,"77":0,"78":0,"79":0,"81":0,"82":0,"84":0,"85":0,"87":0,"88":0,"91":0,"97":0,"98":0,"102":0,"105":0,"106":0,"107":0,"108":0,"109":0,"113":0,"116":0,"117":0,"118":0,"119":0,"122":0,"123":0,"124":0,"130":0,"131":0,"133":0,"134":0,"135":0,"136":0,"138":0,"140":0,"143":0,"144":0,"146":0,"149":0,"150":0,"154":0,"155":0,"157":0,"159":0,"160":0,"161":0,"162":0,"164":0,"167":0,"168":0,"172":0,"173":0,"176":0,"181":0,"182":0,"184":0,"186":0,"187":0,"189":0,"190":0,"191":0,"193":0,"194":0,"195":0,"197":0,"198":0,"201":0,"202":0,"204":0,"205":0,"206":0,"208":0,"218":0,"219":0,"221":0,"223":0,"227":0,"228":0,"231":0,"232":0,"233":0,"234":0,"237":0,"239":0,"240":0,"241":0,"244":0,"245":0,"250":0,"254":0,"255":0,"257":0,"259":0,"261":0,"262":0,"264":0,"265":0,"266":0,"267":0,"270":0,"272":0,"273":0,"275":0,"278":0,"281":0,"285":0,"286":0,"287":0,"288":0,"289":0,"291":0,"292":0,"293":0,"295":0,"298":0,"299":0,"301":0,"305":0,"311":0,"314":0,"315":0,"317":0,"320":0,"322":0,"326":0,"327":0,"328":0,"329":0,"333":0,"334":0,"335":0,"336":0}},
"d:\\a\\1\\s\\src\\common\\packagerStatus.js":{"path":"d:\\a\\1\\s\\src\\common\\packagerStatus.js","s":{"1":0,"2":0,"3":0,"4":1,"5":0,"6":0,"7":0,"8":0,"9":0},"b":{"1":[0,0]},"f":{"1":0},"fnMap":{"1":{"name":"ensurePackagerRunning","line":8,"loc":{"start":{"line":7,"column":0},"end":{"line":7,"column":69}}}},"statementMap":{"1":{"start":{"line":4,"column":0},"end":{"line":4,"column":0}},"2":{"start":{"line":5,"column":0},"end":{"line":5,"column":0}},"3":{"start":{"line":6,"column":0},"end":{"line":6,"column":0}},"4":{"start":{"line":7,"column":0},"end":{"line":18,"column":1}},"5":{"start":{"line":8,"column":4},"end":{"line":8,"column":4}},"6":{"start":{"line":9,"column":4},"end":{"line":9,"column":4}},"7":{"start":{"line":11,"column":8},"end":{"line":11,"column":8}},"8":{"start":{"line":16,"column":8},"end":{"line":16,"column":8}},"9":{"start":{"line":19,"column":0},"end":{"line":19,"column":0}}},"branchMap":{"1":{"line":11,"type":"cond-expr","locations":[{"start":{"line":12,"column":12},"end":{"line":11,"column":15}},{"start":{"line":13,"column":12},"end":{"line":11,"column":8}}]}},"l":{"4":0,"5":0,"6":0,"7":1,"8":0,"9":0,"11":0,"16":0,"19":0}},
"d:\\a\\1\\s\\src\\common\\reactNativeProjectHelper.js":{"path":"d:\\a\\1\\s\\src\\common\\reactNativeProjectHelper.js","s":{"1":0,"2":0,"3":0,"4":0,"5":0,"6":0,"7":0,"8":0,"9":0,"10":0,"11":0,"12":0,"13":0,"14":0,"15":0,"16":0,"17":0},"b":{"1":[0,0],"2":[0,0],"3":[0,0],"4":[0,0],"5":[0,0]},"f":{"1":0,"2":0,"3":0,"4":0},"fnMap":{"1":{"name":"(anonymous_1)","line":11,"loc":{"start":{"line":10,"column":4},"end":{"line":10,"column":49}}},"2":{"name":"(anonymous_2)","line":15,"loc":{"start":{"line":14,"column":4},"end":{"line":14,"column":46}}},"3":{"name":"(anonymous_3)","line":22,"loc":{"start":{"line":21,"column":4},"end":{"line":21,"column":45}}},"4":{"name":"(anonymous_4)","line":30,"loc":{"start":{"line":30,"column":4},"end":{"line":30,"column":38}}}},"statementMap":{"1":{"start":{"line":4,"column":0},"end":{"line":4,"column":0}},"2":{"start":{"line":5,"column":0},"end":{"line":5,"column":0}},"3":{"start":{"line":6,"column":0},"end":{"line":6,"column":0}},"4":{"start":{"line":7,"column":0},"end":{"line":7,"column":0}},"5":{"start":{"line":8,"column":0},"end":{"line":8,"column":0}},"6":{"start":{"line":12,"column":8},"end":{"line":12,"column":8}},"7":{"start":{"line":15,"column":8},"end":{"line":15,"column":8}},"8":{"start":{"line":22,"column":8},"end":{"line":24,"column":9}},"9":{"start":{"line":23,"column":12},"end":{"line":23,"column":12}},"10":{"start":{"line":25,"column":8},"end":{"line":25,"column":8}},"11":{"start":{"line":27,"column":12},"end":{"line":27,"column":12}},"12":{"start":{"line":31,"column":8},"end":{"line":33,"column":9}},"13":{"start":{"line":32,"column":12},"end":{"line":32,"column":12}},"14":{"start":{"line":34,"column":8},"end":{"line":34,"column":8}},"15":{"start":{"line":35,"column":8},"end":{"line":35,"column":8}},"16":{"start":{"line":36,"column":8},"end":{"line":36,"column":8}},"17":{"start":{"line":39,"column":0},"end":{"line":39,"column":0}}},"branchMap":{"1":{"line":23,"type":"if","locations":[{"start":{"line":22,"column":8},"end":{"line":22,"column":8}},{"start":{"line":22,"column":8},"end":{"line":22,"column":8}}]},"2":{"line":23,"type":"binary-expr","locations":[{"start":{"line":22,"column":12},"end":{"line":22,"column":12}},{"start":{"line":22,"column":28},"end":{"line":22,"column":8}}]},"3":{"line":31,"type":"if","locations":[{"start":{"line":31,"column":8},"end":{"line":31,"column":8}},{"start":{"line":31,"column":8},"end":{"line":31,"column":8}}]},"4":{"line":31,"type":"binary-expr","locations":[{"start":{"line":31,"column":12},"end":{"line":31,"column":12}},{"start":{"line":31,"column":28},"end":{"line":31,"column":8}}]},"5":{"line":35,"type":"binary-expr","locations":[{"start":{"line":35,"column":28},"end":{"line":35,"column":28}},{"start":{"line":35,"column":59},"end":{"line":35,"column":8}}]}},"l":{"4":0,"5":0,"6":0,"7":0,"8":0,"12":0,"15":0,"22":0,"23":0,"25":0,"27":0,"31":0,"32":0,"34":0,"35":0,"36":0,"39":0}},
"d:\\a\\1\\s\\src\\common\\remoteExtension.js":{"path":"d:\\a\\1\\s\\src\\common\\remoteExtension.js","s":{"1":0,"2":0,"3":0,"4":0,"5":0,"6":0,"7":0,"8":0,"9":0,"10":0,"11":0,"12":0,"13":0,"14":0,"15":0,"16":0,"17":0,"18":0,"19":0,"20":0,"21":0,"22":0,"23":0},"b":{},"f":{"1":0,"2":0,"3":0,"4":0,"5":0,"6":0,"7":0,"8":0,"9":0,"10":0,"11":0},"fnMap":{"1":{"name":"(anonymous_1)","line":10,"loc":{"start":{"line":9,"column":4},"end":{"line":9,"column":22}}},"2":{"name":"(anonymous_2)","line":13,"loc":{"start":{"line":12,"column":4},"end":{"line":12,"column":46}}},"3":{"name":"(anonymous_3)","line":22,"loc":{"start":{"line":21,"column":4},"end":{"line":21,"column":14}}},"4":{"name":"(anonymous_4)","line":25,"loc":{"start":{"line":24,"column":4},"end":{"line":24,"column":27}}},"5":{"name":"(anonymous_5)","line":28,"loc":{"start":{"line":27,"column":4},"end":{"line":27,"column":108}}},"6":{"name":"(anonymous_6)","line":39,"loc":{"start":{"line":38,"column":4},"end":{"line":38,"column":45}}},"7":{"name":"(anonymous_7)","line":46,"loc":{"start":{"line":45,"column":4},"end":{"line":45,"column":33}}},"8":{"name":"(anonymous_8)","line":49,"loc":{"start":{"line":48,"column":4},"end":{"line":48,"column":40}}},"9":{"name":"(anonymous_9)","line":52,"loc":{"start":{"line":51,"column":4},"end":{"line":51,"column":20}}},"10":{"name":"(anonymous_10)","line":55,"loc":{"start":{"line":54,"column":4},"end":{"line":54,"column":26}}},"11":{"name":"(anonymous_11)","line":58,"loc":{"start":{"line":57,"column":4},"end":{"line":57,"column":24}}}},"statementMap":{"1":{"start":{"line":4,"column":0},"end":{"line":4,"column":0}},"2":{"start":{"line":5,"column":0},"end":{"line":5,"column":0}},"3":{"start":{"line":6,"column":0},"end":{"line":6,"column":0}},"4":{"start":{"line":7,"column":0},"end":{"line":7,"column":0}},"5":{"start":{"line":10,"column":8},"end":{"line":10,"column":8}},"6":{"start":{"line":13,"column":8},"end":{"line":13,"column":8}},"7":{"start":{"line":14,"column":8},"end":{"line":14,"column":8}},"8":{"start":{"line":15,"column":8},"end":{"line":15,"column":8}},"9":{"start":{"line":16,"column":12},"end":{"line":16,"column":12}},"10":{"start":{"line":18,"column":8},"end":{"line":18,"column":8}},"11":{"start":{"line":19,"column":8},"end":{"line":19,"column":8}},"12":{"start":{"line":22,"column":8},"end":{"line":22,"column":8}},"13":{"start":{"line":25,"column":8},"end":{"line":25,"column":8}},"14":{"start":{"line":28,"column":8},"end":{"line":28,"column":8}},"15":{"start":{"line":36,"column":8},"end":{"line":36,"column":8}},"16":{"start":{"line":39,"column":8},"end":{"line":39,"column":8}},"17":{"start":{"line":43,"column":8},"end":{"line":43,"column":8}},"18":{"start":{"line":46,"column":8},"end":{"line":46,"column":8}},"19":{"start":{"line":49,"column":8},"end":{"line":49,"column":8}},"20":{"start":{"line":52,"column":8},"end":{"line":52,"column":8}},"21":{"start":{"line":55,"column":8},"end":{"line":55,"column":8}},"22":{"start":{"line":58,"column":8},"end":{"line":58,"column":8}},"23":{"start":{"line":61,"column":0},"end":{"line":61,"column":0}}},"branchMap":{},"l":{"4":0,"5":0,"6":0,"7":0,"10":0,"13":0,"14":0,"15":0,"16":0,"18":0,"19":0,"22":0,"25":0,"28":0,"36":0,"39":0,"43":0,"46":0,"49":0,"52":0,"55":0,"58":0,"61":0}},
"d:\\a\\1\\s\\src\\common\\targetPlatformHelper.js":{"path":"d:\\a\\1\\s\\src\\common\\targetPlatformHelper.js","s":{"1":0,"2":0,"3":0,"4":0,"5":0,"6":0,"7":0,"8":0,"9":0,"10":0,"11":0,"12":0,"13":0,"14":0,"15":0,"16":0,"17":0,"18":0,"19":0,"20":0,"21":0,"22":0,"23":0},"b":{"1":[0,0],"2":[0,0,0,0,0,0],"3":[0,0]},"f":{"1":0,"2":0,"3":0},"fnMap":{"1":{"name":"(anonymous_1)","line":14,"loc":{"start":{"line":13,"column":1},"end":{"line":13,"column":29}}},"2":{"name":"(anonymous_2)","line":24,"loc":{"start":{"line":23,"column":4},"end":{"line":23,"column":45}}},"3":{"name":"(anonymous_3)","line":42,"loc":{"start":{"line":41,"column":4},"end":{"line":41,"column":52}}}},"statementMap":{"1":{"start":{"line":4,"column":0},"end":{"line":4,"column":0}},"2":{"start":{"line":5,"column":0},"end":{"line":5,"column":0}},"3":{"start":{"line":6,"column":0},"end":{"line":6,"column":0}},"4":{"start":{"line":7,"column":0},"end":{"line":7,"column":0}},"5":{"start":{"line":8,"column":0},"end":{"line":8,"column":0}},"6":{"start":{"line":12,"column":0},"end":{"line":12,"column":0}},"7":{"start":{"line":13,"column":0},"end":{"line":13,"column":0}},"8":{"start":{"line":14,"column":4},"end":{"line":14,"column":4}},"9":{"start":{"line":15,"column":4},"end":{"line":15,"column":4}},"10":{"start":{"line":16,"column":4},"end":{"line":16,"column":4}},"11":{"start":{"line":17,"column":4},"end":{"line":17,"column":4}},"12":{"start":{"line":24,"column":8},"end":{"line":24,"column":8}},"13":{"start":{"line":26,"column":16},"end":{"line":26,"column":16}},"14":{"start":{"line":28,"column":16},"end":{"line":28,"column":16}},"15":{"start":{"line":30,"column":16},"end":{"line":30,"column":16}},"16":{"start":{"line":33,"column":16},"end":{"line":33,"column":16}},"17":{"start":{"line":35,"column":16},"end":{"line":35,"column":16}},"18":{"start":{"line":42,"column":8},"end":{"line":42,"column":8}},"19":{"start":{"line":43,"column":8},"end":{"line":51,"column":9}},"20":{"start":{"line":44,"column":12},"end":{"line":46,"column":13}},"21":{"start":{"line":45,"column":16},"end":{"line":45,"column":16}},"22":{"start":{"line":50,"column":12},"end":{"line":50,"column":12}},"23":{"start":{"line":54,"column":0},"end":{"line":54,"column":0}}},"branchMap":{"1":{"line":19,"type":"binary-expr","locations":[{"start":{"line":18,"column":22},"end":{"line":18,"column":22}},{"start":{"line":18,"column":51},"end":{"line":18,"column":22}}]},"2":{"line":25,"type":"switch","locations":[{"start":{"line":25,"column":12},"end":{"line":26,"column":16}},{"start":{"line":27,"column":12},"end":{"line":28,"column":16}},{"start":{"line":29,"column":12},"end":{"line":30,"column":16}},{"start":{"line":31,"column":12},"end":{"line":31,"column":12}},{"start":{"line":32,"column":12},"end":{"line":33,"column":16}},{"start":{"line":34,"column":12},"end":{"line":35,"column":16}}]},"3":{"line":45,"type":"if","locations":[{"start":{"line":44,"column":12},"end":{"line":44,"column":12}},{"start":{"line":44,"column":12},"end":{"line":44,"column":12}}]}},"l":{"4":0,"5":0,"6":0,"7":0,"8":0,"12":0,"13":0,"14":0,"15":0,"16":0,"17":0,"24":0,"26":0,"28":0,"30":0,"33":0,"35":0,"42":0,"43":0,"44":0,"45":0,"50":0,"54":0}},
"d:\\a\\1\\s\\src\\common\\telemetry.js":{"path":"d:\\a\\1\\s\\src\\common\\telemetry.js","s":{"1":0,"2":0,"3":0,"4":0,"5":0,"6":0,"7":0,"8":0,"9":0,"10":0,"11":0,"12":0,"13":0,"14":0,"15":0,"16":0,"17":0,"18":0,"19":0,"20":0,"21":0,"22":0,"23":0,"24":0,"25":0,"26":0,"27":0,"28":0,"29":0,"30":0,"31":0,"32":0,"33":0,"34":0,"35":0,"36":0,"37":0,"38":0,"39":0,"40":0,"41":0,"42":1,"43":0,"44":0,"45":0,"46":0,"47":0,"48":1,"49":0,"50":0,"51":0,"52":0,"53":0,"54":0,"55":0,"56":0,"57":0,"58":0,"59":0,"60":0,"61":0,"62":0,"63":0,"64":0,"65":0,"66":0,"67":0,"68":1,"69":0,"70":0,"71":0,"72":0,"73":0,"74":0,"75":0},"b":{"1":[0,0],"2":[0,0],"3":[0,0],"4":[0,0],"5":[0,0],"6":[0,0],"7":[0,0],"8":[0,0],"9":[0,0],"10":[0,0,0],"11":[0,0],"12":[0,0]},"f":{"1":0,"2":0,"3":0,"4":0,"5":0,"6":0,"7":0,"8":0,"9":0,"10":0,"11":0,"12":0,"13":0,"14":0,"15":0},"fnMap":{"1":{"name":"(anonymous_1)","line":14,"loc":{"start":{"line":13,"column":1},"end":{"line":13,"column":22}}},"2":{"name":"(anonymous_2)","line":18,"loc":{"start":{"line":17,"column":8},"end":{"line":17,"column":43}}},"3":{"name":"(anonymous_3)","line":22,"loc":{"start":{"line":21,"column":8},"end":{"line":21,"column":47}}},"4":{"name":"(anonymous_4)","line":28,"loc":{"start":{"line":27,"column":8},"end":{"line":27,"column":42}}},"5":{"name":"(anonymous_5)","line":38,"loc":{"start":{"line":37,"column":8},"end":{"line":37,"column":30}}},"6":{"name":"(anonymous_6)","line":50,"loc":{"start":{"line":50,"column":8},"end":{"line":50,"column":30}}},"7":{"name":"(anonymous_7)","line":63,"loc":{"start":{"line":63,"column":8},"end":{"line":63,"column":38}}},"8":{"name":"(anonymous_8)","line":67,"loc":{"start":{"line":67,"column":8},"end":{"line":67,"column":36}}},"9":{"name":"(anonymous_9)","line":81,"loc":{"start":{"line":81,"column":8},"end":{"line":81,"column":38}}},"10":{"name":"(anonymous_10)","line":85,"loc":{"start":{"line":85,"column":8},"end":{"line":85,"column":16}}},"11":{"name":"(anonymous_11)","line":88,"loc":{"start":{"line":88,"column":8},"end":{"line":88,"column":14}}},"12":{"name":"init","line":97,"loc":{"start":{"line":97,"column":4},"end":{"line":97,"column":59}}},"13":{"name":"send","line":106,"loc":{"start":{"line":107,"column":4},"end":{"line":107,"column":46}}},"14":{"name":"(anonymous_14)","line":115,"loc":{"start":{"line":116,"column":64},"end":{"line":116,"column":79}}},"15":{"name":"sendExtensionTelemetry","line":137,"loc":{"start":{"line":139,"column":4},"end":{"line":139,"column":116}}}},"statementMap":{"1":{"start":{"line":4,"column":0},"end":{"line":4,"column":0}},"2":{"start":{"line":5,"column":0},"end":{"line":5,"column":0}},"3":{"start":{"line":6,"column":0},"end":{"line":6,"column":0}},"4":{"start":{"line":7,"column":0},"end":{"line":7,"column":0}},"5":{"start":{"line":8,"column":0},"end":{"line":8,"column":0}},"6":{"start":{"line":12,"column":0},"end":{"line":12,"column":0}},"7":{"start":{"line":13,"column":0},"end":{"line":13,"column":0}},"8":{"start":{"line":14,"column":4},"end":{"line":14,"column":4}},"9":{"start":{"line":15,"column":4},"end":{"l
[...]
"d:\\a\\1\\s\\src\\extension\\log\\OutputChannelLogger.js":{"path":"d:\\a\\1\\s\\src\\extension\\log\\OutputChannelLogger.js","s":{"1":0,"2":0,"3":0,"4":0,"5":0,"6":0,"7":0,"8":0,"9":0,"10":0,"11":0,"12":0,"13":0,"14":0,"15":0,"16":0,"17":0,"18":0,"19":0,"20":0,"21":0,"22":0,"23":0,"24":0,"25":0,"26":0,"27":0,"28":0,"29":0,"30":0,"31":0,"32":0,"33":0,"34":0,"35":0,"36":0,"37":0,"38":0,"39":0,"40":0,"41":0,"42":0,"43":0,"44":0,"45":0,"46":0,"47":0,"48":0,"49":0,"50":0,"51":0,"52":0,"53":0,"54":0,"55":0,"56":0,"57":0,"58":0,"59":0,"60":0,"61":0},"b":{"1":[0,0],"2":[0,0],"3":[0,0],"4":[0,0],"5":[0,0],"6":[0,0],"7":[0,0],"8":[0,0],"9":[0,0],"10":[0,0],"11":[0,0,0],"12":[0,0],"13":[0,0],"14":[0,0]},"f":{"1":0,"2":0,"3":0,"4":0,"5":0,"6":0,"7":0,"8":0,"9":0,"10":0,"11":0,"12":0,"13":0,"14":0,"15":0,"16":0},"fnMap":{"1":{"name":"(anonymous_1)","line":15,"loc":{"start":{"line":14,"column":4},"end":{"line":14,"column":66}}},"2":{"name":"(anonymous_2)","line":32,"loc":{"start":{"line":31,"column":4},"end":{"line":31,"column":39}}},"3":{"name":"(anonymous_3)","line":41,"loc":{"start":{"line":40,"column":4},"end":{"line":40,"column":28}}},"4":{"name":"(anonymous_4)","line":44,"loc":{"start":{"line":43,"column":4},"end":{"line":43,"column":56}}},"5":{"name":"(anonymous_5)","line":50,"loc":{"start":{"line":49,"column":4},"end":{"line":49,"column":24}}},"6":{"name":"(anonymous_6)","line":62,"loc":{"start":{"line":61,"column":4},"end":{"line":61,"column":18}}},"7":{"name":"(anonymous_7)","line":65,"loc":{"start":{"line":64,"column":4},"end":{"line":64,"column":39}}},"8":{"name":"(anonymous_8)","line":68,"loc":{"start":{"line":67,"column":4},"end":{"line":67,"column":48}}},"9":{"name":"(anonymous_9)","line":82,"loc":{"start":{"line":81,"column":4},"end":{"line":81,"column":19}}},"10":{"name":"(anonymous_10)","line":85,"loc":{"start":{"line":84,"column":4},"end":{"line":84,"column":20}}},"11":{"name":"(anonymous_11)","line":91,"loc":{"start":{"line":90,"column":4},"end":{"line":90,"column":27}}},"12":{"name":"(anonymous_12)","line":94,"loc":{"start":{"line":93,"column":4},"end":{"line":93,"column":47}}},"13":{"name":"(anonymous_13)","line":97,"loc":{"start":{"line":96,"column":4},"end":{"line":96,"column":23}}},"14":{"name":"(anonymous_14)","line":100,"loc":{"start":{"line":99,"column":4},"end":{"line":99,"column":12}}},"15":{"name":"(anonymous_15)","line":103,"loc":{"start":{"line":102,"column":4},"end":{"line":102,"column":18}}},"16":{"name":"(anonymous_16)","line":112,"loc":{"start":{"line":112,"column":4},"end":{"line":112,"column":25}}}},"statementMap":{"1":{"start":{"line":4,"column":0},"end":{"line":4,"column":0}},"2":{"start":{"line":8,"column":0},"end":{"line":8,"column":0}},"3":{"start":{"line":9,"column":0},"end":{"line":9,"column":0}},"4":{"start":{"line":10,"column":0},"end":{"line":10,"column":0}},"5":{"start":{"line":11,"column":0},"end":{"line":11,"column":0}},"6":{"start":{"line":12,"column":0},"end":{"line":12,"column":0}},"7":{"start":{"line":15,"column":8},"end":{"line":15,"column":8}},"8":{"start":{"line":16,"column":8},"end":{"line":16,"column":8}},"9":{"start":{"line":17,"column":8},"end":{"line":17,"column":8}},"10":{"start":{"line":18,"column":8},"end":{"line":25,"column":9}},"11":{"start":{"line":19,"column":12},"end":{"line":19,"column":12}},"12":{"start":{"line":20,"column":12},"end":{"line":20,"column":12}},"13":{"start":{"line":21,"column":12},"end":{"line":21,"column":12}},"14":{"start":{"line":22,"column":12},"end":{"line":22,"column":12}},"15":{"start":{"line":23,"column":16},"end":{"line":23,"column":16}},"16":{"start":{"line":26,"column":8},"end":{"line":29,"column":9}},"17":{"start":{"line":27,"column":12},"end":{"line":27,"column":12}},"18":{"start":{"line":28,"column":12},"end":{"line":28,"column":12}},"19":{"start":{"line":32,"column":8},"end":{"line":38,"column":9}},"20":{"start":{"line":33,"column":12},"end":{"line":33,"column":12}},"21":{"start":{"line":34,"column":12},"end":{"line":36,"column":13}},"22":{"start":{"line":35,"column":16},"end":{"line":35,"column":16}},"23":{"start":{"line":37,"column":12},"end":{"line":37,"column":12}},"24":{"start":{"line":41,"column":8},"end":{"line":41,"column":8}},"25":{"start":{"line":44,"column":8},"end":{"line":46,"column":9}},"26":{"start":{"line":45,"column":12},"end":{"line":45,"column":12}},"27":{"start":{"line":47,"column":8},"end":{"line":47,"column":8}},"28":{"start":{"line":50,"column":8},"end":{"line":52,"column":9}},"29":{"start":{"line":51,"column":12},"end":{"line":51,"column":12}},"30":{"start":{"line":53,"column":8},"end":{"line":59,"column":9}},"31":{"start":{"line":54,"column":12},"end":{"line":54,"column":12}},"32":{"start":{"line":55,"column":12},"end":{"line":55,"column":12}},"33":{"start":{"line":56,"column":12},"end":{"line":58,"column":13}},"34":{"start":{"line":57,"column":16},"end":{"line":57,"column":16}},"35":{"start":{"line":62,"column":8},"end":{"line":62,"column":8}},"36":{"start":{"line":65,"column":8},"end":{"line":65,"column":8}},"37":{"start":{"line":68,"column":8},"end":{"line":68,"column":8}},"38":{"start":{"line":69,"column":8},"end":{"line":69,"column":8}},"39":{"start":{"line":70,"column":8},"end":{"line":72,"column":9}},"40":{"start":{"line":71,"column":12},"end":{"line":71,"column":12}},"41":{"start":{"line":74,"column":8},"end":{"line":79,"column":9}},"42":{"start":{"line":75,"column":12},"end":{"line":75,"column":12}},"43":{"start":{"line":76,"column":12},"end":{"line":78,"column":13}},"44":{"start":{"line":77,"column":16},"end":{"line":77,"column":16}},"45":{"start":{"line":82,"column":8},"end":{"line":82,"column":8}},"46":{"start":{"line":85,"column":8},"end":{"line":85,"column":8}},"47":{"start":{"line":86,"column":8},"end":{"line":88,"column":9}},"48":{"start":{"line":87,"column":12},"end":{"line":87,"column":12}},"49":{"start":{"line":91,"column":8},"end":{"line":91,"column":8}},"50":{"start":{"line":94,"column":8},"end":{"line":94,"column":8}},"51":{"start":{"line":97,"column":8},"end":{"line":97,"column":8}},"52":{"start":{"line":100,"column":8},"end":{"line":100,"column":8}},"53":{"start":{"line":103,"column":8},"end":{"line":110,"column":9}},"54":{"start":{"line":104,"column":12},"end":{"line":104,"column":12}},"55":{"start":{"line":107,"column":12},"end":{"line":107,"column":12}},"56":{"start":{"line":108,"column":12},"end":{"line":108,"column":12}},"57":{"start":{"line":109,"column":12},"end":{"line":109,"column":12}},"58":{"start":{"line":113,"column":8},"end":{"line":113,"column":8}},"59":{"start":{"line":116,"column":0},"end":{"line":116,"column":0}},"60":{"start":{"line":117,"column":0},"end":{"line":117,"column":0}},"61":{"start":{"line":118,"column":0},"end":{"line":118,"column":0}}},"branchMap":{"1":{"line":19,"type":"if","locations":[{"start":{"line":18,"column":8},"end":{"line":18,"column":8}},{"start":{"line":18,"column":8},"end":{"line":18,"column":8}}]},"2":{"line":27,"type":"if","locations":[{"start":{"line":26,"column":8},"end":{"line":26,"column":8}},{"start":{"line":26,"column":8},"end":{"line":26,"column":8}}]},"3":{"line":33,"type":"if","locations":[{"start":{"line":32,"column":8},"end":{"line":32,"column":8}},{"start":{"line":32,"column":8},"end":{"line":32,"column":8}}]},"4":{"line":35,"type":"if","locations":[{"start":{"line":34,"column":12},"end":{"line":34,"column":12}},{"start":{"line":34,"column":12},"end":{"line":34,"column":12}}]},"5":{"line":45,"type":"if","locations":[{"start":{"line":44,"column":8},"end":{"line":44,"column":8}},{"start":{"line":44,"column":8},"end":{"line":44,"column":8}}]},"6":{"line":51,"type":"if","locations":[{"start":{"line":50,"column":8},"end":{"line":50,"column":8}},{"start":{"line":50,"column":8},"end":{"line":50,"column":8}}]},"7":{"line":54,"type":"if","locations":[{"start":{"line":53,"column":8},"end":{"line":53,"column":8}},{"start":{"line":53,"column":8},"end":{"line":53,"column":8}}]},"8":{"line":57,"type":"if","locations":[{"start":{"line":56,"column":12},"end":{"line":56,"column":12}},{"start":{"line":56,"column":12},"end":{"line":56,"column":12}}]},"9":{"line":71,"type":"if","locations":[{"start":{"line":70,"column":8},"end":{"line":70,"column":8}},{"start":{"line":70,"column":8},"end":{"line":70,"column":8}}]},"10":{"line":75,"type":"if","locations":[{"start":{"line":74,"column":8},"end":{"line":74,"column":8}},{"start":{"line":74,"column":8},"end":{"line":74,"column":8}}]},"11":{"line":75,"type":"binary-expr","locations":[{"start":{"line":74,"column":12},"end":{"line":74,"column":12}},{"start":{"line":74,"column":24},"end":{"line":74,"column":12}},{"start":{"line":74,"column":33},"end":{"line":74,"column":8}}]},"12":{"line":77,"type":"if","locations":[{"start":{"line":76,"column":12},"end":{"line":76,"column":12}},{"start":{"line":76,"column":12},"end":{"line":76,"column":12}}]},"13":{"line":87,"type":"if","locations":[{"start":{"line":86,"column":8},"end":{"line":86,"column":8}},{"start":{"line":86,"column":8},"end":{"line":86,"column":8}}]},"14":{"line":104,"type":"if","locations":[{"start":{"line":103,"column":8},"end":{"line":103,"column":8}},{"start":{"line":103,"column":8},"end":{"line":103,"column":8}}]}},"l":{"4":0,"8":0,"9":0,"10":0,"11":0,"12":0,"15":0,"16":0,"17":0,"18":0,"19":0,"20":0,"21":0,"22":0,"23":0,"26":0,"27":0,"28":0,"32":0,"33":0,"34":0,"35":0,"37":0,"41":0,"44":0,"45":0,"47":0,"50":0,"51":0,"53":0,"54":0,"55":0,"56":0,"57":0,"62":0,"65":0,"68":0,"69":0,"70":0,"71":0,"74":0,"75":0,"76":0,"77":0,"82":0,"85":0,"86":0,"87":0,"91":0,"94":0,"97":0,"100":0,"103":0,"104":0,"107":0,"108":0,"109":0,"113":0,"116":0,"117":0,"118":0}},
"d:\\a\\1\\s\\src\\extension\\windows\\windowsPlatform.js":{"path":"d:\\a\\1\\s\\src\\extension\\windows\\windowsPlatform.js","s":{"1":0,"2":0,"3":0,"4":0,"5":0,"6":0,"7":0,"8":0,"9":0,"10":0,"11":0,"12":0,"13":0,"14":0,"15":0,"16":0,"17":0,"18":0,"19":0,"20":0,"21":0,"22":0,"23":0,"24":0,"25":0,"26":0,"27":0,"28":0,"29":0,"30":0,"31":0,"32":0,"33":0,"34":0,"35":0},"b":{"1":[0,0],"2":[0,0],"3":[0,0],"4":[0,0],"5":[0,0],"6":[0,0],"7":[0,0]},"f":{"1":0,"2":0,"3":0,"4":0},"fnMap":{"1":{"name":"(anonymous_1)","line":18,"loc":{"start":{"line":17,"column":4},"end":{"line":17,"column":47}}},"2":{"name":"(anonymous_2)","line":22,"loc":{"start":{"line":21,"column":4},"end":{"line":21,"column":31}}},"3":{"name":"(anonymous_3)","line":43,"loc":{"start":{"line":44,"column":4},"end":{"line":44,"column":25}}},"4":{"name":"(anonymous_4)","line":46,"loc":{"start":{"line":47,"column":4},"end":{"line":47,"column":22}}}},"statementMap":{"1":{"start":{"line":4,"column":0},"end":{"line":4,"column":0}},"2":{"start":{"line":5,"column":0},"end":{"line":5,"column":0}},"3":{"start":{"line":6,"column":0},"end":{"line":6,"column":0}},"4":{"start":{"line":7,"column":0},"end":{"line":7,"column":0}},"5":{"start":{"line":8,"column":0},"end":{"line":8,"column":0}},"6":{"start":{"line":9,"column":0},"end":{"line":9,"column":0}},"7":{"start":{"line":10,"column":0},"end":{"line":10,"column":0}},"8":{"start":{"line":11,"column":0},"end":{"line":11,"column":0}},"9":{"start":{"line":12,"column":0},"end":{"line":12,"column":0}},"10":{"start":{"line":18,"column":8},"end":{"line":18,"column":8}},"11":{"start":{"line":19,"column":8},"end":{"line":19,"column":8}},"12":{"start":{"line":22,"column":8},"end":{"line":22,"column":8}},"13":{"start":{"line":28,"column":8},"end":{"line":28,"column":8}},"14":{"start":{"line":29,"column":12},"end":{"line":29,"column":12}},"15":{"start":{"line":30,"column":12},"end":{"line":32,"column":13}},"16":{"start":{"line":31,"column":16},"end":{"line":31,"column":16}},"17":{"start":{"line":33,"column":12},"end":{"line":33,"column":12}},"18":{"start":{"line":35,"column":16},"end":{"line":37,"column":17}},"19":{"start":{"line":36,"column":20},"end":{"line":36,"column":20}},"20":{"start":{"line":38,"column":16},"end":{"line":38,"column":16}},"21":{"start":{"line":39,"column":16},"end":{"line":39,"column":16}},"22":{"start":{"line":39,"column":65},"end":{"line":39,"column":23}},"23":{"start":{"line":39,"column":108},"end":{"line":39,"column":23}},"24":{"start":{"line":45,"column":8},"end":{"line":45,"column":8}},"25":{"start":{"line":48,"column":8},"end":{"line":48,"column":8}},"26":{"start":{"line":49,"column":8},"end":{"line":57,"column":9}},"27":{"start":{"line":50,"column":12},"end":{"line":50,"column":12}},"28":{"start":{"line":53,"column":12},"end":{"line":53,"column":12}},"29":{"start":{"line":54,"column":12},"end":{"line":56,"column":13}},"30":{"start":{"line":55,"column":16},"end":{"line":55,"column":16}},"31":{"start":{"line":58,"column":8},"end":{"line":58,"column":8}},"32":{"start":{"line":61,"column":0},"end":{"line":61,"column":0}},"33":{"start":{"line":62,"column":0},"end":{"line":62,"column":0}},"34":{"start":{"line":66,"column":0},"end":{"line":66,"column":0}},"35":{"start":{"line":72,"column":0},"end":{"line":72,"column":0}}},"branchMap":{"1":{"line":31,"type":"if","locations":[{"start":{"line":30,"column":12},"end":{"line":30,"column":12}},{"start":{"line":30,"column":12},"end":{"line":30,"column":12}}]},"2":{"line":35,"type":"if","locations":[{"start":{"line":35,"column":16},"end":{"line":35,"column":16}},{"start":{"line":35,"column":16},"end":{"line":35,"column":16}}]},"3":{"line":35,"type":"binary-expr","locations":[{"start":{"line":35,"column":20},"end":{"line":35,"column":20}},{"start":{"line":35,"column":101},"end":{"line":35,"column":16}}]},"4":{"line":48,"type":"if","locations":[{"start":{"line":49,"column":8},"end":{"line":49,"column":8}},{"start":{"line":49,"column":8},"end":{"line":49,"column":8}}]},"5":{"line":48,"type":"binary-expr","locations":[{"start":{"line":49,"column":12},"end":{"line":49,"column":12}},{"start":{"line":49,"column":44},"end":{"line":49,"column":8}}]},"6":{"line":51,"type":"cond-expr","locations":[{"start":{"line":53,"column":86},"end":{"line":53,"column":25}},{"start":{"line":53,"column":91},"end":{"line":53,"column":12}}]},"7":{"line":52,"type":"if","locations":[{"start":{"line":54,"column":12},"end":{"line":54,"column":12}},{"start":{"line":54,"column":12},"end":{"line":54,"column":12}}]}},"l":{"4":0,"5":0,"6":0,"7":0,"8":0,"9":0,"10":0,"11":0,"12":0,"18":0,"19":0,"22":0,"28":0,"29":0,"30":0,"31":0,"33":0,"35":0,"36":0,"38":0,"39":0,"45":0,"48":0,"49":0,"50":0,"53":0,"54":0,"55":0,"58":0,"61":0,"62":0,"66":0,"72":0}},
"d:\\a\\1\\s\\src\\extension\\windows\\wpfPlatform.js":{"path":"d:\\a\\1\\s\\src\\extension\\windows\\wpfPlatform.js","s":{"1":0,"2":0,"3":0,"4":0,"5":0,"6":0,"7":0,"8":0,"9":0,"10":0,"11":0,"12":0,"13":0,"14":0,"15":0,"16":0,"17":0,"18":0,"19":0,"20":0,"21":0,"22":0,"23":0,"24":0,"25":0,"26":0,"27":0,"28":0,"29":0,"30":0,"31":0,"32":0,"33":0,"34":0,"35":0,"36":0,"37":0,"38":0,"39":0,"40":0,"41":0},"b":{"1":[0,0],"2":[0,0],"3":[0,0],"4":[0,0],"5":[0,0],"6":[0,0],"7":[0,0]},"f":{"1":0,"2":0},"fnMap":{"1":{"name":"(anonymous_1)","line":19,"loc":{"start":{"line":18,"column":4},"end":{"line":18,"column":47}}},"2":{"name":"(anonymous_2)","line":23,"loc":{"start":{"line":22,"column":4},"end":{"line":22,"column":31}}}},"statementMap":{"1":{"start":{"line":4,"column":0},"end":{"line":4,"column":0}},"2":{"start":{"line":5,"column":0},"end":{"line":5,"column":0}},"3":{"start":{"line":6,"column":0},"end":{"line":6,"column":0}},"4":{"start":{"line":7,"column":0},"end":{"line":7,"column":0}},"5":{"start":{"line":8,"column":0},"end":{"line":8,"column":0}},"6":{"start":{"line":9,"column":0},"end":{"line":9,"column":0}},"7":{"start":{"line":10,"column":0},"end":{"line":10,"column":0}},"8":{"start":{"line":11,"column":0},"end":{"line":11,"column":0}},"9":{"start":{"line":12,"column":0},"end":{"line":12,"column":0}},"10":{"start":{"line":13,"column":0},"end":{"line":13,"column":0}},"11":{"start":{"line":19,"column":8},"end":{"line":19,"column":8}},"12":{"start":{"line":20,"column":8},"end":{"line":20,"column":8}},"13":{"start":{"line":23,"column":8},"end":{"line":23,"column":8}},"14":{"start":{"line":29,"column":8},"end":{"line":29,"column":8}},"15":{"start":{"line":30,"column":12},"end":{"line":30,"column":12}},"16":{"start":{"line":31,"column":12},"end":{"line":33,"column":13}},"17":{"start":{"line":32,"column":16},"end":{"line":32,"column":16}},"18":{"start":{"line":34,"column":12},"end":{"line":34,"column":12}},"19":{"start":{"line":36,"column":16},"end":{"line":38,"column":17}},"20":{"start":{"line":37,"column":20},"end":{"line":37,"column":20}},"21":{"start":{"line":39,"column":16},"end":{"line":41,"column":17}},"22":{"start":{"line":40,"column":20},"end":{"line":40,"column":20}},"23":{"start":{"line":42,"column":16},"end":{"line":42,"column":16}},"24":{"start":{"line":43,"column":16},"end":{"line":43,"column":16}},"25":{"start":{"line":44,"column":20},"end":{"line":44,"column":20}},"26":{"start":{"line":46,"column":20},"end":{"line":46,"column":20}},"27":{"start":{"line":48,"column":24},"end":{"line":48,"column":24}},"28":{"start":{"line":49,"column":24},"end":{"line":49,"column":24}},"29":{"start":{"line":50,"column":24},"end":{"line":50,"column":24}},"30":{"start":{"line":51,"column":24},"end":{"line":51,"column":24}},"31":{"start":{"line":52,"column":28},"end":{"line":52,"column":28}},"32":{"start":{"line":53,"column":28},"end":{"line":56,"column":29}},"33":{"start":{"line":54,"column":32},"end":{"line":54,"column":32}},"34":{"start":{"line":55,"column":32},"end":{"line":55,"column":32}},"35":{"start":{"line":58,"column":24},"end":{"line":58,"column":24}},"36":{"start":{"line":59,"column":28},"end":{"line":61,"column":29}},"37":{"start":{"line":60,"column":32},"end":{"line":60,"column":32}},"38":{"start":{"line":63,"column":24},"end":{"line":63,"column":24}},"39":{"start":{"line":64,"column":28},"end":{"line":63,"column":55}},"40":{"start":{"line":72,"column":0},"end":{"line":72,"column":0}},"41":{"start":{"line":73,"column":0},"end":{"line":73,"column":0}}},"branchMap":{"1":{"line":32,"type":"if","locations":[{"start":{"line":31,"column":12},"end":{"line":31,"column":12}},{"start":{"line":31,"column":12},"end":{"line":31,"column":12}}]},"2":{"line":36,"type":"if","locations":[{"start":{"line":36,"column":16},"end":{"line":36,"column":16}},{"start":{"line":36,"column":16},"end":{"line":36,"column":16}}]},"3":{"line":39,"type":"if","locations":[{"start":{"line":39,"column":16},"end":{"line":39,"column":16}},{"start":{"line":39,"column":16},"end":{"line":39,"column":16}}]},"4":{"line":39,"type":"binary-expr","locations":[{"start":{"line":39,"column":20},"end":{"line":39,"column":20}},{"start":{"line":39,"column":101},"end":{"line":39,"column":16}}]},"5":{"line":52,"type":"if","locations":[{"start":{"line":53,"column":28},"end":{"line":53,"column":28}},{"start":{"line":53,"column":28},"end":{"line":53,"column":28}}]},"6":{"line":52,"type":"binary-expr","locations":[{"start":{"line":53,"column":32},"end":{"line":53,"column":32}},{"start":{"line":53,"column":45},"end":{"line":53,"column":28}}]},"7":{"line":58,"type":"if","locations":[{"start":{"line":59,"column":28},"end":{"line":59,"column":28}},{"start":{"line":59,"column":28},"end":{"line":59,"column":28}}]}},"l":{"4":0,"5":0,"6":0,"7":0,"8":0,"9":0,"10":0,"11":0,"12":0,"13":0,"19":0,"20":0,"23":0,"29":0,"30":0,"31":0,"32":0,"34":0,"36":0,"37":0,"39":0,"40":0,"42":0,"43":0,"44":0,"46":0,"48":0,"49":0,"50":0,"51":0,"52":0,"53":0,"54":0,"55":0,"58":0,"59":0,"60":0,"63":0,"64":0,"72":0,"73":0}}}
